[2.089s] Invoking command in '/home/dai/ros2_study/ws01_plumbing/src/py01_topic': AMENT_PREFIX_PATH=/home/dai/ros2_study/ws01_plumbing/install/base_interfaces_demo:${AMENT_PREFIX_PATH} CMAKE_PREFIX_PATH=/home/dai/ros2_study/ws01_plumbing/install/base_interfaces_demo:${CMAKE_PREFIX_PATH} PYTHONPATH=/home/dai/ros2_study/ws01_plumbing/build/py01_topic/prefix_override:/usr/lib/python3/dist-packages/colcon_core/task/python/colcon_distutils_commands:/home/dai/ros2_study/ws01_plumbing/install/py01_topic/lib/python3.10/site-packages:${PYTHONPATH} /usr/bin/python3 -W ignore:setup.py install is deprecated setup.py egg_info --egg-base ../../build/py01_topic build --build-base /home/dai/ros2_study/ws01_plumbing/build/py01_topic/build install --record /home/dai/ros2_study/ws01_plumbing/build/py01_topic/install.log --single-version-externally-managed install_data
[2.503s] running egg_info
[2.505s] creating ../../build/py01_topic/py01_topic.egg-info
[2.505s] writing ../../build/py01_topic/py01_topic.egg-info/PKG-INFO
[2.506s] writing dependency_links to ../../build/py01_topic/py01_topic.egg-info/dependency_links.txt
[2.506s] writing entry points to ../../build/py01_topic/py01_topic.egg-info/entry_points.txt
[2.506s] writing requirements to ../../build/py01_topic/py01_topic.egg-info/requires.txt
[2.506s] writing top-level names to ../../build/py01_topic/py01_topic.egg-info/top_level.txt
[2.506s] writing manifest file '../../build/py01_topic/py01_topic.egg-info/SOURCES.txt'
[2.509s] reading manifest file '../../build/py01_topic/py01_topic.egg-info/SOURCES.txt'
[2.511s] writing manifest file '../../build/py01_topic/py01_topic.egg-info/SOURCES.txt'
[2.511s] running build
[2.511s] running build_py
[2.511s] creating /home/dai/ros2_study/ws01_plumbing/build/py01_topic/build
[2.511s] creating /home/dai/ros2_study/ws01_plumbing/build/py01_topic/build/lib
[2.512s] creating /home/dai/ros2_study/ws01_plumbing/build/py01_topic/build/lib/py01_topic
[2.512s] copying py01_topic/__init__.py -> /home/dai/ros2_study/ws01_plumbing/build/py01_topic/build/lib/py01_topic
[2.512s] copying py01_topic/demo01_talker_str.py -> /home/dai/ros2_study/ws01_plumbing/build/py01_topic/build/lib/py01_topic
[2.512s] running install
[2.512s] running install_lib
[2.513s] creating /home/dai/ros2_study/ws01_plumbing/install/py01_topic/lib/python3.10/site-packages/py01_topic
[2.513s] copying /home/dai/ros2_study/ws01_plumbing/build/py01_topic/build/lib/py01_topic/__init__.py -> /home/dai/ros2_study/ws01_plumbing/install/py01_topic/lib/python3.10/site-packages/py01_topic
[2.513s] copying /home/dai/ros2_study/ws01_plumbing/build/py01_topic/build/lib/py01_topic/demo01_talker_str.py -> /home/dai/ros2_study/ws01_plumbing/install/py01_topic/lib/python3.10/site-packages/py01_topic
[2.514s] byte-compiling /home/dai/ros2_study/ws01_plumbing/install/py01_topic/lib/python3.10/site-packages/py01_topic/__init__.py to __init__.cpython-310.pyc
[2.514s] byte-compiling /home/dai/ros2_study/ws01_plumbing/install/py01_topic/lib/python3.10/site-packages/py01_topic/demo01_talker_str.py to demo01_talker_str.cpython-310.pyc
[2.515s] running install_data
[2.515s] creating /home/dai/ros2_study/ws01_plumbing/install/py01_topic/share/ament_index
[2.515s] creating /home/dai/ros2_study/ws01_plumbing/install/py01_topic/share/ament_index/resource_index
[2.515s] creating /home/dai/ros2_study/ws01_plumbing/install/py01_topic/share/ament_index/resource_index/packages
[2.515s] copying resource/py01_topic -> /home/dai/ros2_study/ws01_plumbing/install/py01_topic/share/ament_index/resource_index/packages
[2.515s] copying package.xml -> /home/dai/ros2_study/ws01_plumbing/install/py01_topic/share/py01_topic
[2.515s] running install_egg_info
[2.520s] Copying ../../build/py01_topic/py01_topic.egg-info to /home/dai/ros2_study/ws01_plumbing/install/py01_topic/lib/python3.10/site-packages/py01_topic-0.0.0-py3.10.egg-info
[2.521s] running install_scripts
[2.571s] writing list of installed files to '/home/dai/ros2_study/ws01_plumbing/build/py01_topic/install.log'
[2.615s] Invoked command in '/home/dai/ros2_study/ws01_plumbing/src/py01_topic' returned '0': AMENT_PREFIX_PATH=/home/dai/ros2_study/ws01_plumbing/install/base_interfaces_demo:${AMENT_PREFIX_PATH} CMAKE_PREFIX_PATH=/home/dai/ros2_study/ws01_plumbing/install/base_interfaces_demo:${CMAKE_PREFIX_PATH} PYTHONPATH=/home/dai/ros2_study/ws01_plumbing/build/py01_topic/prefix_override:/usr/lib/python3/dist-packages/colcon_core/task/python/colcon_distutils_commands:/home/dai/ros2_study/ws01_plumbing/install/py01_topic/lib/python3.10/site-packages:${PYTHONPATH} /usr/bin/python3 -W ignore:setup.py install is deprecated setup.py egg_info --egg-base ../../build/py01_topic build --build-base /home/dai/ros2_study/ws01_plumbing/build/py01_topic/build install --record /home/dai/ros2_study/ws01_plumbing/build/py01_topic/install.log --single-version-externally-managed install_data
