In file included from [01m[K/opt/ros/humble/include/rclcpp/rclcpp/logging.hpp:24[m[K,
                 from [01m[K/opt/ros/humble/include/rclcpp/rclcpp/client.hpp:40[m[K,
                 from [01m[K/opt/ros/humble/include/rclcpp/rclcpp/callback_group.hpp:24[m[K,
                 from [01m[K/opt/ros/humble/include/rclcpp/rclcpp/any_executable.hpp:20[m[K,
                 from [01m[K/opt/ros/humble/include/rclcpp/rclcpp/memory_strategy.hpp:25[m[K,
                 from [01m[K/opt/ros/humble/include/rclcpp/rclcpp/memory_strategies.hpp:18[m[K,
                 from [01m[K/opt/ros/humble/include/rclcpp/rclcpp/executor_options.hpp:20[m[K,
                 from [01m[K/opt/ros/humble/include/rclcpp/rclcpp/executor.hpp:37[m[K,
                 from [01m[K/opt/ros/humble/include/rclcpp/rclcpp/executors/multi_threaded_executor.hpp:25[m[K,
                 from [01m[K/opt/ros/humble/include/rclcpp/rclcpp/executors.hpp:21[m[K,
                 from [01m[K/opt/ros/humble/include/rclcpp/rclcpp/rclcpp.hpp:155[m[K,
                 from [01m[K/home/dai/ros2_study/ws01_plumbing/src/cpp01_topic/src/demo04_listener_stu.cpp:14[m[K:
[01m[K/home/dai/ros2_study/ws01_plumbing/src/cpp01_topic/src/demo04_listener_stu.cpp:[m[K In member function ‘[01m[Kvoid ListenerStu::do_callback(const Student&)[m[K’:
[01m[K/home/dai/ros2_study/ws01_plumbing/src/cpp01_topic/src/demo04_listener_stu.cpp:28:41:[m[K [01;35m[Kwarning: [m[Kformat ‘[01m[K%s[m[K’ expects argument of type ‘[01m[Kchar*[m[K’, but argument 5 has type ‘[01m[Kconst _name_type[m[K’ {aka ‘[01m[Kconst std::__cxx11::basic_string<char>[m[K’} [[01;35m[K]8;;https://gcc.gnu.org/onlinedocs/gcc/Warning-Options.html#index-Wformat=-Wformat=]8;;[m[K]
   28 | ->get_logger(), [01;35m[K"订阅的学生信息：name = %s，age = %d，height = %2f"[m[K, stu.name, stu.age, stu.height);
      |                 [01;35m[K^~~~~~~~~~~~~~~~~~~~~~~~~~~~~~~~~~~~~~~~~~~~~~~~~~~[m[K

[01m[K/home/dai/ros2_study/ws01_plumbing/src/cpp01_topic/src/demo04_listener_stu.cpp:28:66:[m[K [01;36m[Knote: [m[Kformat string is defined here
   28 | 生信息：name = [01;36m[K%s[m[K，age = %d，height = %2f", stu.name, stu.age, stu.height);
      |                [01;36m[K~^[m[K
      |                 [01;36m[K|[m[K
      |                 [01;36m[Kchar*[m[K

