[0.044s] Invoking command in '/home/dai/ros2_study/ws01_plumbing/build/cpp01_topic': CMAKE_PREFIX_PATH=/home/dai/ros2_study/ws01_plumbing/install/base_interfaces_demo:/home/dai/ros2_study/ws01_plumbing/install/cpp01_topic:/home/dai/robotStudy_ws/install/pkg01_helloWorld_cpp:/home/dai/ros2_study/ws01_plumbing/install/py01_topic:/home/dai/robotStudy_ws/install/pkg01_helloWorld_python:/opt/ros/humble /usr/bin/cmake --build /home/dai/ros2_study/ws01_plumbing/build/cpp01_topic -- -j4 -l4
[0.114s] -- Found ament_cmake: 1.3.9 (/opt/ros/humble/share/ament_cmake/cmake)
[0.384s] -- Found rclcpp: 16.0.9 (/opt/ros/humble/share/rclcpp/cmake)
[0.507s] -- Found rosidl_generator_c: 3.1.5 (/opt/ros/humble/share/rosidl_generator_c/cmake)
[0.514s] -- Found rosidl_adapter: 3.1.5 (/opt/ros/humble/share/rosidl_adapter/cmake)
[0.530s] -- Found rosidl_generator_cpp: 3.1.5 (/opt/ros/humble/share/rosidl_generator_cpp/cmake)
[0.561s] -- Using all available rosidl_typesupport_c: rosidl_typesupport_fastrtps_c;rosidl_typesupport_introspection_c
[0.611s] -- Using all available rosidl_typesupport_cpp: rosidl_typesupport_fastrtps_cpp;rosidl_typesupport_introspection_cpp
[0.772s] -- Found rmw_implementation_cmake: 6.1.2 (/opt/ros/humble/share/rmw_implementation_cmake/cmake)
[0.777s] -- Found rmw_fastrtps_cpp: 6.2.6 (/opt/ros/humble/share/rmw_fastrtps_cpp/cmake)
[1.009s] -- Using RMW implementation 'rmw_fastrtps_cpp' as default
[1.370s] -- Found base_interfaces_demo: 0.0.0 (/home/dai/ros2_study/ws01_plumbing/install/base_interfaces_demo/share/base_interfaces_demo/cmake)
[1.379s] -- Found ament_lint_auto: 0.12.11 (/opt/ros/humble/share/ament_lint_auto/cmake)
[1.558s] -- Added test 'cppcheck' to perform static code analysis on C / C++ code
[1.558s] -- Configured cppcheck include dirs: $<BUILD_INTERFACE:/home/dai/ros2_study/ws01_plumbing/src/cpp01_topic/include>
[1.558s] -- Configured cppcheck exclude dirs and/or files: 
[1.558s] -- Added test 'lint_cmake' to check CMake code style
[1.558s] -- Added test 'uncrustify' to check C / C++ code style
[1.558s] -- Configured uncrustify additional arguments: 
[1.558s] -- Added test 'xmllint' to check XML markup files
[1.558s] -- Configuring done
[1.615s] -- Generating done
[1.624s] -- Build files have been written to: /home/dai/ros2_study/ws01_plumbing/build/cpp01_topic
[1.680s] [35m[1mConsolidate compiler generated dependencies of target demo01_talker_str[0m
[1.723s] [ 50%] [32mBuilding CXX object CMakeFiles/demo01_talker_str.dir/src/demo01_talker_str.cpp.o[0m
[1.798s] [100%] [32m[1mLinking CXX executable demo01_talker_str[0m
[1.978s] [100%] Built target demo01_talker_str
[1.996s] Invoked command in '/home/dai/ros2_study/ws01_plumbing/build/cpp01_topic' returned '0': CMAKE_PREFIX_PATH=/home/dai/ros2_study/ws01_plumbing/install/base_interfaces_demo:/home/dai/ros2_study/ws01_plumbing/install/cpp01_topic:/home/dai/robotStudy_ws/install/pkg01_helloWorld_cpp:/home/dai/ros2_study/ws01_plumbing/install/py01_topic:/home/dai/robotStudy_ws/install/pkg01_helloWorld_python:/opt/ros/humble /usr/bin/cmake --build /home/dai/ros2_study/ws01_plumbing/build/cpp01_topic -- -j4 -l4
[2.057s] Invoking command in '/home/dai/ros2_study/ws01_plumbing/build/cpp01_topic': CMAKE_PREFIX_PATH=/home/dai/ros2_study/ws01_plumbing/install/base_interfaces_demo:/home/dai/ros2_study/ws01_plumbing/install/cpp01_topic:/home/dai/robotStudy_ws/install/pkg01_helloWorld_cpp:/home/dai/ros2_study/ws01_plumbing/install/py01_topic:/home/dai/robotStudy_ws/install/pkg01_helloWorld_python:/opt/ros/humble /usr/bin/cmake --install /home/dai/ros2_study/ws01_plumbing/build/cpp01_topic
[2.071s] -- Install configuration: ""
[2.072s] -- Installing: /home/dai/ros2_study/ws01_plumbing/install/cpp01_topic/lib/cpp01_topic/demo01_talker_str
[2.073s] -- Set runtime path of "/home/dai/ros2_study/ws01_plumbing/install/cpp01_topic/lib/cpp01_topic/demo01_talker_str" to ""
[2.073s] -- Up-to-date: /home/dai/ros2_study/ws01_plumbing/install/cpp01_topic/share/ament_index/resource_index/package_run_dependencies/cpp01_topic
[2.074s] -- Installing: /home/dai/ros2_study/ws01_plumbing/install/cpp01_topic/share/ament_index/resource_index/parent_prefix_path/cpp01_topic
[2.075s] -- Up-to-date: /home/dai/ros2_study/ws01_plumbing/install/cpp01_topic/share/cpp01_topic/environment/ament_prefix_path.sh
[2.076s] -- Installing: /home/dai/ros2_study/ws01_plumbing/install/cpp01_topic/share/cpp01_topic/environment/ament_prefix_path.dsv
[2.078s] -- Up-to-date: /home/dai/ros2_study/ws01_plumbing/install/cpp01_topic/share/cpp01_topic/environment/path.sh
[2.079s] -- Installing: /home/dai/ros2_study/ws01_plumbing/install/cpp01_topic/share/cpp01_topic/environment/path.dsv
[2.080s] -- Up-to-date: /home/dai/ros2_study/ws01_plumbing/install/cpp01_topic/share/cpp01_topic/local_setup.bash
[2.081s] -- Up-to-date: /home/dai/ros2_study/ws01_plumbing/install/cpp01_topic/share/cpp01_topic/local_setup.sh
[2.083s] -- Up-to-date: /home/dai/ros2_study/ws01_plumbing/install/cpp01_topic/share/cpp01_topic/local_setup.zsh
[2.083s] -- Installing: /home/dai/ros2_study/ws01_plumbing/install/cpp01_topic/share/cpp01_topic/local_setup.dsv
[2.087s] -- Installing: /home/dai/ros2_study/ws01_plumbing/install/cpp01_topic/share/cpp01_topic/package.dsv
[2.089s] -- Up-to-date: /home/dai/ros2_study/ws01_plumbing/install/cpp01_topic/share/ament_index/resource_index/packages/cpp01_topic
[2.090s] -- Up-to-date: /home/dai/ros2_study/ws01_plumbing/install/cpp01_topic/share/cpp01_topic/cmake/cpp01_topicConfig.cmake
[2.092s] -- Up-to-date: /home/dai/ros2_study/ws01_plumbing/install/cpp01_topic/share/cpp01_topic/cmake/cpp01_topicConfig-version.cmake
[2.093s] -- Installing: /home/dai/ros2_study/ws01_plumbing/install/cpp01_topic/share/cpp01_topic/package.xml
[2.094s] Invoked command in '/home/dai/ros2_study/ws01_plumbing/build/cpp01_topic' returned '0': CMAKE_PREFIX_PATH=/home/dai/ros2_study/ws01_plumbing/install/base_interfaces_demo:/home/dai/ros2_study/ws01_plumbing/install/cpp01_topic:/home/dai/robotStudy_ws/install/pkg01_helloWorld_cpp:/home/dai/ros2_study/ws01_plumbing/install/py01_topic:/home/dai/robotStudy_ws/install/pkg01_helloWorld_python:/opt/ros/humble /usr/bin/cmake --install /home/dai/ros2_study/ws01_plumbing/build/cpp01_topic
