[1.202s] Invoking command in '/home/dai/ros2_study/ws01_plumbing/src/py01_topic': AMENT_PREFIX_PATH=/home/dai/ros2_study/ws01_plumbing/install/base_interfaces_demo:${AMENT_PREFIX_PATH} CMAKE_PREFIX_PATH=/home/dai/ros2_study/ws01_plumbing/install/base_interfaces_demo:${CMAKE_PREFIX_PATH} PYTHONPATH=/home/dai/ros2_study/ws01_plumbing/build/py01_topic/prefix_override:/usr/lib/python3/dist-packages/colcon_core/task/python/colcon_distutils_commands:/home/dai/ros2_study/ws01_plumbing/install/py01_topic/lib/python3.10/site-packages:${PYTHONPATH} /usr/bin/python3 -W ignore:setup.py install is deprecated setup.py egg_info --egg-base ../../build/py01_topic build --build-base /home/dai/ros2_study/ws01_plumbing/build/py01_topic/build install --record /home/dai/ros2_study/ws01_plumbing/build/py01_topic/install.log --single-version-externally-managed install_data
[1.718s] running egg_info
[1.719s] writing ../../build/py01_topic/py01_topic.egg-info/PKG-INFO
[1.720s] writing dependency_links to ../../build/py01_topic/py01_topic.egg-info/dependency_links.txt
[1.720s] writing entry points to ../../build/py01_topic/py01_topic.egg-info/entry_points.txt
[1.720s] writing requirements to ../../build/py01_topic/py01_topic.egg-info/requires.txt
[1.720s] writing top-level names to ../../build/py01_topic/py01_topic.egg-info/top_level.txt
[1.736s] reading manifest file '../../build/py01_topic/py01_topic.egg-info/SOURCES.txt'
[1.736s] writing manifest file '../../build/py01_topic/py01_topic.egg-info/SOURCES.txt'
[1.737s] running build
[1.737s] running build_py
[1.737s] copying py01_topic/demo01_talker_str_py.py -> /home/dai/ros2_study/ws01_plumbing/build/py01_topic/build/lib/py01_topic
[1.737s] copying py01_topic/__init__.py -> /home/dai/ros2_study/ws01_plumbing/build/py01_topic/build/lib/py01_topic
[1.737s] running install
[1.737s] running install_lib
[1.737s] copying /home/dai/ros2_study/ws01_plumbing/build/py01_topic/build/lib/py01_topic/demo01_talker_str_py.py -> /home/dai/ros2_study/ws01_plumbing/install/py01_topic/lib/python3.10/site-packages/py01_topic
[1.737s] copying /home/dai/ros2_study/ws01_plumbing/build/py01_topic/build/lib/py01_topic/__init__.py -> /home/dai/ros2_study/ws01_plumbing/install/py01_topic/lib/python3.10/site-packages/py01_topic
[1.737s] byte-compiling /home/dai/ros2_study/ws01_plumbing/install/py01_topic/lib/python3.10/site-packages/py01_topic/demo01_talker_str_py.py to demo01_talker_str_py.cpython-310.pyc
[1.737s] byte-compiling /home/dai/ros2_study/ws01_plumbing/install/py01_topic/lib/python3.10/site-packages/py01_topic/__init__.py to __init__.cpython-310.pyc
[1.737s] running install_data
[1.737s] copying resource/py01_topic -> /home/dai/ros2_study/ws01_plumbing/install/py01_topic/share/ament_index/resource_index/packages
[1.738s] copying package.xml -> /home/dai/ros2_study/ws01_plumbing/install/py01_topic/share/py01_topic
[1.738s] running install_egg_info
[1.738s] removing '/home/dai/ros2_study/ws01_plumbing/install/py01_topic/lib/python3.10/site-packages/py01_topic-0.0.0-py3.10.egg-info' (and everything under it)
[1.738s] Copying ../../build/py01_topic/py01_topic.egg-info to /home/dai/ros2_study/ws01_plumbing/install/py01_topic/lib/python3.10/site-packages/py01_topic-0.0.0-py3.10.egg-info
[1.738s] running install_scripts
[1.773s] Installing demo01_talker_str_py script to /home/dai/ros2_study/ws01_plumbing/install/py01_topic/lib/py01_topic
[1.786s] writing list of installed files to '/home/dai/ros2_study/ws01_plumbing/build/py01_topic/install.log'
[1.842s] Invoked command in '/home/dai/ros2_study/ws01_plumbing/src/py01_topic' returned '0': AMENT_PREFIX_PATH=/home/dai/ros2_study/ws01_plumbing/install/base_interfaces_demo:${AMENT_PREFIX_PATH} CMAKE_PREFIX_PATH=/home/dai/ros2_study/ws01_plumbing/install/base_interfaces_demo:${CMAKE_PREFIX_PATH} PYTHONPATH=/home/dai/ros2_study/ws01_plumbing/build/py01_topic/prefix_override:/usr/lib/python3/dist-packages/colcon_core/task/python/colcon_distutils_commands:/home/dai/ros2_study/ws01_plumbing/install/py01_topic/lib/python3.10/site-packages:${PYTHONPATH} /usr/bin/python3 -W ignore:setup.py install is deprecated setup.py egg_info --egg-base ../../build/py01_topic build --build-base /home/dai/ros2_study/ws01_plumbing/build/py01_topic/build install --record /home/dai/ros2_study/ws01_plumbing/build/py01_topic/install.log --single-version-externally-managed install_data
