[2.339s] Invoking command in '/home/dai/ros2_study/ws01_plumbing/src/py01_topic': AMENT_PREFIX_PATH=/home/dai/ros2_study/ws01_plumbing/install/base_interfaces_demo:${AMENT_PREFIX_PATH} CMAKE_PREFIX_PATH=/home/dai/ros2_study/ws01_plumbing/install/base_interfaces_demo:${CMAKE_PREFIX_PATH} LD_LIBRARY_PATH=/home/dai/ros2_study/ws01_plumbing/install/base_interfaces_demo/lib:${LD_LIBRARY_PATH} PYTHONPATH=/home/dai/ros2_study/ws01_plumbing/build/py01_topic/prefix_override:/usr/lib/python3/dist-packages/colcon_core/task/python/colcon_distutils_commands:/home/dai/ros2_study/ws01_plumbing/install/py01_topic/lib/python3.10/site-packages:/home/dai/ros2_study/ws01_plumbing/install/base_interfaces_demo/local/lib/python3.10/dist-packages:${PYTHONPATH} /usr/bin/python3 -W ignore:setup.py install is deprecated setup.py egg_info --egg-base ../../build/py01_topic build --build-base /home/dai/ros2_study/ws01_plumbing/build/py01_topic/build install --record /home/dai/ros2_study/ws01_plumbing/build/py01_topic/install.log --single-version-externally-managed install_data
[2.764s] running egg_info
[2.768s] writing ../../build/py01_topic/py01_topic.egg-info/PKG-INFO
[2.769s] writing dependency_links to ../../build/py01_topic/py01_topic.egg-info/dependency_links.txt
[2.772s] writing entry points to ../../build/py01_topic/py01_topic.egg-info/entry_points.txt
[2.774s] writing requirements to ../../build/py01_topic/py01_topic.egg-info/requires.txt
[2.777s] writing top-level names to ../../build/py01_topic/py01_topic.egg-info/top_level.txt
[2.781s] reading manifest file '../../build/py01_topic/py01_topic.egg-info/SOURCES.txt'
[2.796s] writing manifest file '../../build/py01_topic/py01_topic.egg-info/SOURCES.txt'
[2.804s] running build
[2.805s] running build_py
[2.805s] running install
[2.806s] running install_lib
[2.807s] running install_data
[2.810s] running install_egg_info
[2.814s] removing '/home/dai/ros2_study/ws01_plumbing/install/py01_topic/lib/python3.10/site-packages/py01_topic-0.0.0-py3.10.egg-info' (and everything under it)
[2.818s] Copying ../../build/py01_topic/py01_topic.egg-info to /home/dai/ros2_study/ws01_plumbing/install/py01_topic/lib/python3.10/site-packages/py01_topic-0.0.0-py3.10.egg-info
[2.837s] running install_scripts
[2.890s] Installing demo01_talker_str_py script to /home/dai/ros2_study/ws01_plumbing/install/py01_topic/lib/py01_topic
[2.892s] Installing demo02_listener_str_py script to /home/dai/ros2_study/ws01_plumbing/install/py01_topic/lib/py01_topic
[2.893s] writing list of installed files to '/home/dai/ros2_study/ws01_plumbing/build/py01_topic/install.log'
[2.949s] Invoked command in '/home/dai/ros2_study/ws01_plumbing/src/py01_topic' returned '0': AMENT_PREFIX_PATH=/home/dai/ros2_study/ws01_plumbing/install/base_interfaces_demo:${AMENT_PREFIX_PATH} CMAKE_PREFIX_PATH=/home/dai/ros2_study/ws01_plumbing/install/base_interfaces_demo:${CMAKE_PREFIX_PATH} LD_LIBRARY_PATH=/home/dai/ros2_study/ws01_plumbing/install/base_interfaces_demo/lib:${LD_LIBRARY_PATH} PYTHONPATH=/home/dai/ros2_study/ws01_plumbing/build/py01_topic/prefix_override:/usr/lib/python3/dist-packages/colcon_core/task/python/colcon_distutils_commands:/home/dai/ros2_study/ws01_plumbing/install/py01_topic/lib/python3.10/site-packages:/home/dai/ros2_study/ws01_plumbing/install/base_interfaces_demo/local/lib/python3.10/dist-packages:${PYTHONPATH} /usr/bin/python3 -W ignore:setup.py install is deprecated setup.py egg_info --egg-base ../../build/py01_topic build --build-base /home/dai/ros2_study/ws01_plumbing/build/py01_topic/build install --record /home/dai/ros2_study/ws01_plumbing/build/py01_topic/install.log --single-version-externally-managed install_data
