[0.056s] Invoking command in '/home/dai/ros2_study/ws01_plumbing/build/cpp02_service': CMAKE_PREFIX_PATH=/home/dai/ros2_study/ws01_plumbing/install/base_interfaces_demo:/home/dai/ros2_study/ws01_plumbing/install/cpp02_service:/home/dai/ros2_study/ws01_plumbing/install/cpp01_topic:/home/dai/robotStudy_ws/install/pkg01_helloWorld_cpp:/home/dai/ros2_study/ws01_plumbing/install/py01_topic:/home/dai/robotStudy_ws/install/pkg01_helloWorld_python:/opt/ros/humble /usr/bin/cmake --build /home/dai/ros2_study/ws01_plumbing/build/cpp02_service -- -j4 -l4
[0.177s] [35m[1mConsolidate compiler generated dependencies of target demo02_client[0m
[0.205s] [ 50%] Built target demo01_server
[0.221s] [ 75%] [32mBuilding CXX object CMakeFiles/demo02_client.dir/src/demo02_client.cpp.o[0m
[8.421s] [100%] [32m[1mLinking CXX executable demo02_client[0m
[8.726s] [100%] Built target demo02_client
[8.744s] Invoked command in '/home/dai/ros2_study/ws01_plumbing/build/cpp02_service' returned '0': CMAKE_PREFIX_PATH=/home/dai/ros2_study/ws01_plumbing/install/base_interfaces_demo:/home/dai/ros2_study/ws01_plumbing/install/cpp02_service:/home/dai/ros2_study/ws01_plumbing/install/cpp01_topic:/home/dai/robotStudy_ws/install/pkg01_helloWorld_cpp:/home/dai/ros2_study/ws01_plumbing/install/py01_topic:/home/dai/robotStudy_ws/install/pkg01_helloWorld_python:/opt/ros/humble /usr/bin/cmake --build /home/dai/ros2_study/ws01_plumbing/build/cpp02_service -- -j4 -l4
[8.906s] Invoking command in '/home/dai/ros2_study/ws01_plumbing/build/cpp02_service': CMAKE_PREFIX_PATH=/home/dai/ros2_study/ws01_plumbing/install/base_interfaces_demo:/home/dai/ros2_study/ws01_plumbing/install/cpp02_service:/home/dai/ros2_study/ws01_plumbing/install/cpp01_topic:/home/dai/robotStudy_ws/install/pkg01_helloWorld_cpp:/home/dai/ros2_study/ws01_plumbing/install/py01_topic:/home/dai/robotStudy_ws/install/pkg01_helloWorld_python:/opt/ros/humble /usr/bin/cmake --install /home/dai/ros2_study/ws01_plumbing/build/cpp02_service
[8.916s] -- Install configuration: ""
[8.918s] -- Up-to-date: /home/dai/ros2_study/ws01_plumbing/install/cpp02_service/lib/cpp02_service/demo01_server
[8.918s] -- Installing: /home/dai/ros2_study/ws01_plumbing/install/cpp02_service/lib/cpp02_service/demo02_client
[8.921s] -- Set runtime path of "/home/dai/ros2_study/ws01_plumbing/install/cpp02_service/lib/cpp02_service/demo02_client" to ""
[8.921s] -- Up-to-date: /home/dai/ros2_study/ws01_plumbing/install/cpp02_service/share/ament_index/resource_index/package_run_dependencies/cpp02_service
[8.921s] -- Up-to-date: /home/dai/ros2_study/ws01_plumbing/install/cpp02_service/share/ament_index/resource_index/parent_prefix_path/cpp02_service
[8.921s] -- Up-to-date: /home/dai/ros2_study/ws01_plumbing/install/cpp02_service/share/cpp02_service/environment/ament_prefix_path.sh
[8.921s] -- Up-to-date: /home/dai/ros2_study/ws01_plumbing/install/cpp02_service/share/cpp02_service/environment/ament_prefix_path.dsv
[8.921s] -- Up-to-date: /home/dai/ros2_study/ws01_plumbing/install/cpp02_service/share/cpp02_service/environment/path.sh
[8.922s] -- Up-to-date: /home/dai/ros2_study/ws01_plumbing/install/cpp02_service/share/cpp02_service/environment/path.dsv
[8.922s] -- Up-to-date: /home/dai/ros2_study/ws01_plumbing/install/cpp02_service/share/cpp02_service/local_setup.bash
[8.922s] -- Up-to-date: /home/dai/ros2_study/ws01_plumbing/install/cpp02_service/share/cpp02_service/local_setup.sh
[8.922s] -- Up-to-date: /home/dai/ros2_study/ws01_plumbing/install/cpp02_service/share/cpp02_service/local_setup.zsh
[8.923s] -- Up-to-date: /home/dai/ros2_study/ws01_plumbing/install/cpp02_service/share/cpp02_service/local_setup.dsv
[8.925s] -- Installing: /home/dai/ros2_study/ws01_plumbing/install/cpp02_service/share/cpp02_service/package.dsv
[8.927s] -- Up-to-date: /home/dai/ros2_study/ws01_plumbing/install/cpp02_service/share/ament_index/resource_index/packages/cpp02_service
[8.928s] -- Up-to-date: /home/dai/ros2_study/ws01_plumbing/install/cpp02_service/share/cpp02_service/cmake/cpp02_serviceConfig.cmake
[8.928s] -- Up-to-date: /home/dai/ros2_study/ws01_plumbing/install/cpp02_service/share/cpp02_service/cmake/cpp02_serviceConfig-version.cmake
[8.928s] -- Up-to-date: /home/dai/ros2_study/ws01_plumbing/install/cpp02_service/share/cpp02_service/package.xml
[8.937s] Invoked command in '/home/dai/ros2_study/ws01_plumbing/build/cpp02_service' returned '0': CMAKE_PREFIX_PATH=/home/dai/ros2_study/ws01_plumbing/install/base_interfaces_demo:/home/dai/ros2_study/ws01_plumbing/install/cpp02_service:/home/dai/ros2_study/ws01_plumbing/install/cpp01_topic:/home/dai/robotStudy_ws/install/pkg01_helloWorld_cpp:/home/dai/ros2_study/ws01_plumbing/install/py01_topic:/home/dai/robotStudy_ws/install/pkg01_helloWorld_python:/opt/ros/humble /usr/bin/cmake --install /home/dai/ros2_study/ws01_plumbing/build/cpp02_service
