[0.043s] Invoking command in '/home/dai/ros2_study/ws01_plumbing/build/cpp01_topic': CMAKE_PREFIX_PATH=/home/dai/ros2_study/ws01_plumbing/install/base_interfaces_demo:/home/dai/ros2_study/ws01_plumbing/install/cpp01_topic:/home/dai/robotStudy_ws/install/pkg01_helloWorld_cpp:/home/dai/ros2_study/ws01_plumbing/install/py01_topic:/home/dai/robotStudy_ws/install/pkg01_helloWorld_python:/opt/ros/humble /usr/bin/cmake --build /home/dai/ros2_study/ws01_plumbing/build/cpp01_topic -- -j4 -l4
[0.161s] [35m[1mConsolidate compiler generated dependencies of target demo01_talker_str[0m
[0.184s] [ 50%] [32mBuilding CXX object CMakeFiles/demo01_talker_str.dir/src/demo01_talker_str.cpp.o[0m
[5.992s] [100%] [32m[1mLinking CXX executable demo01_talker_str[0m
[6.440s] [100%] Built target demo01_talker_str
[6.466s] Invoked command in '/home/dai/ros2_study/ws01_plumbing/build/cpp01_topic' returned '0': CMAKE_PREFIX_PATH=/home/dai/ros2_study/ws01_plumbing/install/base_interfaces_demo:/home/dai/ros2_study/ws01_plumbing/install/cpp01_topic:/home/dai/robotStudy_ws/install/pkg01_helloWorld_cpp:/home/dai/ros2_study/ws01_plumbing/install/py01_topic:/home/dai/robotStudy_ws/install/pkg01_helloWorld_python:/opt/ros/humble /usr/bin/cmake --build /home/dai/ros2_study/ws01_plumbing/build/cpp01_topic -- -j4 -l4
[6.553s] Invoking command in '/home/dai/ros2_study/ws01_plumbing/build/cpp01_topic': CMAKE_PREFIX_PATH=/home/dai/ros2_study/ws01_plumbing/install/base_interfaces_demo:/home/dai/ros2_study/ws01_plumbing/install/cpp01_topic:/home/dai/robotStudy_ws/install/pkg01_helloWorld_cpp:/home/dai/ros2_study/ws01_plumbing/install/py01_topic:/home/dai/robotStudy_ws/install/pkg01_helloWorld_python:/opt/ros/humble /usr/bin/cmake --install /home/dai/ros2_study/ws01_plumbing/build/cpp01_topic
[6.564s] -- Install configuration: ""
[6.569s] -- Installing: /home/dai/ros2_study/ws01_plumbing/install/cpp01_topic/lib/cpp01_topic/demo01_talker_str
[6.569s] -- Set runtime path of "/home/dai/ros2_study/ws01_plumbing/install/cpp01_topic/lib/cpp01_topic/demo01_talker_str" to ""
[6.569s] -- Up-to-date: /home/dai/ros2_study/ws01_plumbing/install/cpp01_topic/share/ament_index/resource_index/package_run_dependencies/cpp01_topic
[6.569s] -- Up-to-date: /home/dai/ros2_study/ws01_plumbing/install/cpp01_topic/share/ament_index/resource_index/parent_prefix_path/cpp01_topic
[6.569s] -- Up-to-date: /home/dai/ros2_study/ws01_plumbing/install/cpp01_topic/share/cpp01_topic/environment/ament_prefix_path.sh
[6.569s] -- Up-to-date: /home/dai/ros2_study/ws01_plumbing/install/cpp01_topic/share/cpp01_topic/environment/ament_prefix_path.dsv
[6.569s] -- Up-to-date: /home/dai/ros2_study/ws01_plumbing/install/cpp01_topic/share/cpp01_topic/environment/path.sh
[6.569s] -- Up-to-date: /home/dai/ros2_study/ws01_plumbing/install/cpp01_topic/share/cpp01_topic/environment/path.dsv
[6.570s] -- Up-to-date: /home/dai/ros2_study/ws01_plumbing/install/cpp01_topic/share/cpp01_topic/local_setup.bash
[6.571s] -- Up-to-date: /home/dai/ros2_study/ws01_plumbing/install/cpp01_topic/share/cpp01_topic/local_setup.sh
[6.572s] -- Up-to-date: /home/dai/ros2_study/ws01_plumbing/install/cpp01_topic/share/cpp01_topic/local_setup.zsh
[6.572s] -- Up-to-date: /home/dai/ros2_study/ws01_plumbing/install/cpp01_topic/share/cpp01_topic/local_setup.dsv
[6.572s] -- Up-to-date: /home/dai/ros2_study/ws01_plumbing/install/cpp01_topic/share/cpp01_topic/package.dsv
[6.572s] -- Up-to-date: /home/dai/ros2_study/ws01_plumbing/install/cpp01_topic/share/ament_index/resource_index/packages/cpp01_topic
[6.573s] -- Up-to-date: /home/dai/ros2_study/ws01_plumbing/install/cpp01_topic/share/cpp01_topic/cmake/cpp01_topicConfig.cmake
[6.573s] -- Up-to-date: /home/dai/ros2_study/ws01_plumbing/install/cpp01_topic/share/cpp01_topic/cmake/cpp01_topicConfig-version.cmake
[6.573s] -- Up-to-date: /home/dai/ros2_study/ws01_plumbing/install/cpp01_topic/share/cpp01_topic/package.xml
[6.594s] Invoked command in '/home/dai/ros2_study/ws01_plumbing/build/cpp01_topic' returned '0': CMAKE_PREFIX_PATH=/home/dai/ros2_study/ws01_plumbing/install/base_interfaces_demo:/home/dai/ros2_study/ws01_plumbing/install/cpp01_topic:/home/dai/robotStudy_ws/install/pkg01_helloWorld_cpp:/home/dai/ros2_study/ws01_plumbing/install/py01_topic:/home/dai/robotStudy_ws/install/pkg01_helloWorld_python:/opt/ros/humble /usr/bin/cmake --install /home/dai/ros2_study/ws01_plumbing/build/cpp01_topic
