[0.155s] Invoking command in '/home/dai/ros2_study/ws01_plumbing/build/tutorails_plumbing': AMENT_PREFIX_PATH=/home/dai/ros2_study/ws01_plumbing/install/cpp03_action:/home/dai/ros2_study/ws01_plumbing/install/cpp02_service:/home/dai/ros2_study/ws01_plumbing/install/cpp01_topic:/home/dai/ros2_study/ws01_plumbing/install/cpp04_param:/home/dai/ros2_study/ws01_plumbing/install/base_interfaces_demo:${AMENT_PREFIX_PATH} CMAKE_PREFIX_PATH=/home/dai/ros2_study/ws01_plumbing/install/cpp03_action:/home/dai/ros2_study/ws01_plumbing/install/cpp02_service:/home/dai/ros2_study/ws01_plumbing/install/cpp01_topic:/home/dai/ros2_study/ws01_plumbing/install/cpp04_param:/home/dai/ros2_study/ws01_plumbing/install/base_interfaces_demo:/opt/ros/humble LD_LIBRARY_PATH=/home/dai/ros2_study/ws01_plumbing/install/base_interfaces_demo/lib:${LD_LIBRARY_PATH} PYTHONPATH=/home/dai/ros2_study/ws01_plumbing/install/base_interfaces_demo/local/lib/python3.10/dist-packages:${PYTHONPATH} /usr/bin/cmake /home/dai/ros2_study/ws01_plumbing/src/tutorails_plumbing -DCMAKE_INSTALL_PREFIX=/home/dai/ros2_study/ws01_plumbing/install/tutorails_plumbing
[0.320s] -- The C compiler identification is GNU 11.4.0
[0.449s] -- The CXX compiler identification is GNU 11.4.0
[0.533s] -- Detecting C compiler ABI info
[0.680s] -- Detecting C compiler ABI info - done
[0.701s] -- Check for working C compiler: /usr/bin/cc - skipped
[0.701s] -- Detecting C compile features
[0.701s] -- Detecting C compile features - done
[0.702s] -- Detecting CXX compiler ABI info
[0.857s] -- Detecting CXX compiler ABI info - done
[0.870s] -- Check for working CXX compiler: /usr/bin/c++ - skipped
[0.871s] -- Detecting CXX compile features
[0.872s] -- Detecting CXX compile features - done
[0.880s] -- Found ament_cmake: 1.3.9 (/opt/ros/humble/share/ament_cmake/cmake)
[1.127s] -- Found Python3: /usr/bin/python3 (found version "3.10.12") found components: Interpreter 
[1.292s] -- Found ament_lint_auto: 0.12.11 (/opt/ros/humble/share/ament_lint_auto/cmake)
[1.421s] -- Configuring done
[1.430s] -- Generating done
[1.432s] -- Build files have been written to: /home/dai/ros2_study/ws01_plumbing/build/tutorails_plumbing
[1.439s] Invoked command in '/home/dai/ros2_study/ws01_plumbing/build/tutorails_plumbing' returned '0': AMENT_PREFIX_PATH=/home/dai/ros2_study/ws01_plumbing/install/cpp03_action:/home/dai/ros2_study/ws01_plumbing/install/cpp02_service:/home/dai/ros2_study/ws01_plumbing/install/cpp01_topic:/home/dai/ros2_study/ws01_plumbing/install/cpp04_param:/home/dai/ros2_study/ws01_plumbing/install/base_interfaces_demo:${AMENT_PREFIX_PATH} CMAKE_PREFIX_PATH=/home/dai/ros2_study/ws01_plumbing/install/cpp03_action:/home/dai/ros2_study/ws01_plumbing/install/cpp02_service:/home/dai/ros2_study/ws01_plumbing/install/cpp01_topic:/home/dai/ros2_study/ws01_plumbing/install/cpp04_param:/home/dai/ros2_study/ws01_plumbing/install/base_interfaces_demo:/opt/ros/humble LD_LIBRARY_PATH=/home/dai/ros2_study/ws01_plumbing/install/base_interfaces_demo/lib:${LD_LIBRARY_PATH} PYTHONPATH=/home/dai/ros2_study/ws01_plumbing/install/base_interfaces_demo/local/lib/python3.10/dist-packages:${PYTHONPATH} /usr/bin/cmake /home/dai/ros2_study/ws01_plumbing/src/tutorails_plumbing -DCMAKE_INSTALL_PREFIX=/home/dai/ros2_study/ws01_plumbing/install/tutorails_plumbing
[1.443s] Invoking command in '/home/dai/ros2_study/ws01_plumbing/build/tutorails_plumbing': AMENT_PREFIX_PATH=/home/dai/ros2_study/ws01_plumbing/install/cpp03_action:/home/dai/ros2_study/ws01_plumbing/install/cpp02_service:/home/dai/ros2_study/ws01_plumbing/install/cpp01_topic:/home/dai/ros2_study/ws01_plumbing/install/cpp04_param:/home/dai/ros2_study/ws01_plumbing/install/base_interfaces_demo:${AMENT_PREFIX_PATH} CMAKE_PREFIX_PATH=/home/dai/ros2_study/ws01_plumbing/install/cpp03_action:/home/dai/ros2_study/ws01_plumbing/install/cpp02_service:/home/dai/ros2_study/ws01_plumbing/install/cpp01_topic:/home/dai/ros2_study/ws01_plumbing/install/cpp04_param:/home/dai/ros2_study/ws01_plumbing/install/base_interfaces_demo:/opt/ros/humble LD_LIBRARY_PATH=/home/dai/ros2_study/ws01_plumbing/install/base_interfaces_demo/lib:${LD_LIBRARY_PATH} PYTHONPATH=/home/dai/ros2_study/ws01_plumbing/install/base_interfaces_demo/local/lib/python3.10/dist-packages:${PYTHONPATH} /usr/bin/cmake --build /home/dai/ros2_study/ws01_plumbing/build/tutorails_plumbing -- -j4 -l4
[1.510s] Invoked command in '/home/dai/ros2_study/ws01_plumbing/build/tutorails_plumbing' returned '0': AMENT_PREFIX_PATH=/home/dai/ros2_study/ws01_plumbing/install/cpp03_action:/home/dai/ros2_study/ws01_plumbing/install/cpp02_service:/home/dai/ros2_study/ws01_plumbing/install/cpp01_topic:/home/dai/ros2_study/ws01_plumbing/install/cpp04_param:/home/dai/ros2_study/ws01_plumbing/install/base_interfaces_demo:${AMENT_PREFIX_PATH} CMAKE_PREFIX_PATH=/home/dai/ros2_study/ws01_plumbing/install/cpp03_action:/home/dai/ros2_study/ws01_plumbing/install/cpp02_service:/home/dai/ros2_study/ws01_plumbing/install/cpp01_topic:/home/dai/ros2_study/ws01_plumbing/install/cpp04_param:/home/dai/ros2_study/ws01_plumbing/install/base_interfaces_demo:/opt/ros/humble LD_LIBRARY_PATH=/home/dai/ros2_study/ws01_plumbing/install/base_interfaces_demo/lib:${LD_LIBRARY_PATH} PYTHONPATH=/home/dai/ros2_study/ws01_plumbing/install/base_interfaces_demo/local/lib/python3.10/dist-packages:${PYTHONPATH} /usr/bin/cmake --build /home/dai/ros2_study/ws01_plumbing/build/tutorails_plumbing -- -j4 -l4
[1.582s] Invoking command in '/home/dai/ros2_study/ws01_plumbing/build/tutorails_plumbing': AMENT_PREFIX_PATH=/home/dai/ros2_study/ws01_plumbing/install/cpp03_action:/home/dai/ros2_study/ws01_plumbing/install/cpp02_service:/home/dai/ros2_study/ws01_plumbing/install/cpp01_topic:/home/dai/ros2_study/ws01_plumbing/install/cpp04_param:/home/dai/ros2_study/ws01_plumbing/install/base_interfaces_demo:${AMENT_PREFIX_PATH} CMAKE_PREFIX_PATH=/home/dai/ros2_study/ws01_plumbing/install/cpp03_action:/home/dai/ros2_study/ws01_plumbing/install/cpp02_service:/home/dai/ros2_study/ws01_plumbing/install/cpp01_topic:/home/dai/ros2_study/ws01_plumbing/install/cpp04_param:/home/dai/ros2_study/ws01_plumbing/install/base_interfaces_demo:/opt/ros/humble LD_LIBRARY_PATH=/home/dai/ros2_study/ws01_plumbing/install/base_interfaces_demo/lib:${LD_LIBRARY_PATH} PYTHONPATH=/home/dai/ros2_study/ws01_plumbing/install/base_interfaces_demo/local/lib/python3.10/dist-packages:${PYTHONPATH} /usr/bin/cmake --install /home/dai/ros2_study/ws01_plumbing/build/tutorails_plumbing
[1.604s] -- Install configuration: ""
[1.604s] -- Installing: /home/dai/ros2_study/ws01_plumbing/install/tutorails_plumbing/share/ament_index/resource_index/package_run_dependencies/tutorails_plumbing
[1.605s] -- Installing: /home/dai/ros2_study/ws01_plumbing/install/tutorails_plumbing/share/ament_index/resource_index/parent_prefix_path/tutorails_plumbing
[1.605s] -- Installing: /home/dai/ros2_study/ws01_plumbing/install/tutorails_plumbing/share/tutorails_plumbing/environment/ament_prefix_path.sh
[1.611s] -- Installing: /home/dai/ros2_study/ws01_plumbing/install/tutorails_plumbing/share/tutorails_plumbing/environment/ament_prefix_path.dsv
[1.611s] -- Installing: /home/dai/ros2_study/ws01_plumbing/install/tutorails_plumbing/share/tutorails_plumbing/environment/path.sh
[1.612s] -- Installing: /home/dai/ros2_study/ws01_plumbing/install/tutorails_plumbing/share/tutorails_plumbing/environment/path.dsv
[1.612s] -- Installing: /home/dai/ros2_study/ws01_plumbing/install/tutorails_plumbing/share/tutorails_plumbing/local_setup.bash
[1.612s] -- Installing: /home/dai/ros2_study/ws01_plumbing/install/tutorails_plumbing/share/tutorails_plumbing/local_setup.sh
[1.623s] -- Installing: /home/dai/ros2_study/ws01_plumbing/install/tutorails_plumbing/share/tutorails_plumbing/local_setup.zsh
[1.623s] -- Installing: /home/dai/ros2_study/ws01_plumbing/install/tutorails_plumbing/share/tutorails_plumbing/local_setup.dsv
[1.624s] -- Installing: /home/dai/ros2_study/ws01_plumbing/install/tutorails_plumbing/share/tutorails_plumbing/package.dsv
[1.626s] -- Installing: /home/dai/ros2_study/ws01_plumbing/install/tutorails_plumbing/share/ament_index/resource_index/packages/tutorails_plumbing
[1.626s] -- Installing: /home/dai/ros2_study/ws01_plumbing/install/tutorails_plumbing/share/tutorails_plumbing/cmake/tutorails_plumbingConfig.cmake
[1.626s] -- Installing: /home/dai/ros2_study/ws01_plumbing/install/tutorails_plumbing/share/tutorails_plumbing/cmake/tutorails_plumbingConfig-version.cmake
[1.627s] -- Installing: /home/dai/ros2_study/ws01_plumbing/install/tutorails_plumbing/share/tutorails_plumbing/package.xml
[1.631s] Invoked command in '/home/dai/ros2_study/ws01_plumbing/build/tutorails_plumbing' returned '0': AMENT_PREFIX_PATH=/home/dai/ros2_study/ws01_plumbing/install/cpp03_action:/home/dai/ros2_study/ws01_plumbing/install/cpp02_service:/home/dai/ros2_study/ws01_plumbing/install/cpp01_topic:/home/dai/ros2_study/ws01_plumbing/install/cpp04_param:/home/dai/ros2_study/ws01_plumbing/install/base_interfaces_demo:${AMENT_PREFIX_PATH} CMAKE_PREFIX_PATH=/home/dai/ros2_study/ws01_plumbing/install/cpp03_action:/home/dai/ros2_study/ws01_plumbing/install/cpp02_service:/home/dai/ros2_study/ws01_plumbing/install/cpp01_topic:/home/dai/ros2_study/ws01_plumbing/install/cpp04_param:/home/dai/ros2_study/ws01_plumbing/install/base_interfaces_demo:/opt/ros/humble LD_LIBRARY_PATH=/home/dai/ros2_study/ws01_plumbing/install/base_interfaces_demo/lib:${LD_LIBRARY_PATH} PYTHONPATH=/home/dai/ros2_study/ws01_plumbing/install/base_interfaces_demo/local/lib/python3.10/dist-packages:${PYTHONPATH} /usr/bin/cmake --install /home/dai/ros2_study/ws01_plumbing/build/tutorails_plumbing
