[1.456s] Invoking command in '/home/dai/ros2_study/ws01_plumbing/src/py01_topic': CMAKE_PREFIX_PATH=/home/dai/ros2_study/ws01_plumbing/install/base_interfaces_demo:/home/dai/ros2_study/ws01_plumbing/install/cpp01_topic:/home/dai/robotStudy_ws/install/pkg01_helloWorld_cpp PYTHONPATH=/home/dai/ros2_study/ws01_plumbing/build/py01_topic/prefix_override:/usr/lib/python3/dist-packages/colcon_core/task/python/colcon_distutils_commands:/home/dai/ros2_study/ws01_plumbing/install/py01_topic/lib/python3.10/site-packages:${PYTHONPATH} /usr/bin/python3 -W ignore:setup.py install is deprecated setup.py egg_info --egg-base ../../build/py01_topic build --build-base /home/dai/ros2_study/ws01_plumbing/build/py01_topic/build install --record /home/dai/ros2_study/ws01_plumbing/build/py01_topic/install.log --single-version-externally-managed install_data
[2.006s] running egg_info
[2.018s] writing ../../build/py01_topic/py01_topic.egg-info/PKG-INFO
[2.018s] writing dependency_links to ../../build/py01_topic/py01_topic.egg-info/dependency_links.txt
[2.018s] writing entry points to ../../build/py01_topic/py01_topic.egg-info/entry_points.txt
[2.025s] writing requirements to ../../build/py01_topic/py01_topic.egg-info/requires.txt
[2.025s] writing top-level names to ../../build/py01_topic/py01_topic.egg-info/top_level.txt
[2.026s] reading manifest file '../../build/py01_topic/py01_topic.egg-info/SOURCES.txt'
[2.032s] writing manifest file '../../build/py01_topic/py01_topic.egg-info/SOURCES.txt'
[2.037s] running build
[2.038s] running build_py
[2.038s] copying py01_topic/demo02_listener_str_py.py -> /home/dai/ros2_study/ws01_plumbing/build/py01_topic/build/lib/py01_topic
[2.038s] running install
[2.038s] running install_lib
[2.038s] copying /home/dai/ros2_study/ws01_plumbing/build/py01_topic/build/lib/py01_topic/demo02_listener_str_py.py -> /home/dai/ros2_study/ws01_plumbing/install/py01_topic/lib/python3.10/site-packages/py01_topic
[2.040s] byte-compiling /home/dai/ros2_study/ws01_plumbing/install/py01_topic/lib/python3.10/site-packages/py01_topic/demo02_listener_str_py.py to demo02_listener_str_py.cpython-310.pyc
[2.040s] running install_data
[2.040s] running install_egg_info
[2.050s] removing '/home/dai/ros2_study/ws01_plumbing/install/py01_topic/lib/python3.10/site-packages/py01_topic-0.0.0-py3.10.egg-info' (and everything under it)
[2.058s] Copying ../../build/py01_topic/py01_topic.egg-info to /home/dai/ros2_study/ws01_plumbing/install/py01_topic/lib/python3.10/site-packages/py01_topic-0.0.0-py3.10.egg-info
[2.058s] running install_scripts
[2.110s] Installing demo01_talker_str_py script to /home/dai/ros2_study/ws01_plumbing/install/py01_topic/lib/py01_topic
[2.110s] Installing demo02_listener_str_py script to /home/dai/ros2_study/ws01_plumbing/install/py01_topic/lib/py01_topic
[2.110s] writing list of installed files to '/home/dai/ros2_study/ws01_plumbing/build/py01_topic/install.log'
[2.184s] Invoked command in '/home/dai/ros2_study/ws01_plumbing/src/py01_topic' returned '0': CMAKE_PREFIX_PATH=/home/dai/ros2_study/ws01_plumbing/install/base_interfaces_demo:/home/dai/ros2_study/ws01_plumbing/install/cpp01_topic:/home/dai/robotStudy_ws/install/pkg01_helloWorld_cpp PYTHONPATH=/home/dai/ros2_study/ws01_plumbing/build/py01_topic/prefix_override:/usr/lib/python3/dist-packages/colcon_core/task/python/colcon_distutils_commands:/home/dai/ros2_study/ws01_plumbing/install/py01_topic/lib/python3.10/site-packages:${PYTHONPATH} /usr/bin/python3 -W ignore:setup.py install is deprecated setup.py egg_info --egg-base ../../build/py01_topic build --build-base /home/dai/ros2_study/ws01_plumbing/build/py01_topic/build install --record /home/dai/ros2_study/ws01_plumbing/build/py01_topic/install.log --single-version-externally-managed install_data
