[0.106s] Invoking command in '/home/dai/ros2_study/ws01_plumbing/build/cpp03_action': CMAKE_PREFIX_PATH=/home/dai/ros2_study/ws01_plumbing/install/base_interfaces_demo:/home/dai/ros2_study/ws01_plumbing/install/cpp03_action:/home/dai/ros2_study/ws01_plumbing/install/cpp02_service:/home/dai/ros2_study/ws01_plumbing/install/cpp01_topic:/home/dai/robotStudy_ws/install/pkg01_helloWorld_cpp:/home/dai/ros2_study/ws01_plumbing/install/py01_topic:/home/dai/robotStudy_ws/install/pkg01_helloWorld_python:/opt/ros/humble /usr/bin/cmake --build /home/dai/ros2_study/ws01_plumbing/build/cpp03_action -- -j4 -l4
[0.363s] [35m[1mConsolidate compiler generated dependencies of target demo01_action_server[0m
[0.419s] [ 75%] [32mBuilding CXX object CMakeFiles/demo01_action_server.dir/src/demo01_action_server.cpp.o[0m
[0.420s] [ 75%] Built target demo02_action_client
[8.871s] [100%] [32m[1mLinking CXX executable demo01_action_server[0m
[9.258s] [100%] Built target demo01_action_server
[9.285s] Invoked command in '/home/dai/ros2_study/ws01_plumbing/build/cpp03_action' returned '0': CMAKE_PREFIX_PATH=/home/dai/ros2_study/ws01_plumbing/install/base_interfaces_demo:/home/dai/ros2_study/ws01_plumbing/install/cpp03_action:/home/dai/ros2_study/ws01_plumbing/install/cpp02_service:/home/dai/ros2_study/ws01_plumbing/install/cpp01_topic:/home/dai/robotStudy_ws/install/pkg01_helloWorld_cpp:/home/dai/ros2_study/ws01_plumbing/install/py01_topic:/home/dai/robotStudy_ws/install/pkg01_helloWorld_python:/opt/ros/humble /usr/bin/cmake --build /home/dai/ros2_study/ws01_plumbing/build/cpp03_action -- -j4 -l4
[9.420s] Invoking command in '/home/dai/ros2_study/ws01_plumbing/build/cpp03_action': CMAKE_PREFIX_PATH=/home/dai/ros2_study/ws01_plumbing/install/base_interfaces_demo:/home/dai/ros2_study/ws01_plumbing/install/cpp03_action:/home/dai/ros2_study/ws01_plumbing/install/cpp02_service:/home/dai/ros2_study/ws01_plumbing/install/cpp01_topic:/home/dai/robotStudy_ws/install/pkg01_helloWorld_cpp:/home/dai/ros2_study/ws01_plumbing/install/py01_topic:/home/dai/robotStudy_ws/install/pkg01_helloWorld_python:/opt/ros/humble /usr/bin/cmake --install /home/dai/ros2_study/ws01_plumbing/build/cpp03_action
[9.451s] -- Install configuration: ""
[9.458s] -- Installing: /home/dai/ros2_study/ws01_plumbing/install/cpp03_action/lib/cpp03_action/demo01_action_server
[9.462s] -- Set runtime path of "/home/dai/ros2_study/ws01_plumbing/install/cpp03_action/lib/cpp03_action/demo01_action_server" to ""
[9.463s] -- Up-to-date: /home/dai/ros2_study/ws01_plumbing/install/cpp03_action/lib/cpp03_action/demo02_action_client
[9.469s] -- Up-to-date: /home/dai/ros2_study/ws01_plumbing/install/cpp03_action/share/ament_index/resource_index/package_run_dependencies/cpp03_action
[9.469s] -- Up-to-date: /home/dai/ros2_study/ws01_plumbing/install/cpp03_action/share/ament_index/resource_index/parent_prefix_path/cpp03_action
[9.469s] -- Up-to-date: /home/dai/ros2_study/ws01_plumbing/install/cpp03_action/share/cpp03_action/environment/ament_prefix_path.sh
[9.469s] -- Up-to-date: /home/dai/ros2_study/ws01_plumbing/install/cpp03_action/share/cpp03_action/environment/ament_prefix_path.dsv
[9.469s] -- Up-to-date: /home/dai/ros2_study/ws01_plumbing/install/cpp03_action/share/cpp03_action/environment/path.sh
[9.469s] -- Up-to-date: /home/dai/ros2_study/ws01_plumbing/install/cpp03_action/share/cpp03_action/environment/path.dsv
[9.469s] -- Up-to-date: /home/dai/ros2_study/ws01_plumbing/install/cpp03_action/share/cpp03_action/local_setup.bash
[9.470s] -- Up-to-date: /home/dai/ros2_study/ws01_plumbing/install/cpp03_action/share/cpp03_action/local_setup.sh
[9.470s] -- Up-to-date: /home/dai/ros2_study/ws01_plumbing/install/cpp03_action/share/cpp03_action/local_setup.zsh
[9.470s] -- Up-to-date: /home/dai/ros2_study/ws01_plumbing/install/cpp03_action/share/cpp03_action/local_setup.dsv
[9.470s] -- Installing: /home/dai/ros2_study/ws01_plumbing/install/cpp03_action/share/cpp03_action/package.dsv
[9.470s] -- Up-to-date: /home/dai/ros2_study/ws01_plumbing/install/cpp03_action/share/ament_index/resource_index/packages/cpp03_action
[9.477s] -- Up-to-date: /home/dai/ros2_study/ws01_plumbing/install/cpp03_action/share/cpp03_action/cmake/cpp03_actionConfig.cmake
[9.477s] -- Up-to-date: /home/dai/ros2_study/ws01_plumbing/install/cpp03_action/share/cpp03_action/cmake/cpp03_actionConfig-version.cmake
[9.477s] -- Up-to-date: /home/dai/ros2_study/ws01_plumbing/install/cpp03_action/share/cpp03_action/package.xml
[9.478s] Invoked command in '/home/dai/ros2_study/ws01_plumbing/build/cpp03_action' returned '0': CMAKE_PREFIX_PATH=/home/dai/ros2_study/ws01_plumbing/install/base_interfaces_demo:/home/dai/ros2_study/ws01_plumbing/install/cpp03_action:/home/dai/ros2_study/ws01_plumbing/install/cpp02_service:/home/dai/ros2_study/ws01_plumbing/install/cpp01_topic:/home/dai/robotStudy_ws/install/pkg01_helloWorld_cpp:/home/dai/ros2_study/ws01_plumbing/install/py01_topic:/home/dai/robotStudy_ws/install/pkg01_helloWorld_python:/opt/ros/humble /usr/bin/cmake --install /home/dai/ros2_study/ws01_plumbing/build/cpp03_action
