[0.127s] Invoking command in '/home/dai/ros2_study/ws01_plumbing/build/cpp02_service': AMENT_PREFIX_PATH=/home/dai/ros2_study/ws01_plumbing/install/base_interfaces_demo:${AMENT_PREFIX_PATH} CMAKE_PREFIX_PATH=/home/dai/ros2_study/ws01_plumbing/install/base_interfaces_demo:/home/dai/robotStudy_ws/install/pkg01_helloWorld_cpp:/home/dai/robotStudy_ws/install/pkg01_helloWorld_python:/opt/ros/humble LD_LIBRARY_PATH=/home/dai/ros2_study/ws01_plumbing/install/base_interfaces_demo/lib:${LD_LIBRARY_PATH} PYTHONPATH=/home/dai/ros2_study/ws01_plumbing/install/base_interfaces_demo/local/lib/python3.10/dist-packages:${PYTHONPATH} /usr/bin/cmake --build /home/dai/ros2_study/ws01_plumbing/build/cpp02_service -- -j4 -l4
[0.486s] [35m[1mConsolidate compiler generated dependencies of target demo02_client[0m
[0.566s] [ 25%] [32mBuilding CXX object CMakeFiles/demo01_server.dir/src/demo01_server.cpp.o[0m
[0.595s] [ 75%] Built target demo02_client
[16.941s] [100%] [32m[1mLinking CXX executable demo01_server[0m
[17.254s] [100%] Built target demo01_server
[17.288s] Invoked command in '/home/dai/ros2_study/ws01_plumbing/build/cpp02_service' returned '0': AMENT_PREFIX_PATH=/home/dai/ros2_study/ws01_plumbing/install/base_interfaces_demo:${AMENT_PREFIX_PATH} CMAKE_PREFIX_PATH=/home/dai/ros2_study/ws01_plumbing/install/base_interfaces_demo:/home/dai/robotStudy_ws/install/pkg01_helloWorld_cpp:/home/dai/robotStudy_ws/install/pkg01_helloWorld_python:/opt/ros/humble LD_LIBRARY_PATH=/home/dai/ros2_study/ws01_plumbing/install/base_interfaces_demo/lib:${LD_LIBRARY_PATH} PYTHONPATH=/home/dai/ros2_study/ws01_plumbing/install/base_interfaces_demo/local/lib/python3.10/dist-packages:${PYTHONPATH} /usr/bin/cmake --build /home/dai/ros2_study/ws01_plumbing/build/cpp02_service -- -j4 -l4
[17.377s] Invoking command in '/home/dai/ros2_study/ws01_plumbing/build/cpp02_service': AMENT_PREFIX_PATH=/home/dai/ros2_study/ws01_plumbing/install/base_interfaces_demo:${AMENT_PREFIX_PATH} CMAKE_PREFIX_PATH=/home/dai/ros2_study/ws01_plumbing/install/base_interfaces_demo:/home/dai/robotStudy_ws/install/pkg01_helloWorld_cpp:/home/dai/robotStudy_ws/install/pkg01_helloWorld_python:/opt/ros/humble LD_LIBRARY_PATH=/home/dai/ros2_study/ws01_plumbing/install/base_interfaces_demo/lib:${LD_LIBRARY_PATH} PYTHONPATH=/home/dai/ros2_study/ws01_plumbing/install/base_interfaces_demo/local/lib/python3.10/dist-packages:${PYTHONPATH} /usr/bin/cmake --install /home/dai/ros2_study/ws01_plumbing/build/cpp02_service
[17.390s] -- Install configuration: ""
[17.392s] -- Installing: /home/dai/ros2_study/ws01_plumbing/install/cpp02_service/lib/cpp02_service/demo01_server
[17.412s] -- Set runtime path of "/home/dai/ros2_study/ws01_plumbing/install/cpp02_service/lib/cpp02_service/demo01_server" to ""
[17.415s] -- Up-to-date: /home/dai/ros2_study/ws01_plumbing/install/cpp02_service/lib/cpp02_service/demo02_client
[17.416s] -- Up-to-date: /home/dai/ros2_study/ws01_plumbing/install/cpp02_service/share/ament_index/resource_index/package_run_dependencies/cpp02_service
[17.418s] -- Up-to-date: /home/dai/ros2_study/ws01_plumbing/install/cpp02_service/share/ament_index/resource_index/parent_prefix_path/cpp02_service
[17.421s] -- Up-to-date: /home/dai/ros2_study/ws01_plumbing/install/cpp02_service/share/cpp02_service/environment/ament_prefix_path.sh
[17.424s] -- Up-to-date: /home/dai/ros2_study/ws01_plumbing/install/cpp02_service/share/cpp02_service/environment/ament_prefix_path.dsv
[17.426s] -- Up-to-date: /home/dai/ros2_study/ws01_plumbing/install/cpp02_service/share/cpp02_service/environment/path.sh
[17.427s] -- Up-to-date: /home/dai/ros2_study/ws01_plumbing/install/cpp02_service/share/cpp02_service/environment/path.dsv
[17.429s] -- Up-to-date: /home/dai/ros2_study/ws01_plumbing/install/cpp02_service/share/cpp02_service/local_setup.bash
[17.432s] -- Up-to-date: /home/dai/ros2_study/ws01_plumbing/install/cpp02_service/share/cpp02_service/local_setup.sh
[17.434s] -- Up-to-date: /home/dai/ros2_study/ws01_plumbing/install/cpp02_service/share/cpp02_service/local_setup.zsh
[17.436s] -- Up-to-date: /home/dai/ros2_study/ws01_plumbing/install/cpp02_service/share/cpp02_service/local_setup.dsv
[17.440s] -- Installing: /home/dai/ros2_study/ws01_plumbing/install/cpp02_service/share/cpp02_service/package.dsv
[17.440s] -- Up-to-date: /home/dai/ros2_study/ws01_plumbing/install/cpp02_service/share/ament_index/resource_index/packages/cpp02_service
[17.441s] -- Up-to-date: /home/dai/ros2_study/ws01_plumbing/install/cpp02_service/share/cpp02_service/cmake/cpp02_serviceConfig.cmake
[17.441s] -- Up-to-date: /home/dai/ros2_study/ws01_plumbing/install/cpp02_service/share/cpp02_service/cmake/cpp02_serviceConfig-version.cmake
[17.442s] -- Up-to-date: /home/dai/ros2_study/ws01_plumbing/install/cpp02_service/share/cpp02_service/package.xml
[17.442s] Invoked command in '/home/dai/ros2_study/ws01_plumbing/build/cpp02_service' returned '0': AMENT_PREFIX_PATH=/home/dai/ros2_study/ws01_plumbing/install/base_interfaces_demo:${AMENT_PREFIX_PATH} CMAKE_PREFIX_PATH=/home/dai/ros2_study/ws01_plumbing/install/base_interfaces_demo:/home/dai/robotStudy_ws/install/pkg01_helloWorld_cpp:/home/dai/robotStudy_ws/install/pkg01_helloWorld_python:/opt/ros/humble LD_LIBRARY_PATH=/home/dai/ros2_study/ws01_plumbing/install/base_interfaces_demo/lib:${LD_LIBRARY_PATH} PYTHONPATH=/home/dai/ros2_study/ws01_plumbing/install/base_interfaces_demo/local/lib/python3.10/dist-packages:${PYTHONPATH} /usr/bin/cmake --install /home/dai/ros2_study/ws01_plumbing/build/cpp02_service
