[1.177s] Invoking command in '/home/dai/ros2_study/ws01_plumbing/src/py01_topic': CMAKE_PREFIX_PATH=/home/dai/ros2_study/ws01_plumbing/install/base_interfaces_demo:/home/dai/ros2_study/ws01_plumbing/install/cpp01_topic:/home/dai/robotStudy_ws/install/pkg01_helloWorld_cpp PYTHONPATH=/home/dai/ros2_study/ws01_plumbing/build/py01_topic/prefix_override:/usr/lib/python3/dist-packages/colcon_core/task/python/colcon_distutils_commands:/home/dai/ros2_study/ws01_plumbing/install/py01_topic/lib/python3.10/site-packages:${PYTHONPATH} /usr/bin/python3 -W ignore:setup.py install is deprecated setup.py egg_info --egg-base ../../build/py01_topic build --build-base /home/dai/ros2_study/ws01_plumbing/build/py01_topic/build install --record /home/dai/ros2_study/ws01_plumbing/build/py01_topic/install.log --single-version-externally-managed install_data
[1.559s] running egg_info
[1.559s] writing ../../build/py01_topic/py01_topic.egg-info/PKG-INFO
[1.559s] writing dependency_links to ../../build/py01_topic/py01_topic.egg-info/dependency_links.txt
[1.559s] writing entry points to ../../build/py01_topic/py01_topic.egg-info/entry_points.txt
[1.559s] writing requirements to ../../build/py01_topic/py01_topic.egg-info/requires.txt
[1.566s] writing top-level names to ../../build/py01_topic/py01_topic.egg-info/top_level.txt
[1.567s] reading manifest file '../../build/py01_topic/py01_topic.egg-info/SOURCES.txt'
[1.573s] writing manifest file '../../build/py01_topic/py01_topic.egg-info/SOURCES.txt'
[1.573s] running build
[1.573s] running build_py
[1.574s] running install
[1.574s] running install_lib
[1.583s] byte-compiling /home/dai/ros2_study/ws01_plumbing/install/py01_topic/lib/python3.10/site-packages/py01_topic/demo01_talker_str_py.py to demo01_talker_str_py.cpython-310.pyc
[1.583s] running install_data
[1.584s] running install_egg_info
[1.606s] removing '/home/dai/ros2_study/ws01_plumbing/install/py01_topic/lib/python3.10/site-packages/py01_topic-0.0.0-py3.10.egg-info' (and everything under it)
[1.606s] Copying ../../build/py01_topic/py01_topic.egg-info to /home/dai/ros2_study/ws01_plumbing/install/py01_topic/lib/python3.10/site-packages/py01_topic-0.0.0-py3.10.egg-info
[1.607s] running install_scripts
[1.625s] Installing demo01_talker_str_py script to /home/dai/ros2_study/ws01_plumbing/install/py01_topic/lib/py01_topic
[1.625s] writing list of installed files to '/home/dai/ros2_study/ws01_plumbing/build/py01_topic/install.log'
[1.662s] Invoked command in '/home/dai/ros2_study/ws01_plumbing/src/py01_topic' returned '0': CMAKE_PREFIX_PATH=/home/dai/ros2_study/ws01_plumbing/install/base_interfaces_demo:/home/dai/ros2_study/ws01_plumbing/install/cpp01_topic:/home/dai/robotStudy_ws/install/pkg01_helloWorld_cpp PYTHONPATH=/home/dai/ros2_study/ws01_plumbing/build/py01_topic/prefix_override:/usr/lib/python3/dist-packages/colcon_core/task/python/colcon_distutils_commands:/home/dai/ros2_study/ws01_plumbing/install/py01_topic/lib/python3.10/site-packages:${PYTHONPATH} /usr/bin/python3 -W ignore:setup.py install is deprecated setup.py egg_info --egg-base ../../build/py01_topic build --build-base /home/dai/ros2_study/ws01_plumbing/build/py01_topic/build install --record /home/dai/ros2_study/ws01_plumbing/build/py01_topic/install.log --single-version-externally-managed install_data
