[0.074s] Invoking command in '/home/dai/ros2_study/ws01_plumbing/build/cpp01_topic': AMENT_PREFIX_PATH=/home/dai/ros2_study/ws01_plumbing/install/base_interfaces_demo:${AMENT_PREFIX_PATH} CMAKE_PREFIX_PATH=/home/dai/ros2_study/ws01_plumbing/install/base_interfaces_demo:/home/dai/robotStudy_ws/install/pkg01_helloWorld_cpp:/home/dai/robotStudy_ws/install/pkg01_helloWorld_python:/opt/ros/humble /usr/bin/cmake --build /home/dai/ros2_study/ws01_plumbing/build/cpp01_topic -- -j4 -l4
[0.840s] [35m[1mConsolidate compiler generated dependencies of target demo02_listener_str[0m
[0.867s] [ 50%] Built target demo01_talker_str
[0.892s] [100%] Built target demo02_listener_str
[0.914s] Invoked command in '/home/dai/ros2_study/ws01_plumbing/build/cpp01_topic' returned '0': AMENT_PREFIX_PATH=/home/dai/ros2_study/ws01_plumbing/install/base_interfaces_demo:${AMENT_PREFIX_PATH} CMAKE_PREFIX_PATH=/home/dai/ros2_study/ws01_plumbing/install/base_interfaces_demo:/home/dai/robotStudy_ws/install/pkg01_helloWorld_cpp:/home/dai/robotStudy_ws/install/pkg01_helloWorld_python:/opt/ros/humble /usr/bin/cmake --build /home/dai/ros2_study/ws01_plumbing/build/cpp01_topic -- -j4 -l4
[1.024s] Invoking command in '/home/dai/ros2_study/ws01_plumbing/build/cpp01_topic': AMENT_PREFIX_PATH=/home/dai/ros2_study/ws01_plumbing/install/base_interfaces_demo:${AMENT_PREFIX_PATH} CMAKE_PREFIX_PATH=/home/dai/ros2_study/ws01_plumbing/install/base_interfaces_demo:/home/dai/robotStudy_ws/install/pkg01_helloWorld_cpp:/home/dai/robotStudy_ws/install/pkg01_helloWorld_python:/opt/ros/humble /usr/bin/cmake --install /home/dai/ros2_study/ws01_plumbing/build/cpp01_topic
[1.040s] -- Install configuration: ""
[1.050s] -- Up-to-date: /home/dai/ros2_study/ws01_plumbing/install/cpp01_topic/lib/cpp01_topic/demo01_talker_str
[1.069s] -- Up-to-date: /home/dai/ros2_study/ws01_plumbing/install/cpp01_topic/lib/cpp01_topic/demo02_listener_str
[1.070s] -- Up-to-date: /home/dai/ros2_study/ws01_plumbing/install/cpp01_topic/share/ament_index/resource_index/package_run_dependencies/cpp01_topic
[1.070s] -- Up-to-date: /home/dai/ros2_study/ws01_plumbing/install/cpp01_topic/share/ament_index/resource_index/parent_prefix_path/cpp01_topic
[1.070s] -- Up-to-date: /home/dai/ros2_study/ws01_plumbing/install/cpp01_topic/share/cpp01_topic/environment/ament_prefix_path.sh
[1.072s] -- Up-to-date: /home/dai/ros2_study/ws01_plumbing/install/cpp01_topic/share/cpp01_topic/environment/ament_prefix_path.dsv
[1.072s] -- Up-to-date: /home/dai/ros2_study/ws01_plumbing/install/cpp01_topic/share/cpp01_topic/environment/path.sh
[1.072s] -- Up-to-date: /home/dai/ros2_study/ws01_plumbing/install/cpp01_topic/share/cpp01_topic/environment/path.dsv
[1.072s] -- Up-to-date: /home/dai/ros2_study/ws01_plumbing/install/cpp01_topic/share/cpp01_topic/local_setup.bash
[1.072s] -- Up-to-date: /home/dai/ros2_study/ws01_plumbing/install/cpp01_topic/share/cpp01_topic/local_setup.sh
[1.088s] -- Up-to-date: /home/dai/ros2_study/ws01_plumbing/install/cpp01_topic/share/cpp01_topic/local_setup.zsh
[1.089s] -- Up-to-date: /home/dai/ros2_study/ws01_plumbing/install/cpp01_topic/share/cpp01_topic/local_setup.dsv
[1.089s] -- Installing: /home/dai/ros2_study/ws01_plumbing/install/cpp01_topic/share/cpp01_topic/package.dsv
[1.089s] -- Up-to-date: /home/dai/ros2_study/ws01_plumbing/install/cpp01_topic/share/ament_index/resource_index/packages/cpp01_topic
[1.090s] -- Up-to-date: /home/dai/ros2_study/ws01_plumbing/install/cpp01_topic/share/cpp01_topic/cmake/cpp01_topicConfig.cmake
[1.090s] -- Up-to-date: /home/dai/ros2_study/ws01_plumbing/install/cpp01_topic/share/cpp01_topic/cmake/cpp01_topicConfig-version.cmake
[1.090s] -- Up-to-date: /home/dai/ros2_study/ws01_plumbing/install/cpp01_topic/share/cpp01_topic/package.xml
[1.093s] Invoked command in '/home/dai/ros2_study/ws01_plumbing/build/cpp01_topic' returned '0': AMENT_PREFIX_PATH=/home/dai/ros2_study/ws01_plumbing/install/base_interfaces_demo:${AMENT_PREFIX_PATH} CMAKE_PREFIX_PATH=/home/dai/ros2_study/ws01_plumbing/install/base_interfaces_demo:/home/dai/robotStudy_ws/install/pkg01_helloWorld_cpp:/home/dai/robotStudy_ws/install/pkg01_helloWorld_python:/opt/ros/humble /usr/bin/cmake --install /home/dai/ros2_study/ws01_plumbing/build/cpp01_topic
