[0.070s] Invoking command in '/home/dai/ros2_study/ws01_plumbing/build/cpp01_topic': AMENT_PREFIX_PATH=/home/dai/ros2_study/ws01_plumbing/install/base_interfaces_demo:${AMENT_PREFIX_PATH} CMAKE_PREFIX_PATH=/home/dai/ros2_study/ws01_plumbing/install/base_interfaces_demo:/home/dai/robotStudy_ws/install/pkg01_helloWorld_cpp:/home/dai/robotStudy_ws/install/pkg01_helloWorld_python:/opt/ros/humble /usr/bin/cmake --build /home/dai/ros2_study/ws01_plumbing/build/cpp01_topic -- -j4 -l4
[0.070s] -- Found ament_cmake: 1.3.9 (/opt/ros/humble/share/ament_cmake/cmake)
[0.442s] -- Found rclcpp: 16.0.9 (/opt/ros/humble/share/rclcpp/cmake)
[0.497s] -- Found rosidl_generator_c: 3.1.5 (/opt/ros/humble/share/rosidl_generator_c/cmake)
[0.501s] -- Found rosidl_adapter: 3.1.5 (/opt/ros/humble/share/rosidl_adapter/cmake)
[0.515s] -- Found rosidl_generator_cpp: 3.1.5 (/opt/ros/humble/share/rosidl_generator_cpp/cmake)
[0.532s] -- Using all available rosidl_typesupport_c: rosidl_typesupport_fastrtps_c;rosidl_typesupport_introspection_c
[0.554s] -- Using all available rosidl_typesupport_cpp: rosidl_typesupport_fastrtps_cpp;rosidl_typesupport_introspection_cpp
[0.659s] -- Found rmw_implementation_cmake: 6.1.2 (/opt/ros/humble/share/rmw_implementation_cmake/cmake)
[0.663s] -- Found rmw_fastrtps_cpp: 6.2.6 (/opt/ros/humble/share/rmw_fastrtps_cpp/cmake)
[0.882s] -- Using RMW implementation 'rmw_fastrtps_cpp' as default
[1.156s] -- Found base_interfaces_demo: 0.0.0 (/home/dai/ros2_study/ws01_plumbing/install/base_interfaces_demo/share/base_interfaces_demo/cmake)
[1.156s] [31mCMake Error at CMakeLists.txt:15 (target_include_directories):
[1.157s]   target_include_directories called with invalid arguments
[1.157s] 
[1.158s] [0m
[1.159s] -- Found ament_lint_auto: 0.12.11 (/opt/ros/humble/share/ament_lint_auto/cmake)
[1.271s] -- Added test 'cppcheck' to perform static code analysis on C / C++ code
[1.271s] -- Configured cppcheck include dirs: 
[1.271s] -- Configured cppcheck exclude dirs and/or files: 
[1.271s] -- Added test 'lint_cmake' to check CMake code style
[1.273s] -- Added test 'uncrustify' to check C / C++ code style
[1.273s] -- Configured uncrustify additional arguments: 
[1.273s] -- Added test 'xmllint' to check XML markup files
[1.275s] -- Configuring incomplete, errors occurred!
[1.275s] See also "/home/dai/ros2_study/ws01_plumbing/build/cpp01_topic/CMakeFiles/CMakeOutput.log".
[1.283s] gmake: *** [Makefile:226：cmake_check_build_system] 错误 1
[1.288s] Invoked command in '/home/dai/ros2_study/ws01_plumbing/build/cpp01_topic' returned '2': AMENT_PREFIX_PATH=/home/dai/ros2_study/ws01_plumbing/install/base_interfaces_demo:${AMENT_PREFIX_PATH} CMAKE_PREFIX_PATH=/home/dai/ros2_study/ws01_plumbing/install/base_interfaces_demo:/home/dai/robotStudy_ws/install/pkg01_helloWorld_cpp:/home/dai/robotStudy_ws/install/pkg01_helloWorld_python:/opt/ros/humble /usr/bin/cmake --build /home/dai/ros2_study/ws01_plumbing/build/cpp01_topic -- -j4 -l4
