[0.549s] DEBUG:colcon:Command line arguments: ['/usr/bin/colcon', 'build']
[0.550s] DEBUG:colcon:Parsed command line arguments: Namespace(log_base=None, log_level=None, verb_name='build', build_base='build', install_base='install', merge_install=False, symlink_install=False, test_result_base=None, continue_on_error=False, executor='parallel', parallel_workers=4, event_handlers=None, ignore_user_meta=False, metas=['./colcon.meta'], base_paths=['.'], packages_ignore=None, packages_ignore_regex=None, paths=None, packages_up_to=None, packages_up_to_regex=None, packages_above=None, packages_above_and_dependencies=None, packages_above_depth=None, packages_select_by_dep=None, packages_skip_by_dep=None, packages_skip_up_to=None, packages_select_build_failed=False, packages_skip_build_finished=False, packages_select_test_failures=False, packages_skip_test_passed=False, packages_select=None, packages_skip=None, packages_select_regex=None, packages_skip_regex=None, packages_start=None, packages_end=None, allow_overriding=[], cmake_args=None, cmake_target=None, cmake_target_skip_unavailable=False, cmake_clean_cache=False, cmake_clean_first=False, cmake_force_configure=False, ament_cmake_args=None, catkin_cmake_args=None, catkin_skip_building_tests=False, verb_parser=<colcon_defaults.argument_parser.defaults.DefaultArgumentsDecorator object at 0x7f01f4a0bc10>, verb_extension=<colcon_core.verb.build.BuildVerb object at 0x7f01f4bb8100>, main=<bound method BuildVerb.main of <colcon_core.verb.build.BuildVerb object at 0x7f01f4bb8100>>)
[1.123s] Level 1:colcon.colcon_core.package_discovery:discover_packages(colcon_meta) check parameters
[1.123s] Level 1:colcon.colcon_core.package_discovery:discover_packages(recursive) check parameters
[1.123s] Level 1:colcon.colcon_core.package_discovery:discover_packages(ignore) check parameters
[1.124s] Level 1:colcon.colcon_core.package_discovery:discover_packages(path) check parameters
[1.124s] Level 1:colcon.colcon_core.package_discovery:discover_packages(colcon_meta) discover
[1.124s] Level 1:colcon.colcon_core.package_discovery:discover_packages(recursive) discover
[1.124s] INFO:colcon.colcon_core.package_discovery:Crawling recursively for packages in '/home/dai/ros2_study/ws01_plumbing'
[1.124s] Level 1:colcon.colcon_core.package_identification:_identify(.) by extensions ['ignore', 'ignore_ament_install']
[1.124s] Level 1:colcon.colcon_core.package_identification:_identify(.) by extension 'ignore'
[1.124s] Level 1:colcon.colcon_core.package_identification:_identify(.) by extension 'ignore_ament_install'
[1.124s] Level 1:colcon.colcon_core.package_identification:_identify(.) by extensions ['colcon_pkg']
[1.124s] Level 1:colcon.colcon_core.package_identification:_identify(.) by extension 'colcon_pkg'
[1.124s] Level 1:colcon.colcon_core.package_identification:_identify(.) by extensions ['colcon_meta']
[1.124s] Level 1:colcon.colcon_core.package_identification:_identify(.) by extension 'colcon_meta'
[1.125s] Level 1:colcon.colcon_core.package_identification:_identify(.) by extensions ['ros']
[1.125s] Level 1:colcon.colcon_core.package_identification:_identify(.) by extension 'ros'
[1.149s] Level 1:colcon.colcon_core.package_identification:_identify(.) by extensions ['cmake', 'python']
[1.149s] Level 1:colcon.colcon_core.package_identification:_identify(.) by extension 'cmake'
[1.150s] Level 1:colcon.colcon_core.package_identification:_identify(.) by extension 'python'
[1.150s] Level 1:colcon.colcon_core.package_identification:_identify(.) by extensions ['python_setup_py']
[1.150s] Level 1:colcon.colcon_core.package_identification:_identify(.) by extension 'python_setup_py'
[1.150s] Level 1:colcon.colcon_core.package_identification:_identify(build) by extensions ['ignore', 'ignore_ament_install']
[1.151s] Level 1:colcon.colcon_core.package_identification:_identify(build) by extension 'ignore'
[1.151s] Level 1:colcon.colcon_core.package_identification:_identify(build) ignored
[1.151s] Level 1:colcon.colcon_core.package_identification:_identify(install) by extensions ['ignore', 'ignore_ament_install']
[1.152s] Level 1:colcon.colcon_core.package_identification:_identify(install) by extension 'ignore'
[1.152s] Level 1:colcon.colcon_core.package_identification:_identify(install) ignored
[1.152s] Level 1:colcon.colcon_core.package_identification:_identify(log) by extensions ['ignore', 'ignore_ament_install']
[1.152s] Level 1:colcon.colcon_core.package_identification:_identify(log) by extension 'ignore'
[1.152s] Level 1:colcon.colcon_core.package_identification:_identify(log) ignored
[1.153s] Level 1:colcon.colcon_core.package_identification:_identify(src) by extensions ['ignore', 'ignore_ament_install']
[1.153s] Level 1:colcon.colcon_core.package_identification:_identify(src) by extension 'ignore'
[1.153s] Level 1:colcon.colcon_core.package_identification:_identify(src) by extension 'ignore_ament_install'
[1.153s] Level 1:colcon.colcon_core.package_identification:_identify(src) by extensions ['colcon_pkg']
[1.153s] Level 1:colcon.colcon_core.package_identification:_identify(src) by extension 'colcon_pkg'
[1.153s] Level 1:colcon.colcon_core.package_identification:_identify(src) by extensions ['colcon_meta']
[1.153s] Level 1:colcon.colcon_core.package_identification:_identify(src) by extension 'colcon_meta'
[1.153s] Level 1:colcon.colcon_core.package_identification:_identify(src) by extensions ['ros']
[1.153s] Level 1:colcon.colcon_core.package_identification:_identify(src) by extension 'ros'
[1.153s] Level 1:colcon.colcon_core.package_identification:_identify(src) by extensions ['cmake', 'python']
[1.153s] Level 1:colcon.colcon_core.package_identification:_identify(src) by extension 'cmake'
[1.153s] Level 1:colcon.colcon_core.package_identification:_identify(src) by extension 'python'
[1.154s] Level 1:colcon.colcon_core.package_identification:_identify(src) by extensions ['python_setup_py']
[1.154s] Level 1:colcon.colcon_core.package_identification:_identify(src) by extension 'python_setup_py'
[1.154s] Level 1:colcon.colcon_core.package_identification:_identify(src/base_interfaces_demo) by extensions ['ignore', 'ignore_ament_install']
[1.154s] Level 1:colcon.colcon_core.package_identification:_identify(src/base_interfaces_demo) by extension 'ignore'
[1.155s] Level 1:colcon.colcon_core.package_identification:_identify(src/base_interfaces_demo) by extension 'ignore_ament_install'
[1.155s] Level 1:colcon.colcon_core.package_identification:_identify(src/base_interfaces_demo) by extensions ['colcon_pkg']
[1.155s] Level 1:colcon.colcon_core.package_identification:_identify(src/base_interfaces_demo) by extension 'colcon_pkg'
[1.155s] Level 1:colcon.colcon_core.package_identification:_identify(src/base_interfaces_demo) by extensions ['colcon_meta']
[1.155s] Level 1:colcon.colcon_core.package_identification:_identify(src/base_interfaces_demo) by extension 'colcon_meta'
[1.155s] Level 1:colcon.colcon_core.package_identification:_identify(src/base_interfaces_demo) by extensions ['ros']
[1.155s] Level 1:colcon.colcon_core.package_identification:_identify(src/base_interfaces_demo) by extension 'ros'
[1.161s] DEBUG:colcon.colcon_core.package_identification:Package 'src/base_interfaces_demo' with type 'ros.ament_cmake' and name 'base_interfaces_demo'
[1.162s] Level 1:colcon.colcon_core.package_identification:_identify(src/cpp01_topic) by extensions ['ignore', 'ignore_ament_install']
[1.162s] Level 1:colcon.colcon_core.package_identification:_identify(src/cpp01_topic) by extension 'ignore'
[1.162s] Level 1:colcon.colcon_core.package_identification:_identify(src/cpp01_topic) by extension 'ignore_ament_install'
[1.162s] Level 1:colcon.colcon_core.package_identification:_identify(src/cpp01_topic) by extensions ['colcon_pkg']
[1.162s] Level 1:colcon.colcon_core.package_identification:_identify(src/cpp01_topic) by extension 'colcon_pkg'
[1.162s] Level 1:colcon.colcon_core.package_identification:_identify(src/cpp01_topic) by extensions ['colcon_meta']
[1.162s] Level 1:colcon.colcon_core.package_identification:_identify(src/cpp01_topic) by extension 'colcon_meta'
[1.162s] Level 1:colcon.colcon_core.package_identification:_identify(src/cpp01_topic) by extensions ['ros']
[1.162s] Level 1:colcon.colcon_core.package_identification:_identify(src/cpp01_topic) by extension 'ros'
[1.164s] DEBUG:colcon.colcon_core.package_identification:Package 'src/cpp01_topic' with type 'ros.ament_cmake' and name 'cpp01_topic'
[1.164s] Level 1:colcon.colcon_core.package_identification:_identify(src/py01_topic) by extensions ['ignore', 'ignore_ament_install']
[1.165s] Level 1:colcon.colcon_core.package_identification:_identify(src/py01_topic) by extension 'ignore'
[1.165s] Level 1:colcon.colcon_core.package_identification:_identify(src/py01_topic) by extension 'ignore_ament_install'
[1.165s] Level 1:colcon.colcon_core.package_identification:_identify(src/py01_topic) by extensions ['colcon_pkg']
[1.165s] Level 1:colcon.colcon_core.package_identification:_identify(src/py01_topic) by extension 'colcon_pkg'
[1.165s] Level 1:colcon.colcon_core.package_identification:_identify(src/py01_topic) by extensions ['colcon_meta']
[1.165s] Level 1:colcon.colcon_core.package_identification:_identify(src/py01_topic) by extension 'colcon_meta'
[1.165s] Level 1:colcon.colcon_core.package_identification:_identify(src/py01_topic) by extensions ['ros']
[1.165s] Level 1:colcon.colcon_core.package_identification:_identify(src/py01_topic) by extension 'ros'
[1.167s] DEBUG:colcon.colcon_core.package_identification:Package 'src/py01_topic' with type 'ros.ament_python' and name 'py01_topic'
[1.167s] Level 1:colcon.colcon_core.package_discovery:discover_packages(recursive) using defaults
[1.167s] Level 1:colcon.colcon_core.package_discovery:discover_packages(ignore) discover
[1.167s] Level 1:colcon.colcon_core.package_discovery:discover_packages(ignore) using defaults
[1.167s] Level 1:colcon.colcon_core.package_discovery:discover_packages(path) discover
[1.167s] Level 1:colcon.colcon_core.package_discovery:discover_packages(path) using defaults
[1.233s] Level 1:colcon.colcon_core.package_discovery:discover_packages(prefix_path) check parameters
[1.233s] Level 1:colcon.colcon_core.package_discovery:discover_packages(prefix_path) discover
[1.242s] DEBUG:colcon.colcon_installed_package_information.package_discovery:Found 3 installed packages in /home/dai/ros2_study/ws01_plumbing/install
[1.245s] DEBUG:colcon.colcon_installed_package_information.package_discovery:Found 2 installed packages in /home/dai/robotStudy_ws/install
[1.248s] DEBUG:colcon.colcon_installed_package_information.package_discovery:Found 270 installed packages in /opt/ros/humble
[1.250s] Level 1:colcon.colcon_core.package_discovery:discover_packages(prefix_path) using defaults
[1.446s] Level 5:colcon.colcon_core.verb:set package 'base_interfaces_demo' build argument 'cmake_args' from command line to 'None'
[1.446s] Level 5:colcon.colcon_core.verb:set package 'base_interfaces_demo' build argument 'cmake_target' from command line to 'None'
[1.446s] Level 5:colcon.colcon_core.verb:set package 'base_interfaces_demo' build argument 'cmake_target_skip_unavailable' from command line to 'False'
[1.446s] Level 5:colcon.colcon_core.verb:set package 'base_interfaces_demo' build argument 'cmake_clean_cache' from command line to 'False'
[1.446s] Level 5:colcon.colcon_core.verb:set package 'base_interfaces_demo' build argument 'cmake_clean_first' from command line to 'False'
[1.446s] Level 5:colcon.colcon_core.verb:set package 'base_interfaces_demo' build argument 'cmake_force_configure' from command line to 'False'
[1.446s] Level 5:colcon.colcon_core.verb:set package 'base_interfaces_demo' build argument 'ament_cmake_args' from command line to 'None'
[1.446s] Level 5:colcon.colcon_core.verb:set package 'base_interfaces_demo' build argument 'catkin_cmake_args' from command line to 'None'
[1.446s] Level 5:colcon.colcon_core.verb:set package 'base_interfaces_demo' build argument 'catkin_skip_building_tests' from command line to 'False'
[1.446s] DEBUG:colcon.colcon_core.verb:Building package 'base_interfaces_demo' with the following arguments: {'ament_cmake_args': None, 'build_base': '/home/dai/ros2_study/ws01_plumbing/build/base_interfaces_demo', 'catkin_cmake_args': None, 'catkin_skip_building_tests': False, 'cmake_args': None, 'cmake_clean_cache': False, 'cmake_clean_first': False, 'cmake_force_configure': False, 'cmake_target': None, 'cmake_target_skip_unavailable': False, 'install_base': '/home/dai/ros2_study/ws01_plumbing/install/base_interfaces_demo', 'merge_install': False, 'path': '/home/dai/ros2_study/ws01_plumbing/src/base_interfaces_demo', 'symlink_install': False, 'test_result_base': None}
[1.447s] Level 5:colcon.colcon_core.verb:set package 'cpp01_topic' build argument 'cmake_args' from command line to 'None'
[1.447s] Level 5:colcon.colcon_core.verb:set package 'cpp01_topic' build argument 'cmake_target' from command line to 'None'
[1.447s] Level 5:colcon.colcon_core.verb:set package 'cpp01_topic' build argument 'cmake_target_skip_unavailable' from command line to 'False'
[1.447s] Level 5:colcon.colcon_core.verb:set package 'cpp01_topic' build argument 'cmake_clean_cache' from command line to 'False'
[1.447s] Level 5:colcon.colcon_core.verb:set package 'cpp01_topic' build argument 'cmake_clean_first' from command line to 'False'
[1.447s] Level 5:colcon.colcon_core.verb:set package 'cpp01_topic' build argument 'cmake_force_configure' from command line to 'False'
[1.447s] Level 5:colcon.colcon_core.verb:set package 'cpp01_topic' build argument 'ament_cmake_args' from command line to 'None'
[1.447s] Level 5:colcon.colcon_core.verb:set package 'cpp01_topic' build argument 'catkin_cmake_args' from command line to 'None'
[1.447s] Level 5:colcon.colcon_core.verb:set package 'cpp01_topic' build argument 'catkin_skip_building_tests' from command line to 'False'
[1.447s] DEBUG:colcon.colcon_core.verb:Building package 'cpp01_topic' with the following arguments: {'ament_cmake_args': None, 'build_base': '/home/dai/ros2_study/ws01_plumbing/build/cpp01_topic', 'catkin_cmake_args': None, 'catkin_skip_building_tests': False, 'cmake_args': None, 'cmake_clean_cache': False, 'cmake_clean_first': False, 'cmake_force_configure': False, 'cmake_target': None, 'cmake_target_skip_unavailable': False, 'install_base': '/home/dai/ros2_study/ws01_plumbing/install/cpp01_topic', 'merge_install': False, 'path': '/home/dai/ros2_study/ws01_plumbing/src/cpp01_topic', 'symlink_install': False, 'test_result_base': None}
[1.448s] Level 5:colcon.colcon_core.verb:set package 'py01_topic' build argument 'cmake_args' from command line to 'None'
[1.448s] Level 5:colcon.colcon_core.verb:set package 'py01_topic' build argument 'cmake_target' from command line to 'None'
[1.448s] Level 5:colcon.colcon_core.verb:set package 'py01_topic' build argument 'cmake_target_skip_unavailable' from command line to 'False'
[1.448s] Level 5:colcon.colcon_core.verb:set package 'py01_topic' build argument 'cmake_clean_cache' from command line to 'False'
[1.448s] Level 5:colcon.colcon_core.verb:set package 'py01_topic' build argument 'cmake_clean_first' from command line to 'False'
[1.448s] Level 5:colcon.colcon_core.verb:set package 'py01_topic' build argument 'cmake_force_configure' from command line to 'False'
[1.448s] Level 5:colcon.colcon_core.verb:set package 'py01_topic' build argument 'ament_cmake_args' from command line to 'None'
[1.448s] Level 5:colcon.colcon_core.verb:set package 'py01_topic' build argument 'catkin_cmake_args' from command line to 'None'
[1.448s] Level 5:colcon.colcon_core.verb:set package 'py01_topic' build argument 'catkin_skip_building_tests' from command line to 'False'
[1.448s] DEBUG:colcon.colcon_core.verb:Building package 'py01_topic' with the following arguments: {'ament_cmake_args': None, 'build_base': '/home/dai/ros2_study/ws01_plumbing/build/py01_topic', 'catkin_cmake_args': None, 'catkin_skip_building_tests': False, 'cmake_args': None, 'cmake_clean_cache': False, 'cmake_clean_first': False, 'cmake_force_configure': False, 'cmake_target': None, 'cmake_target_skip_unavailable': False, 'install_base': '/home/dai/ros2_study/ws01_plumbing/install/py01_topic', 'merge_install': False, 'path': '/home/dai/ros2_study/ws01_plumbing/src/py01_topic', 'symlink_install': False, 'test_result_base': None}
[1.448s] INFO:colcon.colcon_core.executor:Executing jobs using 'parallel' executor
[1.456s] DEBUG:colcon.colcon_parallel_executor.executor.parallel:run_until_complete
[1.456s] INFO:colcon.colcon_ros.task.ament_cmake.build:Building ROS package in '/home/dai/ros2_study/ws01_plumbing/src/base_interfaces_demo' with build type 'ament_cmake'
[1.457s] INFO:colcon.colcon_cmake.task.cmake.build:Building CMake package in '/home/dai/ros2_study/ws01_plumbing/src/base_interfaces_demo'
[1.466s] INFO:colcon.colcon_core.plugin_system:Skipping extension 'colcon_core.shell.bat': Not used on non-Windows systems
[1.467s] INFO:colcon.colcon_core.shell:Skip shell extension 'powershell' for command environment: Not usable outside of PowerShell
[1.467s] DEBUG:colcon.colcon_core.shell:Skip shell extension 'dsv' for command environment
[1.519s] DEBUG:colcon.colcon_core.event_handler.log_command:Invoking command in '/home/dai/ros2_study/ws01_plumbing/build/base_interfaces_demo': CMAKE_PREFIX_PATH=${CMAKE_PREFIX_PATH}:/home/dai/ros2_study/ws01_plumbing/install/py01_topic:/home/dai/robotStudy_ws/install/pkg01_helloWorld_python:/opt/ros/humble /usr/bin/cmake --build /home/dai/ros2_study/ws01_plumbing/build/base_interfaces_demo -- -j4 -l4
[1.807s] DEBUG:colcon.colcon_core.event_handler.log_command:Invoked command in '/home/dai/ros2_study/ws01_plumbing/build/base_interfaces_demo' returned '0': CMAKE_PREFIX_PATH=${CMAKE_PREFIX_PATH}:/home/dai/ros2_study/ws01_plumbing/install/py01_topic:/home/dai/robotStudy_ws/install/pkg01_helloWorld_python:/opt/ros/humble /usr/bin/cmake --build /home/dai/ros2_study/ws01_plumbing/build/base_interfaces_demo -- -j4 -l4
[1.874s] DEBUG:colcon.colcon_core.event_handler.log_command:Invoking command in '/home/dai/ros2_study/ws01_plumbing/build/base_interfaces_demo': CMAKE_PREFIX_PATH=${CMAKE_PREFIX_PATH}:/home/dai/ros2_study/ws01_plumbing/install/py01_topic:/home/dai/robotStudy_ws/install/pkg01_helloWorld_python:/opt/ros/humble /usr/bin/cmake --install /home/dai/ros2_study/ws01_plumbing/build/base_interfaces_demo
[1.905s] Level 1:colcon.colcon_core.environment:create_environment_scripts_only(base_interfaces_demo)
[1.907s] DEBUG:colcon.colcon_core.event_handler.log_command:Invoked command in '/home/dai/ros2_study/ws01_plumbing/build/base_interfaces_demo' returned '0': CMAKE_PREFIX_PATH=${CMAKE_PREFIX_PATH}:/home/dai/ros2_study/ws01_plumbing/install/py01_topic:/home/dai/robotStudy_ws/install/pkg01_helloWorld_python:/opt/ros/humble /usr/bin/cmake --install /home/dai/ros2_study/ws01_plumbing/build/base_interfaces_demo
[1.913s] Level 1:colcon.colcon_core.environment:checking '/home/dai/ros2_study/ws01_plumbing/install/base_interfaces_demo' for CMake module files
[1.914s] Level 1:colcon.colcon_core.environment:checking '/home/dai/ros2_study/ws01_plumbing/install/base_interfaces_demo' for CMake config files
[1.914s] Level 1:colcon.colcon_core.shell:create_environment_hook('base_interfaces_demo', 'cmake_prefix_path')
[1.914s] INFO:colcon.colcon_core.shell:Creating environment hook '/home/dai/ros2_study/ws01_plumbing/install/base_interfaces_demo/share/base_interfaces_demo/hook/cmake_prefix_path.ps1'
[1.915s] INFO:colcon.colcon_core.shell:Creating environment descriptor '/home/dai/ros2_study/ws01_plumbing/install/base_interfaces_demo/share/base_interfaces_demo/hook/cmake_prefix_path.dsv'
[1.916s] INFO:colcon.colcon_core.shell:Creating environment hook '/home/dai/ros2_study/ws01_plumbing/install/base_interfaces_demo/share/base_interfaces_demo/hook/cmake_prefix_path.sh'
[1.919s] Level 1:colcon.colcon_core.environment:checking '/home/dai/ros2_study/ws01_plumbing/install/base_interfaces_demo/bin'
[1.919s] Level 1:colcon.colcon_core.environment:checking '/home/dai/ros2_study/ws01_plumbing/install/base_interfaces_demo/lib/pkgconfig/base_interfaces_demo.pc'
[1.919s] Level 1:colcon.colcon_core.environment:checking '/home/dai/ros2_study/ws01_plumbing/install/base_interfaces_demo/lib/python3.10/site-packages'
[1.920s] Level 1:colcon.colcon_core.environment:checking '/home/dai/ros2_study/ws01_plumbing/install/base_interfaces_demo/bin'
[1.920s] INFO:colcon.colcon_core.shell:Creating package script '/home/dai/ros2_study/ws01_plumbing/install/base_interfaces_demo/share/base_interfaces_demo/package.ps1'
[1.922s] INFO:colcon.colcon_core.shell:Creating package descriptor '/home/dai/ros2_study/ws01_plumbing/install/base_interfaces_demo/share/base_interfaces_demo/package.dsv'
[1.923s] INFO:colcon.colcon_core.shell:Creating package script '/home/dai/ros2_study/ws01_plumbing/install/base_interfaces_demo/share/base_interfaces_demo/package.sh'
[1.924s] INFO:colcon.colcon_core.shell:Creating package script '/home/dai/ros2_study/ws01_plumbing/install/base_interfaces_demo/share/base_interfaces_demo/package.bash'
[1.928s] INFO:colcon.colcon_core.shell:Creating package script '/home/dai/ros2_study/ws01_plumbing/install/base_interfaces_demo/share/base_interfaces_demo/package.zsh'
[1.930s] Level 1:colcon.colcon_core.environment:create_file_with_runtime_dependencies(/home/dai/ros2_study/ws01_plumbing/install/base_interfaces_demo/share/colcon-core/packages/base_interfaces_demo)
[1.993s] Level 1:colcon.colcon_core.environment:create_environment_scripts_only(base_interfaces_demo)
[1.994s] Level 1:colcon.colcon_core.environment:checking '/home/dai/ros2_study/ws01_plumbing/install/base_interfaces_demo' for CMake module files
[1.994s] Level 1:colcon.colcon_core.environment:checking '/home/dai/ros2_study/ws01_plumbing/install/base_interfaces_demo' for CMake config files
[1.995s] Level 1:colcon.colcon_core.shell:create_environment_hook('base_interfaces_demo', 'cmake_prefix_path')
[1.995s] INFO:colcon.colcon_core.shell:Creating environment hook '/home/dai/ros2_study/ws01_plumbing/install/base_interfaces_demo/share/base_interfaces_demo/hook/cmake_prefix_path.ps1'
[1.996s] INFO:colcon.colcon_core.shell:Creating environment descriptor '/home/dai/ros2_study/ws01_plumbing/install/base_interfaces_demo/share/base_interfaces_demo/hook/cmake_prefix_path.dsv'
[1.996s] INFO:colcon.colcon_core.shell:Creating environment hook '/home/dai/ros2_study/ws01_plumbing/install/base_interfaces_demo/share/base_interfaces_demo/hook/cmake_prefix_path.sh'
[1.997s] Level 1:colcon.colcon_core.environment:checking '/home/dai/ros2_study/ws01_plumbing/install/base_interfaces_demo/bin'
[1.997s] Level 1:colcon.colcon_core.environment:checking '/home/dai/ros2_study/ws01_plumbing/install/base_interfaces_demo/lib/pkgconfig/base_interfaces_demo.pc'
[1.998s] Level 1:colcon.colcon_core.environment:checking '/home/dai/ros2_study/ws01_plumbing/install/base_interfaces_demo/lib/python3.10/site-packages'
[1.998s] Level 1:colcon.colcon_core.environment:checking '/home/dai/ros2_study/ws01_plumbing/install/base_interfaces_demo/bin'
[1.999s] INFO:colcon.colcon_core.shell:Creating package script '/home/dai/ros2_study/ws01_plumbing/install/base_interfaces_demo/share/base_interfaces_demo/package.ps1'
[2.000s] INFO:colcon.colcon_core.shell:Creating package descriptor '/home/dai/ros2_study/ws01_plumbing/install/base_interfaces_demo/share/base_interfaces_demo/package.dsv'
[2.001s] INFO:colcon.colcon_core.shell:Creating package script '/home/dai/ros2_study/ws01_plumbing/install/base_interfaces_demo/share/base_interfaces_demo/package.sh'
[2.002s] INFO:colcon.colcon_core.shell:Creating package script '/home/dai/ros2_study/ws01_plumbing/install/base_interfaces_demo/share/base_interfaces_demo/package.bash'
[2.003s] INFO:colcon.colcon_core.shell:Creating package script '/home/dai/ros2_study/ws01_plumbing/install/base_interfaces_demo/share/base_interfaces_demo/package.zsh'
[2.004s] Level 1:colcon.colcon_core.environment:create_file_with_runtime_dependencies(/home/dai/ros2_study/ws01_plumbing/install/base_interfaces_demo/share/colcon-core/packages/base_interfaces_demo)
[2.004s] INFO:colcon.colcon_ros.task.ament_cmake.build:Building ROS package in '/home/dai/ros2_study/ws01_plumbing/src/cpp01_topic' with build type 'ament_cmake'
[2.004s] INFO:colcon.colcon_cmake.task.cmake.build:Building CMake package in '/home/dai/ros2_study/ws01_plumbing/src/cpp01_topic'
[2.005s] INFO:colcon.colcon_core.shell:Skip shell extension 'powershell' for command environment: Not usable outside of PowerShell
[2.005s] DEBUG:colcon.colcon_core.shell:Skip shell extension 'dsv' for command environment
[2.012s] INFO:colcon.colcon_ros.task.ament_python.build:Building ROS package in '/home/dai/ros2_study/ws01_plumbing/src/py01_topic' with build type 'ament_python'
[2.012s] Level 1:colcon.colcon_core.shell:create_environment_hook('py01_topic', 'ament_prefix_path')
[2.012s] INFO:colcon.colcon_core.shell:Creating environment hook '/home/dai/ros2_study/ws01_plumbing/install/py01_topic/share/py01_topic/hook/ament_prefix_path.ps1'
[2.014s] INFO:colcon.colcon_core.shell:Creating environment descriptor '/home/dai/ros2_study/ws01_plumbing/install/py01_topic/share/py01_topic/hook/ament_prefix_path.dsv'
[2.015s] INFO:colcon.colcon_core.shell:Creating environment hook '/home/dai/ros2_study/ws01_plumbing/install/py01_topic/share/py01_topic/hook/ament_prefix_path.sh'
[2.016s] INFO:colcon.colcon_core.shell:Skip shell extension 'powershell' for command environment: Not usable outside of PowerShell
[2.017s] DEBUG:colcon.colcon_core.shell:Skip shell extension 'dsv' for command environment
[2.050s] DEBUG:colcon.colcon_core.event_handler.log_command:Invoking command in '/home/dai/ros2_study/ws01_plumbing/build/cpp01_topic': CMAKE_PREFIX_PATH=/home/dai/ros2_study/ws01_plumbing/install/base_interfaces_demo:/home/dai/ros2_study/ws01_plumbing/install/cpp01_topic:/home/dai/robotStudy_ws/install/pkg01_helloWorld_cpp:/home/dai/ros2_study/ws01_plumbing/install/py01_topic:/home/dai/robotStudy_ws/install/pkg01_helloWorld_python:/opt/ros/humble /usr/bin/cmake --build /home/dai/ros2_study/ws01_plumbing/build/cpp01_topic -- -j4 -l4
[2.513s] INFO:colcon.colcon_core.task.python.build:Building Python package in '/home/dai/ros2_study/ws01_plumbing/src/py01_topic'
[2.514s] INFO:colcon.colcon_core.shell:Skip shell extension 'powershell' for command environment: Not usable outside of PowerShell
[2.514s] DEBUG:colcon.colcon_core.shell:Skip shell extension 'dsv' for command environment
[3.218s] DEBUG:colcon.colcon_core.event_handler.log_command:Invoking command in '/home/dai/ros2_study/ws01_plumbing/src/py01_topic': CMAKE_PREFIX_PATH=/home/dai/ros2_study/ws01_plumbing/install/base_interfaces_demo:/home/dai/ros2_study/ws01_plumbing/install/cpp01_topic:/home/dai/robotStudy_ws/install/pkg01_helloWorld_cpp PYTHONPATH=/home/dai/ros2_study/ws01_plumbing/build/py01_topic/prefix_override:/usr/lib/python3/dist-packages/colcon_core/task/python/colcon_distutils_commands:/home/dai/ros2_study/ws01_plumbing/install/py01_topic/lib/python3.10/site-packages:${PYTHONPATH} /usr/bin/python3 -W ignore:setup.py install is deprecated setup.py egg_info --egg-base ../../build/py01_topic build --build-base /home/dai/ros2_study/ws01_plumbing/build/py01_topic/build install --record /home/dai/ros2_study/ws01_plumbing/build/py01_topic/install.log --single-version-externally-managed install_data
[3.813s] Level 1:colcon.colcon_core.environment:checking '/home/dai/ros2_study/ws01_plumbing/install/py01_topic' for CMake module files
[3.813s] Level 1:colcon.colcon_core.environment:checking '/home/dai/ros2_study/ws01_plumbing/install/py01_topic' for CMake config files
[3.814s] Level 1:colcon.colcon_core.environment:checking '/home/dai/ros2_study/ws01_plumbing/install/py01_topic/lib'
[3.814s] Level 1:colcon.colcon_core.environment:checking '/home/dai/ros2_study/ws01_plumbing/install/py01_topic/bin'
[3.814s] Level 1:colcon.colcon_core.environment:checking '/home/dai/ros2_study/ws01_plumbing/install/py01_topic/lib/pkgconfig/py01_topic.pc'
[3.815s] Level 1:colcon.colcon_core.environment:checking '/home/dai/ros2_study/ws01_plumbing/install/py01_topic/lib/python3.10/site-packages'
[3.816s] Level 1:colcon.colcon_core.shell:create_environment_hook('py01_topic', 'pythonpath')
[3.816s] INFO:colcon.colcon_core.shell:Creating environment hook '/home/dai/ros2_study/ws01_plumbing/install/py01_topic/share/py01_topic/hook/pythonpath.ps1'
[3.821s] INFO:colcon.colcon_core.shell:Creating environment descriptor '/home/dai/ros2_study/ws01_plumbing/install/py01_topic/share/py01_topic/hook/pythonpath.dsv'
[3.822s] INFO:colcon.colcon_core.shell:Creating environment hook '/home/dai/ros2_study/ws01_plumbing/install/py01_topic/share/py01_topic/hook/pythonpath.sh'
[3.824s] Level 1:colcon.colcon_core.environment:checking '/home/dai/ros2_study/ws01_plumbing/install/py01_topic/bin'
[3.824s] Level 1:colcon.colcon_core.environment:create_environment_scripts_only(py01_topic)
[3.825s] INFO:colcon.colcon_core.shell:Creating package script '/home/dai/ros2_study/ws01_plumbing/install/py01_topic/share/py01_topic/package.ps1'
[3.826s] DEBUG:colcon.colcon_core.event_handler.log_command:Invoked command in '/home/dai/ros2_study/ws01_plumbing/src/py01_topic' returned '0': CMAKE_PREFIX_PATH=/home/dai/ros2_study/ws01_plumbing/install/base_interfaces_demo:/home/dai/ros2_study/ws01_plumbing/install/cpp01_topic:/home/dai/robotStudy_ws/install/pkg01_helloWorld_cpp PYTHONPATH=/home/dai/ros2_study/ws01_plumbing/build/py01_topic/prefix_override:/usr/lib/python3/dist-packages/colcon_core/task/python/colcon_distutils_commands:/home/dai/ros2_study/ws01_plumbing/install/py01_topic/lib/python3.10/site-packages:${PYTHONPATH} /usr/bin/python3 -W ignore:setup.py install is deprecated setup.py egg_info --egg-base ../../build/py01_topic build --build-base /home/dai/ros2_study/ws01_plumbing/build/py01_topic/build install --record /home/dai/ros2_study/ws01_plumbing/build/py01_topic/install.log --single-version-externally-managed install_data
[3.850s] INFO:colcon.colcon_core.shell:Creating package descriptor '/home/dai/ros2_study/ws01_plumbing/install/py01_topic/share/py01_topic/package.dsv'
[3.851s] INFO:colcon.colcon_core.shell:Creating package script '/home/dai/ros2_study/ws01_plumbing/install/py01_topic/share/py01_topic/package.sh'
[3.852s] INFO:colcon.colcon_core.shell:Creating package script '/home/dai/ros2_study/ws01_plumbing/install/py01_topic/share/py01_topic/package.bash'
[3.853s] INFO:colcon.colcon_core.shell:Creating package script '/home/dai/ros2_study/ws01_plumbing/install/py01_topic/share/py01_topic/package.zsh'
[3.854s] Level 1:colcon.colcon_core.environment:create_file_with_runtime_dependencies(/home/dai/ros2_study/ws01_plumbing/install/py01_topic/share/colcon-core/packages/py01_topic)
[8.472s] DEBUG:colcon.colcon_core.event_handler.log_command:Invoked command in '/home/dai/ros2_study/ws01_plumbing/build/cpp01_topic' returned '0': CMAKE_PREFIX_PATH=/home/dai/ros2_study/ws01_plumbing/install/base_interfaces_demo:/home/dai/ros2_study/ws01_plumbing/install/cpp01_topic:/home/dai/robotStudy_ws/install/pkg01_helloWorld_cpp:/home/dai/ros2_study/ws01_plumbing/install/py01_topic:/home/dai/robotStudy_ws/install/pkg01_helloWorld_python:/opt/ros/humble /usr/bin/cmake --build /home/dai/ros2_study/ws01_plumbing/build/cpp01_topic -- -j4 -l4
[8.560s] DEBUG:colcon.colcon_core.event_handler.log_command:Invoking command in '/home/dai/ros2_study/ws01_plumbing/build/cpp01_topic': CMAKE_PREFIX_PATH=/home/dai/ros2_study/ws01_plumbing/install/base_interfaces_demo:/home/dai/ros2_study/ws01_plumbing/install/cpp01_topic:/home/dai/robotStudy_ws/install/pkg01_helloWorld_cpp:/home/dai/ros2_study/ws01_plumbing/install/py01_topic:/home/dai/robotStudy_ws/install/pkg01_helloWorld_python:/opt/ros/humble /usr/bin/cmake --install /home/dai/ros2_study/ws01_plumbing/build/cpp01_topic
[8.583s] Level 1:colcon.colcon_core.environment:create_environment_scripts_only(cpp01_topic)
[8.583s] Level 1:colcon.colcon_core.environment:checking '/home/dai/ros2_study/ws01_plumbing/install/cpp01_topic' for CMake module files
[8.585s] Level 1:colcon.colcon_core.environment:checking '/home/dai/ros2_study/ws01_plumbing/install/cpp01_topic' for CMake config files
[8.585s] Level 1:colcon.colcon_core.shell:create_environment_hook('cpp01_topic', 'cmake_prefix_path')
[8.586s] INFO:colcon.colcon_core.shell:Creating environment hook '/home/dai/ros2_study/ws01_plumbing/install/cpp01_topic/share/cpp01_topic/hook/cmake_prefix_path.ps1'
[8.588s] INFO:colcon.colcon_core.shell:Creating environment descriptor '/home/dai/ros2_study/ws01_plumbing/install/cpp01_topic/share/cpp01_topic/hook/cmake_prefix_path.dsv'
[8.589s] INFO:colcon.colcon_core.shell:Creating environment hook '/home/dai/ros2_study/ws01_plumbing/install/cpp01_topic/share/cpp01_topic/hook/cmake_prefix_path.sh'
[8.590s] Level 1:colcon.colcon_core.environment:checking '/home/dai/ros2_study/ws01_plumbing/install/cpp01_topic/lib'
[8.590s] Level 1:colcon.colcon_core.environment:checking '/home/dai/ros2_study/ws01_plumbing/install/cpp01_topic/bin'
[8.590s] Level 1:colcon.colcon_core.environment:checking '/home/dai/ros2_study/ws01_plumbing/install/cpp01_topic/lib/pkgconfig/cpp01_topic.pc'
[8.591s] Level 1:colcon.colcon_core.environment:checking '/home/dai/ros2_study/ws01_plumbing/install/cpp01_topic/lib/python3.10/site-packages'
[8.591s] Level 1:colcon.colcon_core.environment:checking '/home/dai/ros2_study/ws01_plumbing/install/cpp01_topic/bin'
[8.591s] INFO:colcon.colcon_core.shell:Creating package script '/home/dai/ros2_study/ws01_plumbing/install/cpp01_topic/share/cpp01_topic/package.ps1'
[8.592s] INFO:colcon.colcon_core.shell:Creating package descriptor '/home/dai/ros2_study/ws01_plumbing/install/cpp01_topic/share/cpp01_topic/package.dsv'
[8.594s] INFO:colcon.colcon_core.shell:Creating package script '/home/dai/ros2_study/ws01_plumbing/install/cpp01_topic/share/cpp01_topic/package.sh'
[8.595s] INFO:colcon.colcon_core.shell:Creating package script '/home/dai/ros2_study/ws01_plumbing/install/cpp01_topic/share/cpp01_topic/package.bash'
[8.601s] DEBUG:colcon.colcon_core.event_handler.log_command:Invoked command in '/home/dai/ros2_study/ws01_plumbing/build/cpp01_topic' returned '0': CMAKE_PREFIX_PATH=/home/dai/ros2_study/ws01_plumbing/install/base_interfaces_demo:/home/dai/ros2_study/ws01_plumbing/install/cpp01_topic:/home/dai/robotStudy_ws/install/pkg01_helloWorld_cpp:/home/dai/ros2_study/ws01_plumbing/install/py01_topic:/home/dai/robotStudy_ws/install/pkg01_helloWorld_python:/opt/ros/humble /usr/bin/cmake --install /home/dai/ros2_study/ws01_plumbing/build/cpp01_topic
[8.602s] INFO:colcon.colcon_core.shell:Creating package script '/home/dai/ros2_study/ws01_plumbing/install/cpp01_topic/share/cpp01_topic/package.zsh'
[8.603s] Level 1:colcon.colcon_core.environment:create_file_with_runtime_dependencies(/home/dai/ros2_study/ws01_plumbing/install/cpp01_topic/share/colcon-core/packages/cpp01_topic)
[8.858s] Level 1:colcon.colcon_core.environment:create_environment_scripts_only(cpp01_topic)
[8.862s] Level 1:colcon.colcon_core.environment:checking '/home/dai/ros2_study/ws01_plumbing/install/cpp01_topic' for CMake module files
[8.863s] Level 1:colcon.colcon_core.environment:checking '/home/dai/ros2_study/ws01_plumbing/install/cpp01_topic' for CMake config files
[8.864s] Level 1:colcon.colcon_core.shell:create_environment_hook('cpp01_topic', 'cmake_prefix_path')
[8.864s] INFO:colcon.colcon_core.shell:Creating environment hook '/home/dai/ros2_study/ws01_plumbing/install/cpp01_topic/share/cpp01_topic/hook/cmake_prefix_path.ps1'
[8.865s] INFO:colcon.colcon_core.shell:Creating environment descriptor '/home/dai/ros2_study/ws01_plumbing/install/cpp01_topic/share/cpp01_topic/hook/cmake_prefix_path.dsv'
[8.866s] INFO:colcon.colcon_core.shell:Creating environment hook '/home/dai/ros2_study/ws01_plumbing/install/cpp01_topic/share/cpp01_topic/hook/cmake_prefix_path.sh'
[8.868s] Level 1:colcon.colcon_core.environment:checking '/home/dai/ros2_study/ws01_plumbing/install/cpp01_topic/lib'
[8.868s] Level 1:colcon.colcon_core.environment:checking '/home/dai/ros2_study/ws01_plumbing/install/cpp01_topic/bin'
[8.868s] Level 1:colcon.colcon_core.environment:checking '/home/dai/ros2_study/ws01_plumbing/install/cpp01_topic/lib/pkgconfig/cpp01_topic.pc'
[8.869s] Level 1:colcon.colcon_core.environment:checking '/home/dai/ros2_study/ws01_plumbing/install/cpp01_topic/lib/python3.10/site-packages'
[8.870s] Level 1:colcon.colcon_core.environment:checking '/home/dai/ros2_study/ws01_plumbing/install/cpp01_topic/bin'
[8.871s] INFO:colcon.colcon_core.shell:Creating package script '/home/dai/ros2_study/ws01_plumbing/install/cpp01_topic/share/cpp01_topic/package.ps1'
[8.872s] INFO:colcon.colcon_core.shell:Creating package descriptor '/home/dai/ros2_study/ws01_plumbing/install/cpp01_topic/share/cpp01_topic/package.dsv'
[8.873s] INFO:colcon.colcon_core.shell:Creating package script '/home/dai/ros2_study/ws01_plumbing/install/cpp01_topic/share/cpp01_topic/package.sh'
[8.874s] INFO:colcon.colcon_core.shell:Creating package script '/home/dai/ros2_study/ws01_plumbing/install/cpp01_topic/share/cpp01_topic/package.bash'
[8.875s] INFO:colcon.colcon_core.shell:Creating package script '/home/dai/ros2_study/ws01_plumbing/install/cpp01_topic/share/cpp01_topic/package.zsh'
[8.876s] Level 1:colcon.colcon_core.environment:create_file_with_runtime_dependencies(/home/dai/ros2_study/ws01_plumbing/install/cpp01_topic/share/colcon-core/packages/cpp01_topic)
[8.877s] DEBUG:colcon.colcon_parallel_executor.executor.parallel:closing loop
[8.878s] DEBUG:colcon.colcon_parallel_executor.executor.parallel:loop closed
[8.878s] DEBUG:colcon.colcon_parallel_executor.executor.parallel:run_until_complete finished with '0'
[8.878s] DEBUG:colcon.colcon_core.event_reactor:joining thread
[8.948s] INFO:colcon.colcon_core.plugin_system:Skipping extension 'colcon_notification.desktop_notification.terminal_notifier': Not used on non-Darwin systems
[8.948s] INFO:colcon.colcon_core.plugin_system:Skipping extension 'colcon_notification.desktop_notification.win32': Not used on non-Windows systems
[8.949s] INFO:colcon.colcon_notification.desktop_notification:Sending desktop notification using 'notify2'
[9.107s] DEBUG:colcon.colcon_core.event_reactor:joined thread
[9.108s] INFO:colcon.colcon_core.shell:Creating prefix script '/home/dai/ros2_study/ws01_plumbing/install/local_setup.ps1'
[9.111s] INFO:colcon.colcon_core.shell:Creating prefix util module '/home/dai/ros2_study/ws01_plumbing/install/_local_setup_util_ps1.py'
[9.113s] INFO:colcon.colcon_core.shell:Creating prefix chain script '/home/dai/ros2_study/ws01_plumbing/install/setup.ps1'
[9.116s] INFO:colcon.colcon_core.shell:Creating prefix script '/home/dai/ros2_study/ws01_plumbing/install/local_setup.sh'
[9.117s] INFO:colcon.colcon_core.shell:Creating prefix util module '/home/dai/ros2_study/ws01_plumbing/install/_local_setup_util_sh.py'
[9.119s] INFO:colcon.colcon_core.shell:Creating prefix chain script '/home/dai/ros2_study/ws01_plumbing/install/setup.sh'
[9.121s] INFO:colcon.colcon_core.shell:Creating prefix script '/home/dai/ros2_study/ws01_plumbing/install/local_setup.bash'
[9.123s] INFO:colcon.colcon_core.shell:Creating prefix chain script '/home/dai/ros2_study/ws01_plumbing/install/setup.bash'
[9.125s] INFO:colcon.colcon_core.shell:Creating prefix script '/home/dai/ros2_study/ws01_plumbing/install/local_setup.zsh'
[9.127s] INFO:colcon.colcon_core.shell:Creating prefix chain script '/home/dai/ros2_study/ws01_plumbing/install/setup.zsh'
