[0.037s] Invoking command in '/home/dai/ros2_study/ws01_plumbing/build/cpp02_service': CMAKE_PREFIX_PATH=/home/dai/ros2_study/ws01_plumbing/install/base_interfaces_demo:/home/dai/ros2_study/ws01_plumbing/install/cpp02_service:/home/dai/ros2_study/ws01_plumbing/install/cpp01_topic:/home/dai/robotStudy_ws/install/pkg01_helloWorld_cpp:/home/dai/ros2_study/ws01_plumbing/install/py01_topic:/home/dai/robotStudy_ws/install/pkg01_helloWorld_python:/opt/ros/humble /usr/bin/cmake --build /home/dai/ros2_study/ws01_plumbing/build/cpp02_service -- -j4 -l4
[0.133s] [35m[1mConsolidate compiler generated dependencies of target demo01_server[0m
[0.150s] [35m[1mConsolidate compiler generated dependencies of target demo02_client[0m
[0.182s] [ 50%] Built target demo01_server
[0.182s] [ 75%] [32mBuilding CXX object CMakeFiles/demo02_client.dir/src/demo02_client.cpp.o[0m
[6.417s] [100%] [32m[1mLinking CXX executable demo02_client[0m
[6.692s] [100%] Built target demo02_client
[6.714s] Invoked command in '/home/dai/ros2_study/ws01_plumbing/build/cpp02_service' returned '0': CMAKE_PREFIX_PATH=/home/dai/ros2_study/ws01_plumbing/install/base_interfaces_demo:/home/dai/ros2_study/ws01_plumbing/install/cpp02_service:/home/dai/ros2_study/ws01_plumbing/install/cpp01_topic:/home/dai/robotStudy_ws/install/pkg01_helloWorld_cpp:/home/dai/ros2_study/ws01_plumbing/install/py01_topic:/home/dai/robotStudy_ws/install/pkg01_helloWorld_python:/opt/ros/humble /usr/bin/cmake --build /home/dai/ros2_study/ws01_plumbing/build/cpp02_service -- -j4 -l4
[6.847s] Invoking command in '/home/dai/ros2_study/ws01_plumbing/build/cpp02_service': CMAKE_PREFIX_PATH=/home/dai/ros2_study/ws01_plumbing/install/base_interfaces_demo:/home/dai/ros2_study/ws01_plumbing/install/cpp02_service:/home/dai/ros2_study/ws01_plumbing/install/cpp01_topic:/home/dai/robotStudy_ws/install/pkg01_helloWorld_cpp:/home/dai/ros2_study/ws01_plumbing/install/py01_topic:/home/dai/robotStudy_ws/install/pkg01_helloWorld_python:/opt/ros/humble /usr/bin/cmake --install /home/dai/ros2_study/ws01_plumbing/build/cpp02_service
[6.893s] -- Install configuration: ""
[6.893s] -- Up-to-date: /home/dai/ros2_study/ws01_plumbing/install/cpp02_service/lib/cpp02_service/demo01_server
[6.893s] -- Installing: /home/dai/ros2_study/ws01_plumbing/install/cpp02_service/lib/cpp02_service/demo02_client
[6.899s] -- Set runtime path of "/home/dai/ros2_study/ws01_plumbing/install/cpp02_service/lib/cpp02_service/demo02_client" to ""
[6.899s] -- Up-to-date: /home/dai/ros2_study/ws01_plumbing/install/cpp02_service/share/ament_index/resource_index/package_run_dependencies/cpp02_service
[6.899s] -- Up-to-date: /home/dai/ros2_study/ws01_plumbing/install/cpp02_service/share/ament_index/resource_index/parent_prefix_path/cpp02_service
[6.899s] -- Up-to-date: /home/dai/ros2_study/ws01_plumbing/install/cpp02_service/share/cpp02_service/environment/ament_prefix_path.sh
[6.900s] -- Up-to-date: /home/dai/ros2_study/ws01_plumbing/install/cpp02_service/share/cpp02_service/environment/ament_prefix_path.dsv
[6.903s] -- Up-to-date: /home/dai/ros2_study/ws01_plumbing/install/cpp02_service/share/cpp02_service/environment/path.sh
[6.903s] -- Up-to-date: /home/dai/ros2_study/ws01_plumbing/install/cpp02_service/share/cpp02_service/environment/path.dsv
[6.903s] -- Up-to-date: /home/dai/ros2_study/ws01_plumbing/install/cpp02_service/share/cpp02_service/local_setup.bash
[6.903s] -- Up-to-date: /home/dai/ros2_study/ws01_plumbing/install/cpp02_service/share/cpp02_service/local_setup.sh
[6.903s] -- Up-to-date: /home/dai/ros2_study/ws01_plumbing/install/cpp02_service/share/cpp02_service/local_setup.zsh
[6.903s] -- Up-to-date: /home/dai/ros2_study/ws01_plumbing/install/cpp02_service/share/cpp02_service/local_setup.dsv
[6.903s] -- Installing: /home/dai/ros2_study/ws01_plumbing/install/cpp02_service/share/cpp02_service/package.dsv
[6.903s] -- Up-to-date: /home/dai/ros2_study/ws01_plumbing/install/cpp02_service/share/ament_index/resource_index/packages/cpp02_service
[6.903s] -- Up-to-date: /home/dai/ros2_study/ws01_plumbing/install/cpp02_service/share/cpp02_service/cmake/cpp02_serviceConfig.cmake
[6.904s] -- Up-to-date: /home/dai/ros2_study/ws01_plumbing/install/cpp02_service/share/cpp02_service/cmake/cpp02_serviceConfig-version.cmake
[6.904s] -- Up-to-date: /home/dai/ros2_study/ws01_plumbing/install/cpp02_service/share/cpp02_service/package.xml
[6.904s] Invoked command in '/home/dai/ros2_study/ws01_plumbing/build/cpp02_service' returned '0': CMAKE_PREFIX_PATH=/home/dai/ros2_study/ws01_plumbing/install/base_interfaces_demo:/home/dai/ros2_study/ws01_plumbing/install/cpp02_service:/home/dai/ros2_study/ws01_plumbing/install/cpp01_topic:/home/dai/robotStudy_ws/install/pkg01_helloWorld_cpp:/home/dai/ros2_study/ws01_plumbing/install/py01_topic:/home/dai/robotStudy_ws/install/pkg01_helloWorld_python:/opt/ros/humble /usr/bin/cmake --install /home/dai/ros2_study/ws01_plumbing/build/cpp02_service
