[0.039s] Invoking command in '/home/dai/ros2_study/ws01_plumbing/build/cpp03_action': CMAKE_PREFIX_PATH=/home/dai/ros2_study/ws01_plumbing/install/base_interfaces_demo:/home/dai/ros2_study/ws01_plumbing/install/cpp03_action:/home/dai/ros2_study/ws01_plumbing/install/cpp02_service:/home/dai/ros2_study/ws01_plumbing/install/cpp01_topic:/home/dai/robotStudy_ws/install/pkg01_helloWorld_cpp:/home/dai/ros2_study/ws01_plumbing/install/py01_topic:/home/dai/robotStudy_ws/install/pkg01_helloWorld_python:/opt/ros/humble /usr/bin/cmake --build /home/dai/ros2_study/ws01_plumbing/build/cpp03_action -- -j4 -l4
[0.209s] [35m[1mConsolidate compiler generated dependencies of target demo02_action_client[0m
[0.290s] [ 25%] [32mBuilding CXX object CMakeFiles/demo01_action_server.dir/src/demo01_action_server.cpp.o[0m
[0.325s] [ 50%] [32mBuilding CXX object CMakeFiles/demo02_action_client.dir/src/demo02_action_client.cpp.o[0m
[17.407s] [ 75%] [32m[1mLinking CXX executable demo01_action_server[0m
[17.949s] [ 75%] Built target demo01_action_server
[18.353s] [100%] [32m[1mLinking CXX executable demo02_action_client[0m
[18.980s] [100%] Built target demo02_action_client
[19.057s] Invoked command in '/home/dai/ros2_study/ws01_plumbing/build/cpp03_action' returned '0': CMAKE_PREFIX_PATH=/home/dai/ros2_study/ws01_plumbing/install/base_interfaces_demo:/home/dai/ros2_study/ws01_plumbing/install/cpp03_action:/home/dai/ros2_study/ws01_plumbing/install/cpp02_service:/home/dai/ros2_study/ws01_plumbing/install/cpp01_topic:/home/dai/robotStudy_ws/install/pkg01_helloWorld_cpp:/home/dai/ros2_study/ws01_plumbing/install/py01_topic:/home/dai/robotStudy_ws/install/pkg01_helloWorld_python:/opt/ros/humble /usr/bin/cmake --build /home/dai/ros2_study/ws01_plumbing/build/cpp03_action -- -j4 -l4
[19.209s] Invoking command in '/home/dai/ros2_study/ws01_plumbing/build/cpp03_action': CMAKE_PREFIX_PATH=/home/dai/ros2_study/ws01_plumbing/install/base_interfaces_demo:/home/dai/ros2_study/ws01_plumbing/install/cpp03_action:/home/dai/ros2_study/ws01_plumbing/install/cpp02_service:/home/dai/ros2_study/ws01_plumbing/install/cpp01_topic:/home/dai/robotStudy_ws/install/pkg01_helloWorld_cpp:/home/dai/ros2_study/ws01_plumbing/install/py01_topic:/home/dai/robotStudy_ws/install/pkg01_helloWorld_python:/opt/ros/humble /usr/bin/cmake --install /home/dai/ros2_study/ws01_plumbing/build/cpp03_action
[19.227s] -- Install configuration: ""
[19.229s] -- Installing: /home/dai/ros2_study/ws01_plumbing/install/cpp03_action/lib/cpp03_action/demo01_action_server
[19.232s] -- Set runtime path of "/home/dai/ros2_study/ws01_plumbing/install/cpp03_action/lib/cpp03_action/demo01_action_server" to ""
[19.237s] -- Installing: /home/dai/ros2_study/ws01_plumbing/install/cpp03_action/lib/cpp03_action/demo02_action_client
[19.240s] -- Set runtime path of "/home/dai/ros2_study/ws01_plumbing/install/cpp03_action/lib/cpp03_action/demo02_action_client" to ""
[19.244s] -- Up-to-date: /home/dai/ros2_study/ws01_plumbing/install/cpp03_action/share/ament_index/resource_index/package_run_dependencies/cpp03_action
[19.244s] -- Up-to-date: /home/dai/ros2_study/ws01_plumbing/install/cpp03_action/share/ament_index/resource_index/parent_prefix_path/cpp03_action
[19.245s] -- Up-to-date: /home/dai/ros2_study/ws01_plumbing/install/cpp03_action/share/cpp03_action/environment/ament_prefix_path.sh
[19.245s] -- Up-to-date: /home/dai/ros2_study/ws01_plumbing/install/cpp03_action/share/cpp03_action/environment/ament_prefix_path.dsv
[19.252s] -- Up-to-date: /home/dai/ros2_study/ws01_plumbing/install/cpp03_action/share/cpp03_action/environment/path.sh
[19.252s] -- Up-to-date: /home/dai/ros2_study/ws01_plumbing/install/cpp03_action/share/cpp03_action/environment/path.dsv
[19.253s] -- Up-to-date: /home/dai/ros2_study/ws01_plumbing/install/cpp03_action/share/cpp03_action/local_setup.bash
[19.253s] -- Up-to-date: /home/dai/ros2_study/ws01_plumbing/install/cpp03_action/share/cpp03_action/local_setup.sh
[19.254s] -- Up-to-date: /home/dai/ros2_study/ws01_plumbing/install/cpp03_action/share/cpp03_action/local_setup.zsh
[19.254s] -- Up-to-date: /home/dai/ros2_study/ws01_plumbing/install/cpp03_action/share/cpp03_action/local_setup.dsv
[19.254s] -- Installing: /home/dai/ros2_study/ws01_plumbing/install/cpp03_action/share/cpp03_action/package.dsv
[19.254s] -- Up-to-date: /home/dai/ros2_study/ws01_plumbing/install/cpp03_action/share/ament_index/resource_index/packages/cpp03_action
[19.254s] -- Up-to-date: /home/dai/ros2_study/ws01_plumbing/install/cpp03_action/share/cpp03_action/cmake/cpp03_actionConfig.cmake
[19.254s] -- Up-to-date: /home/dai/ros2_study/ws01_plumbing/install/cpp03_action/share/cpp03_action/cmake/cpp03_actionConfig-version.cmake
[19.254s] -- Up-to-date: /home/dai/ros2_study/ws01_plumbing/install/cpp03_action/share/cpp03_action/package.xml
[19.264s] Invoked command in '/home/dai/ros2_study/ws01_plumbing/build/cpp03_action' returned '0': CMAKE_PREFIX_PATH=/home/dai/ros2_study/ws01_plumbing/install/base_interfaces_demo:/home/dai/ros2_study/ws01_plumbing/install/cpp03_action:/home/dai/ros2_study/ws01_plumbing/install/cpp02_service:/home/dai/ros2_study/ws01_plumbing/install/cpp01_topic:/home/dai/robotStudy_ws/install/pkg01_helloWorld_cpp:/home/dai/ros2_study/ws01_plumbing/install/py01_topic:/home/dai/robotStudy_ws/install/pkg01_helloWorld_python:/opt/ros/humble /usr/bin/cmake --install /home/dai/ros2_study/ws01_plumbing/build/cpp03_action
