[0.035s] Invoking command in '/home/dai/ros2_study/ws01_plumbing/build/cpp04_param': CMAKE_PREFIX_PATH=${CMAKE_PREFIX_PATH}:/home/dai/ros2_study/ws01_plumbing/install/py01_topic:/home/dai/robotStudy_ws/install/pkg01_helloWorld_python:/opt/ros/humble /usr/bin/cmake --build /home/dai/ros2_study/ws01_plumbing/build/cpp04_param -- -j4 -l4
[0.164s] [35m[1mConsolidate compiler generated dependencies of target demo00_param[0m
[0.219s] [ 50%] [32mBuilding CXX object CMakeFiles/demo00_param.dir/src/demo00_param.cpp.o[0m
[7.123s] [100%] [32m[1mLinking CXX executable demo00_param[0m
[7.395s] [100%] Built target demo00_param
[7.427s] Invoked command in '/home/dai/ros2_study/ws01_plumbing/build/cpp04_param' returned '0': CMAKE_PREFIX_PATH=${CMAKE_PREFIX_PATH}:/home/dai/ros2_study/ws01_plumbing/install/py01_topic:/home/dai/robotStudy_ws/install/pkg01_helloWorld_python:/opt/ros/humble /usr/bin/cmake --build /home/dai/ros2_study/ws01_plumbing/build/cpp04_param -- -j4 -l4
[7.548s] Invoking command in '/home/dai/ros2_study/ws01_plumbing/build/cpp04_param': CMAKE_PREFIX_PATH=${CMAKE_PREFIX_PATH}:/home/dai/ros2_study/ws01_plumbing/install/py01_topic:/home/dai/robotStudy_ws/install/pkg01_helloWorld_python:/opt/ros/humble /usr/bin/cmake --install /home/dai/ros2_study/ws01_plumbing/build/cpp04_param
[7.559s] -- Install configuration: ""
[7.559s] -- Installing: /home/dai/ros2_study/ws01_plumbing/install/cpp04_param/lib/cpp04_param/demo00_param
[7.560s] -- Set runtime path of "/home/dai/ros2_study/ws01_plumbing/install/cpp04_param/lib/cpp04_param/demo00_param" to ""
[7.561s] -- Up-to-date: /home/dai/ros2_study/ws01_plumbing/install/cpp04_param/share/ament_index/resource_index/package_run_dependencies/cpp04_param
[7.561s] -- Up-to-date: /home/dai/ros2_study/ws01_plumbing/install/cpp04_param/share/ament_index/resource_index/parent_prefix_path/cpp04_param
[7.561s] -- Up-to-date: /home/dai/ros2_study/ws01_plumbing/install/cpp04_param/share/cpp04_param/environment/ament_prefix_path.sh
[7.561s] -- Up-to-date: /home/dai/ros2_study/ws01_plumbing/install/cpp04_param/share/cpp04_param/environment/ament_prefix_path.dsv
[7.561s] -- Up-to-date: /home/dai/ros2_study/ws01_plumbing/install/cpp04_param/share/cpp04_param/environment/path.sh
[7.561s] -- Up-to-date: /home/dai/ros2_study/ws01_plumbing/install/cpp04_param/share/cpp04_param/environment/path.dsv
[7.562s] -- Up-to-date: /home/dai/ros2_study/ws01_plumbing/install/cpp04_param/share/cpp04_param/local_setup.bash
[7.562s] -- Up-to-date: /home/dai/ros2_study/ws01_plumbing/install/cpp04_param/share/cpp04_param/local_setup.sh
[7.562s] -- Up-to-date: /home/dai/ros2_study/ws01_plumbing/install/cpp04_param/share/cpp04_param/local_setup.zsh
[7.563s] -- Up-to-date: /home/dai/ros2_study/ws01_plumbing/install/cpp04_param/share/cpp04_param/local_setup.dsv
[7.563s] -- Installing: /home/dai/ros2_study/ws01_plumbing/install/cpp04_param/share/cpp04_param/package.dsv
[7.564s] -- Up-to-date: /home/dai/ros2_study/ws01_plumbing/install/cpp04_param/share/ament_index/resource_index/packages/cpp04_param
[7.564s] -- Up-to-date: /home/dai/ros2_study/ws01_plumbing/install/cpp04_param/share/cpp04_param/cmake/cpp04_paramConfig.cmake
[7.564s] -- Up-to-date: /home/dai/ros2_study/ws01_plumbing/install/cpp04_param/share/cpp04_param/cmake/cpp04_paramConfig-version.cmake
[7.564s] -- Up-to-date: /home/dai/ros2_study/ws01_plumbing/install/cpp04_param/share/cpp04_param/package.xml
[7.592s] Invoked command in '/home/dai/ros2_study/ws01_plumbing/build/cpp04_param' returned '0': CMAKE_PREFIX_PATH=${CMAKE_PREFIX_PATH}:/home/dai/ros2_study/ws01_plumbing/install/py01_topic:/home/dai/robotStudy_ws/install/pkg01_helloWorld_python:/opt/ros/humble /usr/bin/cmake --install /home/dai/ros2_study/ws01_plumbing/build/cpp04_param
