[0.031s] Invoking command in '/home/dai/ros2_study/ws01_plumbing/build/cpp03_action': CMAKE_PREFIX_PATH=/home/dai/ros2_study/ws01_plumbing/install/base_interfaces_demo:/home/dai/ros2_study/ws01_plumbing/install/cpp03_action:/home/dai/ros2_study/ws01_plumbing/install/cpp02_service:/home/dai/ros2_study/ws01_plumbing/install/cpp01_topic:/home/dai/robotStudy_ws/install/pkg01_helloWorld_cpp:/home/dai/ros2_study/ws01_plumbing/install/py01_topic:/home/dai/robotStudy_ws/install/pkg01_helloWorld_python:/opt/ros/humble /usr/bin/cmake --build /home/dai/ros2_study/ws01_plumbing/build/cpp03_action -- -j4 -l4
[0.168s] -- Found ament_cmake: 1.3.9 (/opt/ros/humble/share/ament_cmake/cmake)
[0.384s] -- Found rclcpp: 16.0.9 (/opt/ros/humble/share/rclcpp/cmake)
[0.463s] -- Found rosidl_generator_c: 3.1.5 (/opt/ros/humble/share/rosidl_generator_c/cmake)
[0.468s] -- Found rosidl_adapter: 3.1.5 (/opt/ros/humble/share/rosidl_adapter/cmake)
[0.477s] -- Found rosidl_generator_cpp: 3.1.5 (/opt/ros/humble/share/rosidl_generator_cpp/cmake)
[0.493s] -- Using all available rosidl_typesupport_c: rosidl_typesupport_fastrtps_c;rosidl_typesupport_introspection_c
[0.524s] -- Using all available rosidl_typesupport_cpp: rosidl_typesupport_fastrtps_cpp;rosidl_typesupport_introspection_cpp
[0.608s] -- Found rmw_implementation_cmake: 6.1.2 (/opt/ros/humble/share/rmw_implementation_cmake/cmake)
[0.610s] -- Found rmw_fastrtps_cpp: 6.2.6 (/opt/ros/humble/share/rmw_fastrtps_cpp/cmake)
[0.846s] -- Using RMW implementation 'rmw_fastrtps_cpp' as default
[1.144s] -- Found rclcpp_action: 16.0.9 (/opt/ros/humble/share/rclcpp_action/cmake)
[1.282s] -- Found base_interfaces_demo: 0.0.0 (/home/dai/ros2_study/ws01_plumbing/install/base_interfaces_demo/share/base_interfaces_demo/cmake)
[1.360s] -- Found ament_lint_auto: 0.12.11 (/opt/ros/humble/share/ament_lint_auto/cmake)
[1.469s] -- Added test 'cppcheck' to perform static code analysis on C / C++ code
[1.470s] -- Configured cppcheck include dirs: $<BUILD_INTERFACE:/home/dai/ros2_study/ws01_plumbing/src/cpp03_action/include>
[1.470s] -- Configured cppcheck exclude dirs and/or files: 
[1.470s] -- Added test 'lint_cmake' to check CMake code style
[1.473s] -- Added test 'uncrustify' to check C / C++ code style
[1.474s] -- Configured uncrustify additional arguments: 
[1.474s] -- Added test 'xmllint' to check XML markup files
[1.475s] -- Configuring done
[1.548s] -- Generating done
[1.552s] -- Build files have been written to: /home/dai/ros2_study/ws01_plumbing/build/cpp03_action
[1.595s] [35m[1mConsolidate compiler generated dependencies of target demo01_action_server[0m
[1.620s] [ 25%] [32mBuilding CXX object CMakeFiles/demo01_action_server.dir/src/demo01_action_server.cpp.o[0m
[1.626s] [ 50%] [32mBuilding CXX object CMakeFiles/demo02_action_client.dir/src/demo02_action_client.cpp.o[0m
[6.667s] [ 75%] [32m[1mLinking CXX executable demo01_action_server[0m
[6.782s] [100%] [32m[1mLinking CXX executable demo02_action_client[0m
[6.936s] [100%] Built target demo01_action_server
[6.999s] [100%] Built target demo02_action_client
[7.020s] Invoked command in '/home/dai/ros2_study/ws01_plumbing/build/cpp03_action' returned '0': CMAKE_PREFIX_PATH=/home/dai/ros2_study/ws01_plumbing/install/base_interfaces_demo:/home/dai/ros2_study/ws01_plumbing/install/cpp03_action:/home/dai/ros2_study/ws01_plumbing/install/cpp02_service:/home/dai/ros2_study/ws01_plumbing/install/cpp01_topic:/home/dai/robotStudy_ws/install/pkg01_helloWorld_cpp:/home/dai/ros2_study/ws01_plumbing/install/py01_topic:/home/dai/robotStudy_ws/install/pkg01_helloWorld_python:/opt/ros/humble /usr/bin/cmake --build /home/dai/ros2_study/ws01_plumbing/build/cpp03_action -- -j4 -l4
[7.106s] Invoking command in '/home/dai/ros2_study/ws01_plumbing/build/cpp03_action': CMAKE_PREFIX_PATH=/home/dai/ros2_study/ws01_plumbing/install/base_interfaces_demo:/home/dai/ros2_study/ws01_plumbing/install/cpp03_action:/home/dai/ros2_study/ws01_plumbing/install/cpp02_service:/home/dai/ros2_study/ws01_plumbing/install/cpp01_topic:/home/dai/robotStudy_ws/install/pkg01_helloWorld_cpp:/home/dai/ros2_study/ws01_plumbing/install/py01_topic:/home/dai/robotStudy_ws/install/pkg01_helloWorld_python:/opt/ros/humble /usr/bin/cmake --install /home/dai/ros2_study/ws01_plumbing/build/cpp03_action
[7.121s] -- Install configuration: ""
[7.122s] -- Installing: /home/dai/ros2_study/ws01_plumbing/install/cpp03_action/lib/cpp03_action/demo01_action_server
[7.123s] -- Set runtime path of "/home/dai/ros2_study/ws01_plumbing/install/cpp03_action/lib/cpp03_action/demo01_action_server" to ""
[7.123s] -- Installing: /home/dai/ros2_study/ws01_plumbing/install/cpp03_action/lib/cpp03_action/demo02_action_client
[7.123s] -- Set runtime path of "/home/dai/ros2_study/ws01_plumbing/install/cpp03_action/lib/cpp03_action/demo02_action_client" to ""
[7.123s] -- Up-to-date: /home/dai/ros2_study/ws01_plumbing/install/cpp03_action/share/ament_index/resource_index/package_run_dependencies/cpp03_action
[7.124s] -- Installing: /home/dai/ros2_study/ws01_plumbing/install/cpp03_action/share/ament_index/resource_index/parent_prefix_path/cpp03_action
[7.127s] -- Up-to-date: /home/dai/ros2_study/ws01_plumbing/install/cpp03_action/share/cpp03_action/environment/ament_prefix_path.sh
[7.127s] -- Installing: /home/dai/ros2_study/ws01_plumbing/install/cpp03_action/share/cpp03_action/environment/ament_prefix_path.dsv
[7.127s] -- Up-to-date: /home/dai/ros2_study/ws01_plumbing/install/cpp03_action/share/cpp03_action/environment/path.sh
[7.128s] -- Installing: /home/dai/ros2_study/ws01_plumbing/install/cpp03_action/share/cpp03_action/environment/path.dsv
[7.128s] -- Up-to-date: /home/dai/ros2_study/ws01_plumbing/install/cpp03_action/share/cpp03_action/local_setup.bash
[7.128s] -- Up-to-date: /home/dai/ros2_study/ws01_plumbing/install/cpp03_action/share/cpp03_action/local_setup.sh
[7.128s] -- Up-to-date: /home/dai/ros2_study/ws01_plumbing/install/cpp03_action/share/cpp03_action/local_setup.zsh
[7.129s] -- Installing: /home/dai/ros2_study/ws01_plumbing/install/cpp03_action/share/cpp03_action/local_setup.dsv
[7.129s] -- Installing: /home/dai/ros2_study/ws01_plumbing/install/cpp03_action/share/cpp03_action/package.dsv
[7.130s] -- Up-to-date: /home/dai/ros2_study/ws01_plumbing/install/cpp03_action/share/ament_index/resource_index/packages/cpp03_action
[7.131s] -- Up-to-date: /home/dai/ros2_study/ws01_plumbing/install/cpp03_action/share/cpp03_action/cmake/cpp03_actionConfig.cmake
[7.131s] -- Up-to-date: /home/dai/ros2_study/ws01_plumbing/install/cpp03_action/share/cpp03_action/cmake/cpp03_actionConfig-version.cmake
[7.131s] -- Up-to-date: /home/dai/ros2_study/ws01_plumbing/install/cpp03_action/share/cpp03_action/package.xml
[7.131s] Invoked command in '/home/dai/ros2_study/ws01_plumbing/build/cpp03_action' returned '0': CMAKE_PREFIX_PATH=/home/dai/ros2_study/ws01_plumbing/install/base_interfaces_demo:/home/dai/ros2_study/ws01_plumbing/install/cpp03_action:/home/dai/ros2_study/ws01_plumbing/install/cpp02_service:/home/dai/ros2_study/ws01_plumbing/install/cpp01_topic:/home/dai/robotStudy_ws/install/pkg01_helloWorld_cpp:/home/dai/ros2_study/ws01_plumbing/install/py01_topic:/home/dai/robotStudy_ws/install/pkg01_helloWorld_python:/opt/ros/humble /usr/bin/cmake --install /home/dai/ros2_study/ws01_plumbing/build/cpp03_action
