[0.721s] DEBUG:colcon:Command line arguments: ['/usr/bin/colcon', 'build', '--packages-select', 'cpp02_service']
[0.721s] DEBUG:colcon:Parsed command line arguments: Namespace(log_base=None, log_level=None, verb_name='build', build_base='build', install_base='install', merge_install=False, symlink_install=False, test_result_base=None, continue_on_error=False, executor='parallel', parallel_workers=4, event_handlers=None, ignore_user_meta=False, metas=['./colcon.meta'], base_paths=['.'], packages_ignore=None, packages_ignore_regex=None, paths=None, packages_up_to=None, packages_up_to_regex=None, packages_above=None, packages_above_and_dependencies=None, packages_above_depth=None, packages_select_by_dep=None, packages_skip_by_dep=None, packages_skip_up_to=None, packages_select_build_failed=False, packages_skip_build_finished=False, packages_select_test_failures=False, packages_skip_test_passed=False, packages_select=['cpp02_service'], packages_skip=None, packages_select_regex=None, packages_skip_regex=None, packages_start=None, packages_end=None, allow_overriding=[], cmake_args=None, cmake_target=None, cmake_target_skip_unavailable=False, cmake_clean_cache=False, cmake_clean_first=False, cmake_force_configure=False, ament_cmake_args=None, catkin_cmake_args=None, catkin_skip_building_tests=False, verb_parser=<colcon_defaults.argument_parser.defaults.DefaultArgumentsDecorator object at 0x76085bdfb9a0>, verb_extension=<colcon_core.verb.build.BuildVerb object at 0x76085c3077c0>, main=<bound method BuildVerb.main of <colcon_core.verb.build.BuildVerb object at 0x76085c3077c0>>)
[3.770s] Level 1:colcon.colcon_core.package_discovery:discover_packages(colcon_meta) check parameters
[3.770s] Level 1:colcon.colcon_core.package_discovery:discover_packages(recursive) check parameters
[3.770s] Level 1:colcon.colcon_core.package_discovery:discover_packages(ignore) check parameters
[3.770s] Level 1:colcon.colcon_core.package_discovery:discover_packages(path) check parameters
[3.770s] Level 1:colcon.colcon_core.package_discovery:discover_packages(colcon_meta) discover
[3.770s] Level 1:colcon.colcon_core.package_discovery:discover_packages(recursive) discover
[3.770s] INFO:colcon.colcon_core.package_discovery:Crawling recursively for packages in '/home/dai/ros2_study/ws01_plumbing'
[3.771s] Level 1:colcon.colcon_core.package_identification:_identify(.) by extensions ['ignore', 'ignore_ament_install']
[3.771s] Level 1:colcon.colcon_core.package_identification:_identify(.) by extension 'ignore'
[3.771s] Level 1:colcon.colcon_core.package_identification:_identify(.) by extension 'ignore_ament_install'
[3.771s] Level 1:colcon.colcon_core.package_identification:_identify(.) by extensions ['colcon_pkg']
[3.771s] Level 1:colcon.colcon_core.package_identification:_identify(.) by extension 'colcon_pkg'
[3.771s] Level 1:colcon.colcon_core.package_identification:_identify(.) by extensions ['colcon_meta']
[3.771s] Level 1:colcon.colcon_core.package_identification:_identify(.) by extension 'colcon_meta'
[3.771s] Level 1:colcon.colcon_core.package_identification:_identify(.) by extensions ['ros']
[3.771s] Level 1:colcon.colcon_core.package_identification:_identify(.) by extension 'ros'
[3.785s] Level 1:colcon.colcon_core.package_identification:_identify(.) by extensions ['cmake', 'python']
[3.786s] Level 1:colcon.colcon_core.package_identification:_identify(.) by extension 'cmake'
[3.786s] Level 1:colcon.colcon_core.package_identification:_identify(.) by extension 'python'
[3.786s] Level 1:colcon.colcon_core.package_identification:_identify(.) by extensions ['python_setup_py']
[3.786s] Level 1:colcon.colcon_core.package_identification:_identify(.) by extension 'python_setup_py'
[3.786s] Level 1:colcon.colcon_core.package_identification:_identify(build) by extensions ['ignore', 'ignore_ament_install']
[3.786s] Level 1:colcon.colcon_core.package_identification:_identify(build) by extension 'ignore'
[3.786s] Level 1:colcon.colcon_core.package_identification:_identify(build) ignored
[3.786s] Level 1:colcon.colcon_core.package_identification:_identify(install) by extensions ['ignore', 'ignore_ament_install']
[3.787s] Level 1:colcon.colcon_core.package_identification:_identify(install) by extension 'ignore'
[3.787s] Level 1:colcon.colcon_core.package_identification:_identify(install) ignored
[3.787s] Level 1:colcon.colcon_core.package_identification:_identify(log) by extensions ['ignore', 'ignore_ament_install']
[3.787s] Level 1:colcon.colcon_core.package_identification:_identify(log) by extension 'ignore'
[3.787s] Level 1:colcon.colcon_core.package_identification:_identify(log) ignored
[3.787s] Level 1:colcon.colcon_core.package_identification:_identify(src) by extensions ['ignore', 'ignore_ament_install']
[3.787s] Level 1:colcon.colcon_core.package_identification:_identify(src) by extension 'ignore'
[3.788s] Level 1:colcon.colcon_core.package_identification:_identify(src) by extension 'ignore_ament_install'
[3.788s] Level 1:colcon.colcon_core.package_identification:_identify(src) by extensions ['colcon_pkg']
[3.788s] Level 1:colcon.colcon_core.package_identification:_identify(src) by extension 'colcon_pkg'
[3.788s] Level 1:colcon.colcon_core.package_identification:_identify(src) by extensions ['colcon_meta']
[3.788s] Level 1:colcon.colcon_core.package_identification:_identify(src) by extension 'colcon_meta'
[3.788s] Level 1:colcon.colcon_core.package_identification:_identify(src) by extensions ['ros']
[3.788s] Level 1:colcon.colcon_core.package_identification:_identify(src) by extension 'ros'
[3.788s] Level 1:colcon.colcon_core.package_identification:_identify(src) by extensions ['cmake', 'python']
[3.788s] Level 1:colcon.colcon_core.package_identification:_identify(src) by extension 'cmake'
[3.788s] Level 1:colcon.colcon_core.package_identification:_identify(src) by extension 'python'
[3.788s] Level 1:colcon.colcon_core.package_identification:_identify(src) by extensions ['python_setup_py']
[3.788s] Level 1:colcon.colcon_core.package_identification:_identify(src) by extension 'python_setup_py'
[3.789s] Level 1:colcon.colcon_core.package_identification:_identify(src/base_interfaces_demo) by extensions ['ignore', 'ignore_ament_install']
[3.789s] Level 1:colcon.colcon_core.package_identification:_identify(src/base_interfaces_demo) by extension 'ignore'
[3.789s] Level 1:colcon.colcon_core.package_identification:_identify(src/base_interfaces_demo) by extension 'ignore_ament_install'
[3.789s] Level 1:colcon.colcon_core.package_identification:_identify(src/base_interfaces_demo) by extensions ['colcon_pkg']
[3.789s] Level 1:colcon.colcon_core.package_identification:_identify(src/base_interfaces_demo) by extension 'colcon_pkg'
[3.789s] Level 1:colcon.colcon_core.package_identification:_identify(src/base_interfaces_demo) by extensions ['colcon_meta']
[3.789s] Level 1:colcon.colcon_core.package_identification:_identify(src/base_interfaces_demo) by extension 'colcon_meta'
[3.789s] Level 1:colcon.colcon_core.package_identification:_identify(src/base_interfaces_demo) by extensions ['ros']
[3.789s] Level 1:colcon.colcon_core.package_identification:_identify(src/base_interfaces_demo) by extension 'ros'
[3.827s] DEBUG:colcon.colcon_core.package_identification:Package 'src/base_interfaces_demo' with type 'ros.ament_cmake' and name 'base_interfaces_demo'
[3.827s] Level 1:colcon.colcon_core.package_identification:_identify(src/cpp01_topic) by extensions ['ignore', 'ignore_ament_install']
[3.827s] Level 1:colcon.colcon_core.package_identification:_identify(src/cpp01_topic) by extension 'ignore'
[3.827s] Level 1:colcon.colcon_core.package_identification:_identify(src/cpp01_topic) by extension 'ignore_ament_install'
[3.827s] Level 1:colcon.colcon_core.package_identification:_identify(src/cpp01_topic) by extensions ['colcon_pkg']
[3.827s] Level 1:colcon.colcon_core.package_identification:_identify(src/cpp01_topic) by extension 'colcon_pkg'
[3.828s] Level 1:colcon.colcon_core.package_identification:_identify(src/cpp01_topic) by extensions ['colcon_meta']
[3.828s] Level 1:colcon.colcon_core.package_identification:_identify(src/cpp01_topic) by extension 'colcon_meta'
[3.828s] Level 1:colcon.colcon_core.package_identification:_identify(src/cpp01_topic) by extensions ['ros']
[3.828s] Level 1:colcon.colcon_core.package_identification:_identify(src/cpp01_topic) by extension 'ros'
[3.840s] DEBUG:colcon.colcon_core.package_identification:Package 'src/cpp01_topic' with type 'ros.ament_cmake' and name 'cpp01_topic'
[3.841s] Level 1:colcon.colcon_core.package_identification:_identify(src/cpp02_service) by extensions ['ignore', 'ignore_ament_install']
[3.841s] Level 1:colcon.colcon_core.package_identification:_identify(src/cpp02_service) by extension 'ignore'
[3.841s] Level 1:colcon.colcon_core.package_identification:_identify(src/cpp02_service) by extension 'ignore_ament_install'
[3.842s] Level 1:colcon.colcon_core.package_identification:_identify(src/cpp02_service) by extensions ['colcon_pkg']
[3.842s] Level 1:colcon.colcon_core.package_identification:_identify(src/cpp02_service) by extension 'colcon_pkg'
[3.842s] Level 1:colcon.colcon_core.package_identification:_identify(src/cpp02_service) by extensions ['colcon_meta']
[3.842s] Level 1:colcon.colcon_core.package_identification:_identify(src/cpp02_service) by extension 'colcon_meta'
[3.842s] Level 1:colcon.colcon_core.package_identification:_identify(src/cpp02_service) by extensions ['ros']
[3.842s] Level 1:colcon.colcon_core.package_identification:_identify(src/cpp02_service) by extension 'ros'
[3.844s] DEBUG:colcon.colcon_core.package_identification:Package 'src/cpp02_service' with type 'ros.ament_cmake' and name 'cpp02_service'
[3.844s] Level 1:colcon.colcon_core.package_identification:_identify(src/py01_topic) by extensions ['ignore', 'ignore_ament_install']
[3.844s] Level 1:colcon.colcon_core.package_identification:_identify(src/py01_topic) by extension 'ignore'
[3.845s] Level 1:colcon.colcon_core.package_identification:_identify(src/py01_topic) by extension 'ignore_ament_install'
[3.845s] Level 1:colcon.colcon_core.package_identification:_identify(src/py01_topic) by extensions ['colcon_pkg']
[3.845s] Level 1:colcon.colcon_core.package_identification:_identify(src/py01_topic) by extension 'colcon_pkg'
[3.845s] Level 1:colcon.colcon_core.package_identification:_identify(src/py01_topic) by extensions ['colcon_meta']
[3.846s] Level 1:colcon.colcon_core.package_identification:_identify(src/py01_topic) by extension 'colcon_meta'
[3.846s] Level 1:colcon.colcon_core.package_identification:_identify(src/py01_topic) by extensions ['ros']
[3.846s] Level 1:colcon.colcon_core.package_identification:_identify(src/py01_topic) by extension 'ros'
[3.852s] DEBUG:colcon.colcon_core.package_identification:Package 'src/py01_topic' with type 'ros.ament_python' and name 'py01_topic'
[3.852s] Level 1:colcon.colcon_core.package_discovery:discover_packages(recursive) using defaults
[3.853s] Level 1:colcon.colcon_core.package_discovery:discover_packages(ignore) discover
[3.853s] Level 1:colcon.colcon_core.package_discovery:discover_packages(ignore) using defaults
[3.853s] Level 1:colcon.colcon_core.package_discovery:discover_packages(path) discover
[3.853s] Level 1:colcon.colcon_core.package_discovery:discover_packages(path) using defaults
[4.040s] INFO:colcon.colcon_core.package_selection:Skipping not selected package 'base_interfaces_demo' in 'src/base_interfaces_demo'
[4.040s] INFO:colcon.colcon_core.package_selection:Skipping not selected package 'cpp01_topic' in 'src/cpp01_topic'
[4.040s] INFO:colcon.colcon_core.package_selection:Skipping not selected package 'py01_topic' in 'src/py01_topic'
[4.041s] Level 1:colcon.colcon_core.package_discovery:discover_packages(prefix_path) check parameters
[4.041s] Level 1:colcon.colcon_core.package_discovery:discover_packages(prefix_path) discover
[4.081s] DEBUG:colcon.colcon_installed_package_information.package_discovery:Found 2 installed packages in /home/dai/robotStudy_ws/install
[4.083s] DEBUG:colcon.colcon_installed_package_information.package_discovery:Found 270 installed packages in /opt/ros/humble
[4.084s] Level 1:colcon.colcon_core.package_discovery:discover_packages(prefix_path) using defaults
[4.202s] Level 5:colcon.colcon_core.verb:set package 'cpp02_service' build argument 'cmake_args' from command line to 'None'
[4.202s] Level 5:colcon.colcon_core.verb:set package 'cpp02_service' build argument 'cmake_target' from command line to 'None'
[4.202s] Level 5:colcon.colcon_core.verb:set package 'cpp02_service' build argument 'cmake_target_skip_unavailable' from command line to 'False'
[4.202s] Level 5:colcon.colcon_core.verb:set package 'cpp02_service' build argument 'cmake_clean_cache' from command line to 'False'
[4.203s] Level 5:colcon.colcon_core.verb:set package 'cpp02_service' build argument 'cmake_clean_first' from command line to 'False'
[4.203s] Level 5:colcon.colcon_core.verb:set package 'cpp02_service' build argument 'cmake_force_configure' from command line to 'False'
[4.203s] Level 5:colcon.colcon_core.verb:set package 'cpp02_service' build argument 'ament_cmake_args' from command line to 'None'
[4.203s] Level 5:colcon.colcon_core.verb:set package 'cpp02_service' build argument 'catkin_cmake_args' from command line to 'None'
[4.203s] Level 5:colcon.colcon_core.verb:set package 'cpp02_service' build argument 'catkin_skip_building_tests' from command line to 'False'
[4.203s] DEBUG:colcon.colcon_core.verb:Building package 'cpp02_service' with the following arguments: {'ament_cmake_args': None, 'build_base': '/home/dai/ros2_study/ws01_plumbing/build/cpp02_service', 'catkin_cmake_args': None, 'catkin_skip_building_tests': False, 'cmake_args': None, 'cmake_clean_cache': False, 'cmake_clean_first': False, 'cmake_force_configure': False, 'cmake_target': None, 'cmake_target_skip_unavailable': False, 'install_base': '/home/dai/ros2_study/ws01_plumbing/install/cpp02_service', 'merge_install': False, 'path': '/home/dai/ros2_study/ws01_plumbing/src/cpp02_service', 'symlink_install': False, 'test_result_base': None}
[4.203s] INFO:colcon.colcon_core.executor:Executing jobs using 'parallel' executor
[4.205s] DEBUG:colcon.colcon_parallel_executor.executor.parallel:run_until_complete
[4.206s] INFO:colcon.colcon_ros.task.ament_cmake.build:Building ROS package in '/home/dai/ros2_study/ws01_plumbing/src/cpp02_service' with build type 'ament_cmake'
[4.206s] INFO:colcon.colcon_cmake.task.cmake.build:Building CMake package in '/home/dai/ros2_study/ws01_plumbing/src/cpp02_service'
[4.248s] INFO:colcon.colcon_core.plugin_system:Skipping extension 'colcon_core.shell.bat': Not used on non-Windows systems
[4.248s] INFO:colcon.colcon_core.shell:Skip shell extension 'powershell' for command environment: Not usable outside of PowerShell
[4.248s] DEBUG:colcon.colcon_core.shell:Skip shell extension 'dsv' for command environment
[4.339s] DEBUG:colcon.colcon_core.event_handler.log_command:Invoking command in '/home/dai/ros2_study/ws01_plumbing/build/cpp02_service': AMENT_PREFIX_PATH=/home/dai/ros2_study/ws01_plumbing/install/base_interfaces_demo:${AMENT_PREFIX_PATH} CMAKE_PREFIX_PATH=/home/dai/ros2_study/ws01_plumbing/install/base_interfaces_demo:/home/dai/robotStudy_ws/install/pkg01_helloWorld_cpp:/home/dai/robotStudy_ws/install/pkg01_helloWorld_python:/opt/ros/humble LD_LIBRARY_PATH=/home/dai/ros2_study/ws01_plumbing/install/base_interfaces_demo/lib:${LD_LIBRARY_PATH} PYTHONPATH=/home/dai/ros2_study/ws01_plumbing/install/base_interfaces_demo/local/lib/python3.10/dist-packages:${PYTHONPATH} /usr/bin/cmake /home/dai/ros2_study/ws01_plumbing/src/cpp02_service -DCMAKE_INSTALL_PREFIX=/home/dai/ros2_study/ws01_plumbing/install/cpp02_service
[11.175s] DEBUG:colcon.colcon_core.event_handler.log_command:Invoked command in '/home/dai/ros2_study/ws01_plumbing/build/cpp02_service' returned '0': AMENT_PREFIX_PATH=/home/dai/ros2_study/ws01_plumbing/install/base_interfaces_demo:${AMENT_PREFIX_PATH} CMAKE_PREFIX_PATH=/home/dai/ros2_study/ws01_plumbing/install/base_interfaces_demo:/home/dai/robotStudy_ws/install/pkg01_helloWorld_cpp:/home/dai/robotStudy_ws/install/pkg01_helloWorld_python:/opt/ros/humble LD_LIBRARY_PATH=/home/dai/ros2_study/ws01_plumbing/install/base_interfaces_demo/lib:${LD_LIBRARY_PATH} PYTHONPATH=/home/dai/ros2_study/ws01_plumbing/install/base_interfaces_demo/local/lib/python3.10/dist-packages:${PYTHONPATH} /usr/bin/cmake /home/dai/ros2_study/ws01_plumbing/src/cpp02_service -DCMAKE_INSTALL_PREFIX=/home/dai/ros2_study/ws01_plumbing/install/cpp02_service
[11.177s] DEBUG:colcon.colcon_core.event_handler.log_command:Invoking command in '/home/dai/ros2_study/ws01_plumbing/build/cpp02_service': AMENT_PREFIX_PATH=/home/dai/ros2_study/ws01_plumbing/install/base_interfaces_demo:${AMENT_PREFIX_PATH} CMAKE_PREFIX_PATH=/home/dai/ros2_study/ws01_plumbing/install/base_interfaces_demo:/home/dai/robotStudy_ws/install/pkg01_helloWorld_cpp:/home/dai/robotStudy_ws/install/pkg01_helloWorld_python:/opt/ros/humble LD_LIBRARY_PATH=/home/dai/ros2_study/ws01_plumbing/install/base_interfaces_demo/lib:${LD_LIBRARY_PATH} PYTHONPATH=/home/dai/ros2_study/ws01_plumbing/install/base_interfaces_demo/local/lib/python3.10/dist-packages:${PYTHONPATH} /usr/bin/cmake --build /home/dai/ros2_study/ws01_plumbing/build/cpp02_service -- -j4 -l4
[11.782s] DEBUG:colcon.colcon_core.event_handler.log_command:Invoked command in '/home/dai/ros2_study/ws01_plumbing/build/cpp02_service' returned '0': AMENT_PREFIX_PATH=/home/dai/ros2_study/ws01_plumbing/install/base_interfaces_demo:${AMENT_PREFIX_PATH} CMAKE_PREFIX_PATH=/home/dai/ros2_study/ws01_plumbing/install/base_interfaces_demo:/home/dai/robotStudy_ws/install/pkg01_helloWorld_cpp:/home/dai/robotStudy_ws/install/pkg01_helloWorld_python:/opt/ros/humble LD_LIBRARY_PATH=/home/dai/ros2_study/ws01_plumbing/install/base_interfaces_demo/lib:${LD_LIBRARY_PATH} PYTHONPATH=/home/dai/ros2_study/ws01_plumbing/install/base_interfaces_demo/local/lib/python3.10/dist-packages:${PYTHONPATH} /usr/bin/cmake --build /home/dai/ros2_study/ws01_plumbing/build/cpp02_service -- -j4 -l4
[11.869s] DEBUG:colcon.colcon_core.event_handler.log_command:Invoking command in '/home/dai/ros2_study/ws01_plumbing/build/cpp02_service': AMENT_PREFIX_PATH=/home/dai/ros2_study/ws01_plumbing/install/base_interfaces_demo:${AMENT_PREFIX_PATH} CMAKE_PREFIX_PATH=/home/dai/ros2_study/ws01_plumbing/install/base_interfaces_demo:/home/dai/robotStudy_ws/install/pkg01_helloWorld_cpp:/home/dai/robotStudy_ws/install/pkg01_helloWorld_python:/opt/ros/humble LD_LIBRARY_PATH=/home/dai/ros2_study/ws01_plumbing/install/base_interfaces_demo/lib:${LD_LIBRARY_PATH} PYTHONPATH=/home/dai/ros2_study/ws01_plumbing/install/base_interfaces_demo/local/lib/python3.10/dist-packages:${PYTHONPATH} /usr/bin/cmake --install /home/dai/ros2_study/ws01_plumbing/build/cpp02_service
[11.893s] Level 1:colcon.colcon_core.environment:create_environment_scripts_only(cpp02_service)
[11.894s] DEBUG:colcon.colcon_core.event_handler.log_command:Invoked command in '/home/dai/ros2_study/ws01_plumbing/build/cpp02_service' returned '0': AMENT_PREFIX_PATH=/home/dai/ros2_study/ws01_plumbing/install/base_interfaces_demo:${AMENT_PREFIX_PATH} CMAKE_PREFIX_PATH=/home/dai/ros2_study/ws01_plumbing/install/base_interfaces_demo:/home/dai/robotStudy_ws/install/pkg01_helloWorld_cpp:/home/dai/robotStudy_ws/install/pkg01_helloWorld_python:/opt/ros/humble LD_LIBRARY_PATH=/home/dai/ros2_study/ws01_plumbing/install/base_interfaces_demo/lib:${LD_LIBRARY_PATH} PYTHONPATH=/home/dai/ros2_study/ws01_plumbing/install/base_interfaces_demo/local/lib/python3.10/dist-packages:${PYTHONPATH} /usr/bin/cmake --install /home/dai/ros2_study/ws01_plumbing/build/cpp02_service
[11.935s] Level 1:colcon.colcon_core.environment:checking '/home/dai/ros2_study/ws01_plumbing/install/cpp02_service' for CMake module files
[11.935s] Level 1:colcon.colcon_core.environment:checking '/home/dai/ros2_study/ws01_plumbing/install/cpp02_service' for CMake config files
[11.936s] Level 1:colcon.colcon_core.shell:create_environment_hook('cpp02_service', 'cmake_prefix_path')
[11.936s] INFO:colcon.colcon_core.shell:Creating environment hook '/home/dai/ros2_study/ws01_plumbing/install/cpp02_service/share/cpp02_service/hook/cmake_prefix_path.ps1'
[11.944s] INFO:colcon.colcon_core.shell:Creating environment descriptor '/home/dai/ros2_study/ws01_plumbing/install/cpp02_service/share/cpp02_service/hook/cmake_prefix_path.dsv'
[11.946s] INFO:colcon.colcon_core.shell:Creating environment hook '/home/dai/ros2_study/ws01_plumbing/install/cpp02_service/share/cpp02_service/hook/cmake_prefix_path.sh'
[11.948s] Level 1:colcon.colcon_core.environment:checking '/home/dai/ros2_study/ws01_plumbing/install/cpp02_service/lib'
[11.948s] Level 1:colcon.colcon_core.environment:checking '/home/dai/ros2_study/ws01_plumbing/install/cpp02_service/bin'
[11.948s] Level 1:colcon.colcon_core.environment:checking '/home/dai/ros2_study/ws01_plumbing/install/cpp02_service/lib/pkgconfig/cpp02_service.pc'
[11.948s] Level 1:colcon.colcon_core.environment:checking '/home/dai/ros2_study/ws01_plumbing/install/cpp02_service/lib/python3.10/site-packages'
[11.949s] Level 1:colcon.colcon_core.environment:checking '/home/dai/ros2_study/ws01_plumbing/install/cpp02_service/bin'
[11.949s] INFO:colcon.colcon_core.shell:Creating package script '/home/dai/ros2_study/ws01_plumbing/install/cpp02_service/share/cpp02_service/package.ps1'
[11.952s] INFO:colcon.colcon_core.shell:Creating package descriptor '/home/dai/ros2_study/ws01_plumbing/install/cpp02_service/share/cpp02_service/package.dsv'
[11.953s] INFO:colcon.colcon_core.shell:Creating package script '/home/dai/ros2_study/ws01_plumbing/install/cpp02_service/share/cpp02_service/package.sh'
[11.954s] INFO:colcon.colcon_core.shell:Creating package script '/home/dai/ros2_study/ws01_plumbing/install/cpp02_service/share/cpp02_service/package.bash'
[11.962s] INFO:colcon.colcon_core.shell:Creating package script '/home/dai/ros2_study/ws01_plumbing/install/cpp02_service/share/cpp02_service/package.zsh'
[11.967s] Level 1:colcon.colcon_core.environment:create_file_with_runtime_dependencies(/home/dai/ros2_study/ws01_plumbing/install/cpp02_service/share/colcon-core/packages/cpp02_service)
[12.038s] Level 1:colcon.colcon_core.environment:create_environment_scripts_only(cpp02_service)
[12.039s] Level 1:colcon.colcon_core.environment:checking '/home/dai/ros2_study/ws01_plumbing/install/cpp02_service' for CMake module files
[12.039s] Level 1:colcon.colcon_core.environment:checking '/home/dai/ros2_study/ws01_plumbing/install/cpp02_service' for CMake config files
[12.040s] Level 1:colcon.colcon_core.shell:create_environment_hook('cpp02_service', 'cmake_prefix_path')
[12.040s] INFO:colcon.colcon_core.shell:Creating environment hook '/home/dai/ros2_study/ws01_plumbing/install/cpp02_service/share/cpp02_service/hook/cmake_prefix_path.ps1'
[12.041s] INFO:colcon.colcon_core.shell:Creating environment descriptor '/home/dai/ros2_study/ws01_plumbing/install/cpp02_service/share/cpp02_service/hook/cmake_prefix_path.dsv'
[12.041s] INFO:colcon.colcon_core.shell:Creating environment hook '/home/dai/ros2_study/ws01_plumbing/install/cpp02_service/share/cpp02_service/hook/cmake_prefix_path.sh'
[12.043s] Level 1:colcon.colcon_core.environment:checking '/home/dai/ros2_study/ws01_plumbing/install/cpp02_service/lib'
[12.043s] Level 1:colcon.colcon_core.environment:checking '/home/dai/ros2_study/ws01_plumbing/install/cpp02_service/bin'
[12.043s] Level 1:colcon.colcon_core.environment:checking '/home/dai/ros2_study/ws01_plumbing/install/cpp02_service/lib/pkgconfig/cpp02_service.pc'
[12.043s] Level 1:colcon.colcon_core.environment:checking '/home/dai/ros2_study/ws01_plumbing/install/cpp02_service/lib/python3.10/site-packages'
[12.044s] Level 1:colcon.colcon_core.environment:checking '/home/dai/ros2_study/ws01_plumbing/install/cpp02_service/bin'
[12.044s] INFO:colcon.colcon_core.shell:Creating package script '/home/dai/ros2_study/ws01_plumbing/install/cpp02_service/share/cpp02_service/package.ps1'
[12.045s] INFO:colcon.colcon_core.shell:Creating package descriptor '/home/dai/ros2_study/ws01_plumbing/install/cpp02_service/share/cpp02_service/package.dsv'
[12.046s] INFO:colcon.colcon_core.shell:Creating package script '/home/dai/ros2_study/ws01_plumbing/install/cpp02_service/share/cpp02_service/package.sh'
[12.047s] INFO:colcon.colcon_core.shell:Creating package script '/home/dai/ros2_study/ws01_plumbing/install/cpp02_service/share/cpp02_service/package.bash'
[12.048s] INFO:colcon.colcon_core.shell:Creating package script '/home/dai/ros2_study/ws01_plumbing/install/cpp02_service/share/cpp02_service/package.zsh'
[12.049s] Level 1:colcon.colcon_core.environment:create_file_with_runtime_dependencies(/home/dai/ros2_study/ws01_plumbing/install/cpp02_service/share/colcon-core/packages/cpp02_service)
[12.050s] DEBUG:colcon.colcon_parallel_executor.executor.parallel:closing loop
[12.051s] DEBUG:colcon.colcon_parallel_executor.executor.parallel:loop closed
[12.052s] DEBUG:colcon.colcon_parallel_executor.executor.parallel:run_until_complete finished with '0'
[12.052s] DEBUG:colcon.colcon_core.event_reactor:joining thread
[12.085s] INFO:colcon.colcon_core.plugin_system:Skipping extension 'colcon_notification.desktop_notification.terminal_notifier': Not used on non-Darwin systems
[12.086s] INFO:colcon.colcon_core.plugin_system:Skipping extension 'colcon_notification.desktop_notification.win32': Not used on non-Windows systems
[12.086s] INFO:colcon.colcon_notification.desktop_notification:Sending desktop notification using 'notify2'
[12.155s] DEBUG:colcon.colcon_core.event_reactor:joined thread
[12.156s] INFO:colcon.colcon_core.shell:Creating prefix script '/home/dai/ros2_study/ws01_plumbing/install/local_setup.ps1'
[12.160s] INFO:colcon.colcon_core.shell:Creating prefix util module '/home/dai/ros2_study/ws01_plumbing/install/_local_setup_util_ps1.py'
[12.169s] INFO:colcon.colcon_core.shell:Creating prefix chain script '/home/dai/ros2_study/ws01_plumbing/install/setup.ps1'
[12.173s] INFO:colcon.colcon_core.shell:Creating prefix script '/home/dai/ros2_study/ws01_plumbing/install/local_setup.sh'
[12.185s] INFO:colcon.colcon_core.shell:Creating prefix util module '/home/dai/ros2_study/ws01_plumbing/install/_local_setup_util_sh.py'
[12.186s] INFO:colcon.colcon_core.shell:Creating prefix chain script '/home/dai/ros2_study/ws01_plumbing/install/setup.sh'
[12.188s] INFO:colcon.colcon_core.shell:Creating prefix script '/home/dai/ros2_study/ws01_plumbing/install/local_setup.bash'
[12.196s] INFO:colcon.colcon_core.shell:Creating prefix chain script '/home/dai/ros2_study/ws01_plumbing/install/setup.bash'
[12.200s] INFO:colcon.colcon_core.shell:Creating prefix script '/home/dai/ros2_study/ws01_plumbing/install/local_setup.zsh'
[12.206s] INFO:colcon.colcon_core.shell:Creating prefix chain script '/home/dai/ros2_study/ws01_plumbing/install/setup.zsh'
