[0.263s] DEBUG:colcon:Command line arguments: ['/usr/bin/colcon', 'build', '--packages-select', 'cpp06_time']
[0.263s] DEBUG:colcon:Parsed command line arguments: Namespace(log_base=None, log_level=None, verb_name='build', build_base='build', install_base='install', merge_install=False, symlink_install=False, test_result_base=None, continue_on_error=False, executor='parallel', parallel_workers=4, event_handlers=None, ignore_user_meta=False, metas=['./colcon.meta'], base_paths=['.'], packages_ignore=None, packages_ignore_regex=None, paths=None, packages_up_to=None, packages_up_to_regex=None, packages_above=None, packages_above_and_dependencies=None, packages_above_depth=None, packages_select_by_dep=None, packages_skip_by_dep=None, packages_skip_up_to=None, packages_select_build_failed=False, packages_skip_build_finished=False, packages_select_test_failures=False, packages_skip_test_passed=False, packages_select=['cpp06_time'], packages_skip=None, packages_select_regex=None, packages_skip_regex=None, packages_start=None, packages_end=None, allow_overriding=[], cmake_args=None, cmake_target=None, cmake_target_skip_unavailable=False, cmake_clean_cache=False, cmake_clean_first=False, cmake_force_configure=False, ament_cmake_args=None, catkin_cmake_args=None, catkin_skip_building_tests=False, verb_parser=<colcon_defaults.argument_parser.defaults.DefaultArgumentsDecorator object at 0x7894aacffe50>, verb_extension=<colcon_core.verb.build.BuildVerb object at 0x7894aaca94b0>, main=<bound method BuildVerb.main of <colcon_core.verb.build.BuildVerb object at 0x7894aaca94b0>>)
[3.108s] Level 1:colcon.colcon_core.package_discovery:discover_packages(colcon_meta) check parameters
[3.111s] Level 1:colcon.colcon_core.package_discovery:discover_packages(recursive) check parameters
[3.111s] Level 1:colcon.colcon_core.package_discovery:discover_packages(ignore) check parameters
[3.112s] Level 1:colcon.colcon_core.package_discovery:discover_packages(path) check parameters
[3.115s] Level 1:colcon.colcon_core.package_discovery:discover_packages(colcon_meta) discover
[3.115s] Level 1:colcon.colcon_core.package_discovery:discover_packages(recursive) discover
[3.115s] INFO:colcon.colcon_core.package_discovery:Crawling recursively for packages in '/home/dai/ros2_study/ws01_plumbing'
[3.115s] Level 1:colcon.colcon_core.package_identification:_identify(.) by extensions ['ignore', 'ignore_ament_install']
[3.116s] Level 1:colcon.colcon_core.package_identification:_identify(.) by extension 'ignore'
[3.116s] Level 1:colcon.colcon_core.package_identification:_identify(.) by extension 'ignore_ament_install'
[3.116s] Level 1:colcon.colcon_core.package_identification:_identify(.) by extensions ['colcon_pkg']
[3.116s] Level 1:colcon.colcon_core.package_identification:_identify(.) by extension 'colcon_pkg'
[3.116s] Level 1:colcon.colcon_core.package_identification:_identify(.) by extensions ['colcon_meta']
[3.116s] Level 1:colcon.colcon_core.package_identification:_identify(.) by extension 'colcon_meta'
[3.116s] Level 1:colcon.colcon_core.package_identification:_identify(.) by extensions ['ros']
[3.116s] Level 1:colcon.colcon_core.package_identification:_identify(.) by extension 'ros'
[3.135s] Level 1:colcon.colcon_core.package_identification:_identify(.) by extensions ['cmake', 'python']
[3.135s] Level 1:colcon.colcon_core.package_identification:_identify(.) by extension 'cmake'
[3.135s] Level 1:colcon.colcon_core.package_identification:_identify(.) by extension 'python'
[3.136s] Level 1:colcon.colcon_core.package_identification:_identify(.) by extensions ['python_setup_py']
[3.136s] Level 1:colcon.colcon_core.package_identification:_identify(.) by extension 'python_setup_py'
[3.136s] Level 1:colcon.colcon_core.package_identification:_identify(build) by extensions ['ignore', 'ignore_ament_install']
[3.136s] Level 1:colcon.colcon_core.package_identification:_identify(build) by extension 'ignore'
[3.136s] Level 1:colcon.colcon_core.package_identification:_identify(build) ignored
[3.136s] Level 1:colcon.colcon_core.package_identification:_identify(install) by extensions ['ignore', 'ignore_ament_install']
[3.136s] Level 1:colcon.colcon_core.package_identification:_identify(install) by extension 'ignore'
[3.137s] Level 1:colcon.colcon_core.package_identification:_identify(install) ignored
[3.137s] Level 1:colcon.colcon_core.package_identification:_identify(log) by extensions ['ignore', 'ignore_ament_install']
[3.137s] Level 1:colcon.colcon_core.package_identification:_identify(log) by extension 'ignore'
[3.137s] Level 1:colcon.colcon_core.package_identification:_identify(log) ignored
[3.137s] Level 1:colcon.colcon_core.package_identification:_identify(src) by extensions ['ignore', 'ignore_ament_install']
[3.137s] Level 1:colcon.colcon_core.package_identification:_identify(src) by extension 'ignore'
[3.140s] Level 1:colcon.colcon_core.package_identification:_identify(src) by extension 'ignore_ament_install'
[3.140s] Level 1:colcon.colcon_core.package_identification:_identify(src) by extensions ['colcon_pkg']
[3.140s] Level 1:colcon.colcon_core.package_identification:_identify(src) by extension 'colcon_pkg'
[3.140s] Level 1:colcon.colcon_core.package_identification:_identify(src) by extensions ['colcon_meta']
[3.140s] Level 1:colcon.colcon_core.package_identification:_identify(src) by extension 'colcon_meta'
[3.140s] Level 1:colcon.colcon_core.package_identification:_identify(src) by extensions ['ros']
[3.140s] Level 1:colcon.colcon_core.package_identification:_identify(src) by extension 'ros'
[3.140s] Level 1:colcon.colcon_core.package_identification:_identify(src) by extensions ['cmake', 'python']
[3.141s] Level 1:colcon.colcon_core.package_identification:_identify(src) by extension 'cmake'
[3.141s] Level 1:colcon.colcon_core.package_identification:_identify(src) by extension 'python'
[3.141s] Level 1:colcon.colcon_core.package_identification:_identify(src) by extensions ['python_setup_py']
[3.141s] Level 1:colcon.colcon_core.package_identification:_identify(src) by extension 'python_setup_py'
[3.141s] Level 1:colcon.colcon_core.package_identification:_identify(src/base_interfaces_demo) by extensions ['ignore', 'ignore_ament_install']
[3.141s] Level 1:colcon.colcon_core.package_identification:_identify(src/base_interfaces_demo) by extension 'ignore'
[3.141s] Level 1:colcon.colcon_core.package_identification:_identify(src/base_interfaces_demo) by extension 'ignore_ament_install'
[3.141s] Level 1:colcon.colcon_core.package_identification:_identify(src/base_interfaces_demo) by extensions ['colcon_pkg']
[3.141s] Level 1:colcon.colcon_core.package_identification:_identify(src/base_interfaces_demo) by extension 'colcon_pkg'
[3.141s] Level 1:colcon.colcon_core.package_identification:_identify(src/base_interfaces_demo) by extensions ['colcon_meta']
[3.141s] Level 1:colcon.colcon_core.package_identification:_identify(src/base_interfaces_demo) by extension 'colcon_meta'
[3.142s] Level 1:colcon.colcon_core.package_identification:_identify(src/base_interfaces_demo) by extensions ['ros']
[3.142s] Level 1:colcon.colcon_core.package_identification:_identify(src/base_interfaces_demo) by extension 'ros'
[3.185s] DEBUG:colcon.colcon_core.package_identification:Package 'src/base_interfaces_demo' with type 'ros.ament_cmake' and name 'base_interfaces_demo'
[3.186s] Level 1:colcon.colcon_core.package_identification:_identify(src/cpp01_topic) by extensions ['ignore', 'ignore_ament_install']
[3.186s] Level 1:colcon.colcon_core.package_identification:_identify(src/cpp01_topic) by extension 'ignore'
[3.186s] Level 1:colcon.colcon_core.package_identification:_identify(src/cpp01_topic) by extension 'ignore_ament_install'
[3.186s] Level 1:colcon.colcon_core.package_identification:_identify(src/cpp01_topic) by extensions ['colcon_pkg']
[3.186s] Level 1:colcon.colcon_core.package_identification:_identify(src/cpp01_topic) by extension 'colcon_pkg'
[3.186s] Level 1:colcon.colcon_core.package_identification:_identify(src/cpp01_topic) by extensions ['colcon_meta']
[3.186s] Level 1:colcon.colcon_core.package_identification:_identify(src/cpp01_topic) by extension 'colcon_meta'
[3.186s] Level 1:colcon.colcon_core.package_identification:_identify(src/cpp01_topic) by extensions ['ros']
[3.186s] Level 1:colcon.colcon_core.package_identification:_identify(src/cpp01_topic) by extension 'ros'
[3.190s] DEBUG:colcon.colcon_core.package_identification:Package 'src/cpp01_topic' with type 'ros.ament_cmake' and name 'cpp01_topic'
[3.190s] Level 1:colcon.colcon_core.package_identification:_identify(src/cpp02_service) by extensions ['ignore', 'ignore_ament_install']
[3.190s] Level 1:colcon.colcon_core.package_identification:_identify(src/cpp02_service) by extension 'ignore'
[3.191s] Level 1:colcon.colcon_core.package_identification:_identify(src/cpp02_service) by extension 'ignore_ament_install'
[3.191s] Level 1:colcon.colcon_core.package_identification:_identify(src/cpp02_service) by extensions ['colcon_pkg']
[3.191s] Level 1:colcon.colcon_core.package_identification:_identify(src/cpp02_service) by extension 'colcon_pkg'
[3.191s] Level 1:colcon.colcon_core.package_identification:_identify(src/cpp02_service) by extensions ['colcon_meta']
[3.191s] Level 1:colcon.colcon_core.package_identification:_identify(src/cpp02_service) by extension 'colcon_meta'
[3.191s] Level 1:colcon.colcon_core.package_identification:_identify(src/cpp02_service) by extensions ['ros']
[3.191s] Level 1:colcon.colcon_core.package_identification:_identify(src/cpp02_service) by extension 'ros'
[3.192s] DEBUG:colcon.colcon_core.package_identification:Package 'src/cpp02_service' with type 'ros.ament_cmake' and name 'cpp02_service'
[3.193s] Level 1:colcon.colcon_core.package_identification:_identify(src/cpp03_action) by extensions ['ignore', 'ignore_ament_install']
[3.193s] Level 1:colcon.colcon_core.package_identification:_identify(src/cpp03_action) by extension 'ignore'
[3.193s] Level 1:colcon.colcon_core.package_identification:_identify(src/cpp03_action) by extension 'ignore_ament_install'
[3.193s] Level 1:colcon.colcon_core.package_identification:_identify(src/cpp03_action) by extensions ['colcon_pkg']
[3.193s] Level 1:colcon.colcon_core.package_identification:_identify(src/cpp03_action) by extension 'colcon_pkg'
[3.193s] Level 1:colcon.colcon_core.package_identification:_identify(src/cpp03_action) by extensions ['colcon_meta']
[3.193s] Level 1:colcon.colcon_core.package_identification:_identify(src/cpp03_action) by extension 'colcon_meta'
[3.193s] Level 1:colcon.colcon_core.package_identification:_identify(src/cpp03_action) by extensions ['ros']
[3.193s] Level 1:colcon.colcon_core.package_identification:_identify(src/cpp03_action) by extension 'ros'
[3.195s] DEBUG:colcon.colcon_core.package_identification:Package 'src/cpp03_action' with type 'ros.ament_cmake' and name 'cpp03_action'
[3.195s] Level 1:colcon.colcon_core.package_identification:_identify(src/cpp04_param) by extensions ['ignore', 'ignore_ament_install']
[3.195s] Level 1:colcon.colcon_core.package_identification:_identify(src/cpp04_param) by extension 'ignore'
[3.195s] Level 1:colcon.colcon_core.package_identification:_identify(src/cpp04_param) by extension 'ignore_ament_install'
[3.195s] Level 1:colcon.colcon_core.package_identification:_identify(src/cpp04_param) by extensions ['colcon_pkg']
[3.195s] Level 1:colcon.colcon_core.package_identification:_identify(src/cpp04_param) by extension 'colcon_pkg'
[3.195s] Level 1:colcon.colcon_core.package_identification:_identify(src/cpp04_param) by extensions ['colcon_meta']
[3.195s] Level 1:colcon.colcon_core.package_identification:_identify(src/cpp04_param) by extension 'colcon_meta'
[3.196s] Level 1:colcon.colcon_core.package_identification:_identify(src/cpp04_param) by extensions ['ros']
[3.196s] Level 1:colcon.colcon_core.package_identification:_identify(src/cpp04_param) by extension 'ros'
[3.198s] DEBUG:colcon.colcon_core.package_identification:Package 'src/cpp04_param' with type 'ros.ament_cmake' and name 'cpp04_param'
[3.198s] Level 1:colcon.colcon_core.package_identification:_identify(src/cpp05_names) by extensions ['ignore', 'ignore_ament_install']
[3.198s] Level 1:colcon.colcon_core.package_identification:_identify(src/cpp05_names) by extension 'ignore'
[3.198s] Level 1:colcon.colcon_core.package_identification:_identify(src/cpp05_names) by extension 'ignore_ament_install'
[3.199s] Level 1:colcon.colcon_core.package_identification:_identify(src/cpp05_names) by extensions ['colcon_pkg']
[3.199s] Level 1:colcon.colcon_core.package_identification:_identify(src/cpp05_names) by extension 'colcon_pkg'
[3.199s] Level 1:colcon.colcon_core.package_identification:_identify(src/cpp05_names) by extensions ['colcon_meta']
[3.199s] Level 1:colcon.colcon_core.package_identification:_identify(src/cpp05_names) by extension 'colcon_meta'
[3.199s] Level 1:colcon.colcon_core.package_identification:_identify(src/cpp05_names) by extensions ['ros']
[3.199s] Level 1:colcon.colcon_core.package_identification:_identify(src/cpp05_names) by extension 'ros'
[3.200s] DEBUG:colcon.colcon_core.package_identification:Package 'src/cpp05_names' with type 'ros.ament_cmake' and name 'cpp05_names'
[3.200s] Level 1:colcon.colcon_core.package_identification:_identify(src/cpp06_time) by extensions ['ignore', 'ignore_ament_install']
[3.200s] Level 1:colcon.colcon_core.package_identification:_identify(src/cpp06_time) by extension 'ignore'
[3.200s] Level 1:colcon.colcon_core.package_identification:_identify(src/cpp06_time) by extension 'ignore_ament_install'
[3.200s] Level 1:colcon.colcon_core.package_identification:_identify(src/cpp06_time) by extensions ['colcon_pkg']
[3.200s] Level 1:colcon.colcon_core.package_identification:_identify(src/cpp06_time) by extension 'colcon_pkg'
[3.200s] Level 1:colcon.colcon_core.package_identification:_identify(src/cpp06_time) by extensions ['colcon_meta']
[3.200s] Level 1:colcon.colcon_core.package_identification:_identify(src/cpp06_time) by extension 'colcon_meta'
[3.201s] Level 1:colcon.colcon_core.package_identification:_identify(src/cpp06_time) by extensions ['ros']
[3.201s] Level 1:colcon.colcon_core.package_identification:_identify(src/cpp06_time) by extension 'ros'
[3.201s] DEBUG:colcon.colcon_core.package_identification:Package 'src/cpp06_time' with type 'ros.ament_cmake' and name 'cpp06_time'
[3.201s] Level 1:colcon.colcon_core.package_identification:_identify(src/py01_topic) by extensions ['ignore', 'ignore_ament_install']
[3.202s] Level 1:colcon.colcon_core.package_identification:_identify(src/py01_topic) by extension 'ignore'
[3.202s] Level 1:colcon.colcon_core.package_identification:_identify(src/py01_topic) by extension 'ignore_ament_install'
[3.202s] Level 1:colcon.colcon_core.package_identification:_identify(src/py01_topic) by extensions ['colcon_pkg']
[3.202s] Level 1:colcon.colcon_core.package_identification:_identify(src/py01_topic) by extension 'colcon_pkg'
[3.202s] Level 1:colcon.colcon_core.package_identification:_identify(src/py01_topic) by extensions ['colcon_meta']
[3.202s] Level 1:colcon.colcon_core.package_identification:_identify(src/py01_topic) by extension 'colcon_meta'
[3.202s] Level 1:colcon.colcon_core.package_identification:_identify(src/py01_topic) by extensions ['ros']
[3.202s] Level 1:colcon.colcon_core.package_identification:_identify(src/py01_topic) by extension 'ros'
[3.203s] DEBUG:colcon.colcon_core.package_identification:Package 'src/py01_topic' with type 'ros.ament_python' and name 'py01_topic'
[3.204s] Level 1:colcon.colcon_core.package_identification:_identify(src/tutorails_plumbing) by extensions ['ignore', 'ignore_ament_install']
[3.204s] Level 1:colcon.colcon_core.package_identification:_identify(src/tutorails_plumbing) by extension 'ignore'
[3.204s] Level 1:colcon.colcon_core.package_identification:_identify(src/tutorails_plumbing) by extension 'ignore_ament_install'
[3.204s] Level 1:colcon.colcon_core.package_identification:_identify(src/tutorails_plumbing) by extensions ['colcon_pkg']
[3.206s] Level 1:colcon.colcon_core.package_identification:_identify(src/tutorails_plumbing) by extension 'colcon_pkg'
[3.206s] Level 1:colcon.colcon_core.package_identification:_identify(src/tutorails_plumbing) by extensions ['colcon_meta']
[3.206s] Level 1:colcon.colcon_core.package_identification:_identify(src/tutorails_plumbing) by extension 'colcon_meta'
[3.206s] Level 1:colcon.colcon_core.package_identification:_identify(src/tutorails_plumbing) by extensions ['ros']
[3.207s] Level 1:colcon.colcon_core.package_identification:_identify(src/tutorails_plumbing) by extension 'ros'
[3.207s] DEBUG:colcon.colcon_core.package_identification:Package 'src/tutorails_plumbing' with type 'ros.ament_cmake' and name 'tutorails_plumbing'
[3.207s] Level 1:colcon.colcon_core.package_discovery:discover_packages(recursive) using defaults
[3.208s] Level 1:colcon.colcon_core.package_discovery:discover_packages(ignore) discover
[3.208s] Level 1:colcon.colcon_core.package_discovery:discover_packages(ignore) using defaults
[3.208s] Level 1:colcon.colcon_core.package_discovery:discover_packages(path) discover
[3.208s] Level 1:colcon.colcon_core.package_discovery:discover_packages(path) using defaults
[3.326s] INFO:colcon.colcon_core.package_selection:Skipping not selected package 'base_interfaces_demo' in 'src/base_interfaces_demo'
[3.326s] INFO:colcon.colcon_core.package_selection:Skipping not selected package 'cpp04_param' in 'src/cpp04_param'
[3.326s] INFO:colcon.colcon_core.package_selection:Skipping not selected package 'cpp05_names' in 'src/cpp05_names'
[3.326s] INFO:colcon.colcon_core.package_selection:Skipping not selected package 'cpp01_topic' in 'src/cpp01_topic'
[3.326s] INFO:colcon.colcon_core.package_selection:Skipping not selected package 'cpp02_service' in 'src/cpp02_service'
[3.326s] INFO:colcon.colcon_core.package_selection:Skipping not selected package 'cpp03_action' in 'src/cpp03_action'
[3.326s] INFO:colcon.colcon_core.package_selection:Skipping not selected package 'py01_topic' in 'src/py01_topic'
[3.327s] INFO:colcon.colcon_core.package_selection:Skipping not selected package 'tutorails_plumbing' in 'src/tutorails_plumbing'
[3.328s] Level 1:colcon.colcon_core.package_discovery:discover_packages(prefix_path) check parameters
[3.328s] Level 1:colcon.colcon_core.package_discovery:discover_packages(prefix_path) discover
[3.333s] DEBUG:colcon.colcon_installed_package_information.package_discovery:Found 8 installed packages in /home/dai/ros2_study/ws01_plumbing/install
[3.336s] DEBUG:colcon.colcon_installed_package_information.package_discovery:Found 270 installed packages in /opt/ros/humble
[3.339s] Level 1:colcon.colcon_core.package_discovery:discover_packages(prefix_path) using defaults
[3.441s] Level 5:colcon.colcon_core.verb:set package 'cpp06_time' build argument 'cmake_args' from command line to 'None'
[3.442s] Level 5:colcon.colcon_core.verb:set package 'cpp06_time' build argument 'cmake_target' from command line to 'None'
[3.442s] Level 5:colcon.colcon_core.verb:set package 'cpp06_time' build argument 'cmake_target_skip_unavailable' from command line to 'False'
[3.442s] Level 5:colcon.colcon_core.verb:set package 'cpp06_time' build argument 'cmake_clean_cache' from command line to 'False'
[3.442s] Level 5:colcon.colcon_core.verb:set package 'cpp06_time' build argument 'cmake_clean_first' from command line to 'False'
[3.442s] Level 5:colcon.colcon_core.verb:set package 'cpp06_time' build argument 'cmake_force_configure' from command line to 'False'
[3.442s] Level 5:colcon.colcon_core.verb:set package 'cpp06_time' build argument 'ament_cmake_args' from command line to 'None'
[3.442s] Level 5:colcon.colcon_core.verb:set package 'cpp06_time' build argument 'catkin_cmake_args' from command line to 'None'
[3.442s] Level 5:colcon.colcon_core.verb:set package 'cpp06_time' build argument 'catkin_skip_building_tests' from command line to 'False'
[3.442s] DEBUG:colcon.colcon_core.verb:Building package 'cpp06_time' with the following arguments: {'ament_cmake_args': None, 'build_base': '/home/dai/ros2_study/ws01_plumbing/build/cpp06_time', 'catkin_cmake_args': None, 'catkin_skip_building_tests': False, 'cmake_args': None, 'cmake_clean_cache': False, 'cmake_clean_first': False, 'cmake_force_configure': False, 'cmake_target': None, 'cmake_target_skip_unavailable': False, 'install_base': '/home/dai/ros2_study/ws01_plumbing/install/cpp06_time', 'merge_install': False, 'path': '/home/dai/ros2_study/ws01_plumbing/src/cpp06_time', 'symlink_install': False, 'test_result_base': None}
[3.442s] INFO:colcon.colcon_core.executor:Executing jobs using 'parallel' executor
[3.443s] DEBUG:colcon.colcon_parallel_executor.executor.parallel:run_until_complete
[3.444s] INFO:colcon.colcon_ros.task.ament_cmake.build:Building ROS package in '/home/dai/ros2_study/ws01_plumbing/src/cpp06_time' with build type 'ament_cmake'
[3.445s] INFO:colcon.colcon_cmake.task.cmake.build:Building CMake package in '/home/dai/ros2_study/ws01_plumbing/src/cpp06_time'
[3.475s] INFO:colcon.colcon_core.plugin_system:Skipping extension 'colcon_core.shell.bat': Not used on non-Windows systems
[3.476s] INFO:colcon.colcon_core.shell:Skip shell extension 'powershell' for command environment: Not usable outside of PowerShell
[3.476s] DEBUG:colcon.colcon_core.shell:Skip shell extension 'dsv' for command environment
[3.517s] DEBUG:colcon.colcon_core.event_handler.log_command:Invoking command in '/home/dai/ros2_study/ws01_plumbing/build/cpp06_time': CMAKE_PREFIX_PATH=${CMAKE_PREFIX_PATH}:/home/dai/ros2_study/ws01_plumbing/install/py01_topic:/opt/ros/humble /usr/bin/cmake /home/dai/ros2_study/ws01_plumbing/src/cpp06_time -DCMAKE_INSTALL_PREFIX=/home/dai/ros2_study/ws01_plumbing/install/cpp06_time
[7.646s] DEBUG:colcon.colcon_core.event_handler.log_command:Invoked command in '/home/dai/ros2_study/ws01_plumbing/build/cpp06_time' returned '0': CMAKE_PREFIX_PATH=${CMAKE_PREFIX_PATH}:/home/dai/ros2_study/ws01_plumbing/install/py01_topic:/opt/ros/humble /usr/bin/cmake /home/dai/ros2_study/ws01_plumbing/src/cpp06_time -DCMAKE_INSTALL_PREFIX=/home/dai/ros2_study/ws01_plumbing/install/cpp06_time
[7.652s] DEBUG:colcon.colcon_core.event_handler.log_command:Invoking command in '/home/dai/ros2_study/ws01_plumbing/build/cpp06_time': CMAKE_PREFIX_PATH=${CMAKE_PREFIX_PATH}:/home/dai/ros2_study/ws01_plumbing/install/py01_topic:/opt/ros/humble /usr/bin/cmake --build /home/dai/ros2_study/ws01_plumbing/build/cpp06_time -- -j4 -l4
[14.149s] DEBUG:colcon.colcon_core.event_handler.log_command:Invoked command in '/home/dai/ros2_study/ws01_plumbing/build/cpp06_time' returned '0': CMAKE_PREFIX_PATH=${CMAKE_PREFIX_PATH}:/home/dai/ros2_study/ws01_plumbing/install/py01_topic:/opt/ros/humble /usr/bin/cmake --build /home/dai/ros2_study/ws01_plumbing/build/cpp06_time -- -j4 -l4
[14.239s] DEBUG:colcon.colcon_core.event_handler.log_command:Invoking command in '/home/dai/ros2_study/ws01_plumbing/build/cpp06_time': CMAKE_PREFIX_PATH=${CMAKE_PREFIX_PATH}:/home/dai/ros2_study/ws01_plumbing/install/py01_topic:/opt/ros/humble /usr/bin/cmake --install /home/dai/ros2_study/ws01_plumbing/build/cpp06_time
[14.273s] Level 1:colcon.colcon_core.environment:create_environment_scripts_only(cpp06_time)
[14.276s] DEBUG:colcon.colcon_core.event_handler.log_command:Invoked command in '/home/dai/ros2_study/ws01_plumbing/build/cpp06_time' returned '0': CMAKE_PREFIX_PATH=${CMAKE_PREFIX_PATH}:/home/dai/ros2_study/ws01_plumbing/install/py01_topic:/opt/ros/humble /usr/bin/cmake --install /home/dai/ros2_study/ws01_plumbing/build/cpp06_time
[14.330s] Level 1:colcon.colcon_core.environment:checking '/home/dai/ros2_study/ws01_plumbing/install/cpp06_time' for CMake module files
[14.331s] Level 1:colcon.colcon_core.environment:checking '/home/dai/ros2_study/ws01_plumbing/install/cpp06_time' for CMake config files
[14.331s] Level 1:colcon.colcon_core.shell:create_environment_hook('cpp06_time', 'cmake_prefix_path')
[14.332s] INFO:colcon.colcon_core.shell:Creating environment hook '/home/dai/ros2_study/ws01_plumbing/install/cpp06_time/share/cpp06_time/hook/cmake_prefix_path.ps1'
[14.336s] INFO:colcon.colcon_core.shell:Creating environment descriptor '/home/dai/ros2_study/ws01_plumbing/install/cpp06_time/share/cpp06_time/hook/cmake_prefix_path.dsv'
[14.347s] INFO:colcon.colcon_core.shell:Creating environment hook '/home/dai/ros2_study/ws01_plumbing/install/cpp06_time/share/cpp06_time/hook/cmake_prefix_path.sh'
[14.349s] Level 1:colcon.colcon_core.environment:checking '/home/dai/ros2_study/ws01_plumbing/install/cpp06_time/lib'
[14.349s] Level 1:colcon.colcon_core.environment:checking '/home/dai/ros2_study/ws01_plumbing/install/cpp06_time/bin'
[14.349s] Level 1:colcon.colcon_core.environment:checking '/home/dai/ros2_study/ws01_plumbing/install/cpp06_time/lib/pkgconfig/cpp06_time.pc'
[14.350s] Level 1:colcon.colcon_core.environment:checking '/home/dai/ros2_study/ws01_plumbing/install/cpp06_time/lib/python3.10/site-packages'
[14.350s] Level 1:colcon.colcon_core.environment:checking '/home/dai/ros2_study/ws01_plumbing/install/cpp06_time/bin'
[14.350s] INFO:colcon.colcon_core.shell:Creating package script '/home/dai/ros2_study/ws01_plumbing/install/cpp06_time/share/cpp06_time/package.ps1'
[14.362s] INFO:colcon.colcon_core.shell:Creating package descriptor '/home/dai/ros2_study/ws01_plumbing/install/cpp06_time/share/cpp06_time/package.dsv'
[14.364s] INFO:colcon.colcon_core.shell:Creating package script '/home/dai/ros2_study/ws01_plumbing/install/cpp06_time/share/cpp06_time/package.sh'
[14.366s] INFO:colcon.colcon_core.shell:Creating package script '/home/dai/ros2_study/ws01_plumbing/install/cpp06_time/share/cpp06_time/package.bash'
[14.370s] INFO:colcon.colcon_core.shell:Creating package script '/home/dai/ros2_study/ws01_plumbing/install/cpp06_time/share/cpp06_time/package.zsh'
[14.378s] Level 1:colcon.colcon_core.environment:create_file_with_runtime_dependencies(/home/dai/ros2_study/ws01_plumbing/install/cpp06_time/share/colcon-core/packages/cpp06_time)
[14.471s] Level 1:colcon.colcon_core.environment:create_environment_scripts_only(cpp06_time)
[14.472s] Level 1:colcon.colcon_core.environment:checking '/home/dai/ros2_study/ws01_plumbing/install/cpp06_time' for CMake module files
[14.473s] Level 1:colcon.colcon_core.environment:checking '/home/dai/ros2_study/ws01_plumbing/install/cpp06_time' for CMake config files
[14.473s] Level 1:colcon.colcon_core.shell:create_environment_hook('cpp06_time', 'cmake_prefix_path')
[14.473s] INFO:colcon.colcon_core.shell:Creating environment hook '/home/dai/ros2_study/ws01_plumbing/install/cpp06_time/share/cpp06_time/hook/cmake_prefix_path.ps1'
[14.474s] INFO:colcon.colcon_core.shell:Creating environment descriptor '/home/dai/ros2_study/ws01_plumbing/install/cpp06_time/share/cpp06_time/hook/cmake_prefix_path.dsv'
[14.475s] INFO:colcon.colcon_core.shell:Creating environment hook '/home/dai/ros2_study/ws01_plumbing/install/cpp06_time/share/cpp06_time/hook/cmake_prefix_path.sh'
[14.477s] Level 1:colcon.colcon_core.environment:checking '/home/dai/ros2_study/ws01_plumbing/install/cpp06_time/lib'
[14.478s] Level 1:colcon.colcon_core.environment:checking '/home/dai/ros2_study/ws01_plumbing/install/cpp06_time/bin'
[14.478s] Level 1:colcon.colcon_core.environment:checking '/home/dai/ros2_study/ws01_plumbing/install/cpp06_time/lib/pkgconfig/cpp06_time.pc'
[14.479s] Level 1:colcon.colcon_core.environment:checking '/home/dai/ros2_study/ws01_plumbing/install/cpp06_time/lib/python3.10/site-packages'
[14.479s] Level 1:colcon.colcon_core.environment:checking '/home/dai/ros2_study/ws01_plumbing/install/cpp06_time/bin'
[14.480s] INFO:colcon.colcon_core.shell:Creating package script '/home/dai/ros2_study/ws01_plumbing/install/cpp06_time/share/cpp06_time/package.ps1'
[14.481s] INFO:colcon.colcon_core.shell:Creating package descriptor '/home/dai/ros2_study/ws01_plumbing/install/cpp06_time/share/cpp06_time/package.dsv'
[14.481s] INFO:colcon.colcon_core.shell:Creating package script '/home/dai/ros2_study/ws01_plumbing/install/cpp06_time/share/cpp06_time/package.sh'
[14.482s] INFO:colcon.colcon_core.shell:Creating package script '/home/dai/ros2_study/ws01_plumbing/install/cpp06_time/share/cpp06_time/package.bash'
[14.483s] INFO:colcon.colcon_core.shell:Creating package script '/home/dai/ros2_study/ws01_plumbing/install/cpp06_time/share/cpp06_time/package.zsh'
[14.484s] Level 1:colcon.colcon_core.environment:create_file_with_runtime_dependencies(/home/dai/ros2_study/ws01_plumbing/install/cpp06_time/share/colcon-core/packages/cpp06_time)
[14.486s] DEBUG:colcon.colcon_parallel_executor.executor.parallel:closing loop
[14.486s] DEBUG:colcon.colcon_parallel_executor.executor.parallel:loop closed
[14.487s] DEBUG:colcon.colcon_parallel_executor.executor.parallel:run_until_complete finished with '0'
[14.487s] DEBUG:colcon.colcon_core.event_reactor:joining thread
[14.516s] INFO:colcon.colcon_core.plugin_system:Skipping extension 'colcon_notification.desktop_notification.terminal_notifier': Not used on non-Darwin systems
[14.517s] INFO:colcon.colcon_core.plugin_system:Skipping extension 'colcon_notification.desktop_notification.win32': Not used on non-Windows systems
[14.521s] INFO:colcon.colcon_notification.desktop_notification:Sending desktop notification using 'notify2'
[14.574s] DEBUG:colcon.colcon_core.event_reactor:joined thread
[14.574s] INFO:colcon.colcon_core.shell:Creating prefix script '/home/dai/ros2_study/ws01_plumbing/install/local_setup.ps1'
[14.579s] INFO:colcon.colcon_core.shell:Creating prefix util module '/home/dai/ros2_study/ws01_plumbing/install/_local_setup_util_ps1.py'
[14.588s] INFO:colcon.colcon_core.shell:Creating prefix chain script '/home/dai/ros2_study/ws01_plumbing/install/setup.ps1'
[14.606s] INFO:colcon.colcon_core.shell:Creating prefix script '/home/dai/ros2_study/ws01_plumbing/install/local_setup.sh'
[14.616s] INFO:colcon.colcon_core.shell:Creating prefix util module '/home/dai/ros2_study/ws01_plumbing/install/_local_setup_util_sh.py'
[14.619s] INFO:colcon.colcon_core.shell:Creating prefix chain script '/home/dai/ros2_study/ws01_plumbing/install/setup.sh'
[14.625s] INFO:colcon.colcon_core.shell:Creating prefix script '/home/dai/ros2_study/ws01_plumbing/install/local_setup.bash'
[14.633s] INFO:colcon.colcon_core.shell:Creating prefix chain script '/home/dai/ros2_study/ws01_plumbing/install/setup.bash'
[14.639s] INFO:colcon.colcon_core.shell:Creating prefix script '/home/dai/ros2_study/ws01_plumbing/install/local_setup.zsh'
[14.644s] INFO:colcon.colcon_core.shell:Creating prefix chain script '/home/dai/ros2_study/ws01_plumbing/install/setup.zsh'
