[0.036s] Invoking command in '/home/dai/ros2_study/ws01_plumbing/build/cpp02_service': CMAKE_PREFIX_PATH=/home/dai/ros2_study/ws01_plumbing/install/base_interfaces_demo:/home/dai/ros2_study/ws01_plumbing/install/cpp02_service:/home/dai/ros2_study/ws01_plumbing/install/cpp01_topic:/home/dai/robotStudy_ws/install/pkg01_helloWorld_cpp:/home/dai/ros2_study/ws01_plumbing/install/py01_topic:/home/dai/robotStudy_ws/install/pkg01_helloWorld_python:/opt/ros/humble /usr/bin/cmake --build /home/dai/ros2_study/ws01_plumbing/build/cpp02_service -- -j4 -l4
[0.309s] [35m[1mConsolidate compiler generated dependencies of target demo02_client[0m
[0.309s] [35m[1mConsolidate compiler generated dependencies of target demo01_server[0m
[0.367s] [ 25%] [32mBuilding CXX object CMakeFiles/demo02_client.dir/src/demo02_client.cpp.o[0m
[0.385s] [ 50%] [32mBuilding CXX object CMakeFiles/demo01_server.dir/src/demo01_server.cpp.o[0m
[7.345s] [ 75%] [32m[1mLinking CXX executable demo02_client[0m
[7.603s] [ 75%] Built target demo02_client
[8.716s] [100%] [32m[1mLinking CXX executable demo01_server[0m
[8.996s] [100%] Built target demo01_server
[9.016s] Invoked command in '/home/dai/ros2_study/ws01_plumbing/build/cpp02_service' returned '0': CMAKE_PREFIX_PATH=/home/dai/ros2_study/ws01_plumbing/install/base_interfaces_demo:/home/dai/ros2_study/ws01_plumbing/install/cpp02_service:/home/dai/ros2_study/ws01_plumbing/install/cpp01_topic:/home/dai/robotStudy_ws/install/pkg01_helloWorld_cpp:/home/dai/ros2_study/ws01_plumbing/install/py01_topic:/home/dai/robotStudy_ws/install/pkg01_helloWorld_python:/opt/ros/humble /usr/bin/cmake --build /home/dai/ros2_study/ws01_plumbing/build/cpp02_service -- -j4 -l4
[9.305s] Invoking command in '/home/dai/ros2_study/ws01_plumbing/build/cpp02_service': CMAKE_PREFIX_PATH=/home/dai/ros2_study/ws01_plumbing/install/base_interfaces_demo:/home/dai/ros2_study/ws01_plumbing/install/cpp02_service:/home/dai/ros2_study/ws01_plumbing/install/cpp01_topic:/home/dai/robotStudy_ws/install/pkg01_helloWorld_cpp:/home/dai/ros2_study/ws01_plumbing/install/py01_topic:/home/dai/robotStudy_ws/install/pkg01_helloWorld_python:/opt/ros/humble /usr/bin/cmake --install /home/dai/ros2_study/ws01_plumbing/build/cpp02_service
[9.334s] -- Install configuration: ""
[9.335s] -- Installing: /home/dai/ros2_study/ws01_plumbing/install/cpp02_service/lib/cpp02_service/demo01_server
[9.341s] -- Set runtime path of "/home/dai/ros2_study/ws01_plumbing/install/cpp02_service/lib/cpp02_service/demo01_server" to ""
[9.341s] -- Installing: /home/dai/ros2_study/ws01_plumbing/install/cpp02_service/lib/cpp02_service/demo02_client
[9.341s] -- Set runtime path of "/home/dai/ros2_study/ws01_plumbing/install/cpp02_service/lib/cpp02_service/demo02_client" to ""
[9.341s] -- Up-to-date: /home/dai/ros2_study/ws01_plumbing/install/cpp02_service/share/ament_index/resource_index/package_run_dependencies/cpp02_service
[9.341s] -- Up-to-date: /home/dai/ros2_study/ws01_plumbing/install/cpp02_service/share/ament_index/resource_index/parent_prefix_path/cpp02_service
[9.342s] -- Up-to-date: /home/dai/ros2_study/ws01_plumbing/install/cpp02_service/share/cpp02_service/environment/ament_prefix_path.sh
[9.342s] -- Up-to-date: /home/dai/ros2_study/ws01_plumbing/install/cpp02_service/share/cpp02_service/environment/ament_prefix_path.dsv
[9.342s] -- Up-to-date: /home/dai/ros2_study/ws01_plumbing/install/cpp02_service/share/cpp02_service/environment/path.sh
[9.342s] -- Up-to-date: /home/dai/ros2_study/ws01_plumbing/install/cpp02_service/share/cpp02_service/environment/path.dsv
[9.342s] -- Up-to-date: /home/dai/ros2_study/ws01_plumbing/install/cpp02_service/share/cpp02_service/local_setup.bash
[9.342s] -- Up-to-date: /home/dai/ros2_study/ws01_plumbing/install/cpp02_service/share/cpp02_service/local_setup.sh
[9.342s] -- Up-to-date: /home/dai/ros2_study/ws01_plumbing/install/cpp02_service/share/cpp02_service/local_setup.zsh
[9.342s] -- Up-to-date: /home/dai/ros2_study/ws01_plumbing/install/cpp02_service/share/cpp02_service/local_setup.dsv
[9.342s] -- Installing: /home/dai/ros2_study/ws01_plumbing/install/cpp02_service/share/cpp02_service/package.dsv
[9.347s] -- Up-to-date: /home/dai/ros2_study/ws01_plumbing/install/cpp02_service/share/ament_index/resource_index/packages/cpp02_service
[9.347s] -- Up-to-date: /home/dai/ros2_study/ws01_plumbing/install/cpp02_service/share/cpp02_service/cmake/cpp02_serviceConfig.cmake
[9.347s] -- Up-to-date: /home/dai/ros2_study/ws01_plumbing/install/cpp02_service/share/cpp02_service/cmake/cpp02_serviceConfig-version.cmake
[9.347s] -- Up-to-date: /home/dai/ros2_study/ws01_plumbing/install/cpp02_service/share/cpp02_service/package.xml
[9.348s] Invoked command in '/home/dai/ros2_study/ws01_plumbing/build/cpp02_service' returned '0': CMAKE_PREFIX_PATH=/home/dai/ros2_study/ws01_plumbing/install/base_interfaces_demo:/home/dai/ros2_study/ws01_plumbing/install/cpp02_service:/home/dai/ros2_study/ws01_plumbing/install/cpp01_topic:/home/dai/robotStudy_ws/install/pkg01_helloWorld_cpp:/home/dai/ros2_study/ws01_plumbing/install/py01_topic:/home/dai/robotStudy_ws/install/pkg01_helloWorld_python:/opt/ros/humble /usr/bin/cmake --install /home/dai/ros2_study/ws01_plumbing/build/cpp02_service
