[0.044s] Invoking command in '/home/dai/ros2_study/ws01_plumbing/build/base_interfaces_demo': CMAKE_PREFIX_PATH=${CMAKE_PREFIX_PATH}:/home/dai/ros2_study/ws01_plumbing/install/py01_topic:/home/dai/robotStudy_ws/install/pkg01_helloWorld_python:/opt/ros/humble /usr/bin/cmake --build /home/dai/ros2_study/ws01_plumbing/build/base_interfaces_demo -- -j4 -l4
[0.127s] Invoked command in '/home/dai/ros2_study/ws01_plumbing/build/base_interfaces_demo' returned '0': CMAKE_PREFIX_PATH=${CMAKE_PREFIX_PATH}:/home/dai/ros2_study/ws01_plumbing/install/py01_topic:/home/dai/robotStudy_ws/install/pkg01_helloWorld_python:/opt/ros/humble /usr/bin/cmake --build /home/dai/ros2_study/ws01_plumbing/build/base_interfaces_demo -- -j4 -l4
[0.189s] Invoking command in '/home/dai/ros2_study/ws01_plumbing/build/base_interfaces_demo': CMAKE_PREFIX_PATH=${CMAKE_PREFIX_PATH}:/home/dai/ros2_study/ws01_plumbing/install/py01_topic:/home/dai/robotStudy_ws/install/pkg01_helloWorld_python:/opt/ros/humble /usr/bin/cmake --install /home/dai/ros2_study/ws01_plumbing/build/base_interfaces_demo
[0.202s] -- Install configuration: ""
[0.202s] -- Up-to-date: /home/dai/ros2_study/ws01_plumbing/install/base_interfaces_demo/share/ament_index/resource_index/package_run_dependencies/base_interfaces_demo
[0.203s] -- Up-to-date: /home/dai/ros2_study/ws01_plumbing/install/base_interfaces_demo/share/ament_index/resource_index/parent_prefix_path/base_interfaces_demo
[0.204s] -- Up-to-date: /home/dai/ros2_study/ws01_plumbing/install/base_interfaces_demo/share/base_interfaces_demo/environment/ament_prefix_path.sh
[0.204s] -- Up-to-date: /home/dai/ros2_study/ws01_plumbing/install/base_interfaces_demo/share/base_interfaces_demo/environment/ament_prefix_path.dsv
[0.205s] -- Up-to-date: /home/dai/ros2_study/ws01_plumbing/install/base_interfaces_demo/share/base_interfaces_demo/environment/path.sh
[0.205s] -- Up-to-date: /home/dai/ros2_study/ws01_plumbing/install/base_interfaces_demo/share/base_interfaces_demo/environment/path.dsv
[0.206s] -- Up-to-date: /home/dai/ros2_study/ws01_plumbing/install/base_interfaces_demo/share/base_interfaces_demo/local_setup.bash
[0.206s] -- Up-to-date: /home/dai/ros2_study/ws01_plumbing/install/base_interfaces_demo/share/base_interfaces_demo/local_setup.sh
[0.207s] -- Up-to-date: /home/dai/ros2_study/ws01_plumbing/install/base_interfaces_demo/share/base_interfaces_demo/local_setup.zsh
[0.207s] -- Up-to-date: /home/dai/ros2_study/ws01_plumbing/install/base_interfaces_demo/share/base_interfaces_demo/local_setup.dsv
[0.208s] -- Installing: /home/dai/ros2_study/ws01_plumbing/install/base_interfaces_demo/share/base_interfaces_demo/package.dsv
[0.209s] -- Up-to-date: /home/dai/ros2_study/ws01_plumbing/install/base_interfaces_demo/share/ament_index/resource_index/packages/base_interfaces_demo
[0.209s] -- Up-to-date: /home/dai/ros2_study/ws01_plumbing/install/base_interfaces_demo/share/base_interfaces_demo/cmake/base_interfaces_demoConfig.cmake
[0.210s] -- Up-to-date: /home/dai/ros2_study/ws01_plumbing/install/base_interfaces_demo/share/base_interfaces_demo/cmake/base_interfaces_demoConfig-version.cmake
[0.210s] -- Up-to-date: /home/dai/ros2_study/ws01_plumbing/install/base_interfaces_demo/share/base_interfaces_demo/package.xml
[0.215s] Invoked command in '/home/dai/ros2_study/ws01_plumbing/build/base_interfaces_demo' returned '0': CMAKE_PREFIX_PATH=${CMAKE_PREFIX_PATH}:/home/dai/ros2_study/ws01_plumbing/install/py01_topic:/home/dai/robotStudy_ws/install/pkg01_helloWorld_python:/opt/ros/humble /usr/bin/cmake --install /home/dai/ros2_study/ws01_plumbing/build/base_interfaces_demo
