[0.059s] Invoking command in '/home/dai/ros2_study/ws01_plumbing/build/base_interfaces_demo': CMAKE_PREFIX_PATH=${CMAKE_PREFIX_PATH}:/home/dai/robotStudy_ws/install/pkg01_helloWorld_python:/opt/ros/humble /usr/bin/cmake /home/dai/ros2_study/ws01_plumbing/src/base_interfaces_demo -DCMAKE_INSTALL_PREFIX=/home/dai/ros2_study/ws01_plumbing/install/base_interfaces_demo
[1.003s] -- The C compiler identification is GNU 11.4.0
[1.448s] -- The CXX compiler identification is GNU 11.4.0
[1.506s] -- Detecting C compiler ABI info
[1.738s] -- Detecting C compiler ABI info - done
[1.753s] -- Check for working C compiler: /usr/bin/cc - skipped
[1.756s] -- Detecting C compile features
[1.787s] -- Detecting C compile features - done
[1.830s] -- Detecting CXX compiler ABI info
[2.089s] -- Detecting CXX compiler ABI info - done
[2.099s] -- Check for working CXX compiler: /usr/bin/c++ - skipped
[2.099s] -- Detecting CXX compile features
[2.105s] -- Detecting CXX compile features - done
[2.279s] -- Found ament_cmake: 1.3.9 (/opt/ros/humble/share/ament_cmake/cmake)
[2.649s] -- Found Python3: /usr/bin/python3 (found version "3.10.12") found components: Interpreter 
[2.944s] -- Found ament_lint_auto: 0.12.11 (/opt/ros/humble/share/ament_lint_auto/cmake)
[3.239s] -- Added test 'lint_cmake' to check CMake code style
[3.243s] -- Added test 'xmllint' to check XML markup files
[3.246s] -- Configuring done
[3.252s] -- Generating done
[3.253s] -- Build files have been written to: /home/dai/ros2_study/ws01_plumbing/build/base_interfaces_demo
[3.260s] Invoked command in '/home/dai/ros2_study/ws01_plumbing/build/base_interfaces_demo' returned '0': CMAKE_PREFIX_PATH=${CMAKE_PREFIX_PATH}:/home/dai/robotStudy_ws/install/pkg01_helloWorld_python:/opt/ros/humble /usr/bin/cmake /home/dai/ros2_study/ws01_plumbing/src/base_interfaces_demo -DCMAKE_INSTALL_PREFIX=/home/dai/ros2_study/ws01_plumbing/install/base_interfaces_demo
[3.270s] Invoking command in '/home/dai/ros2_study/ws01_plumbing/build/base_interfaces_demo': CMAKE_PREFIX_PATH=${CMAKE_PREFIX_PATH}:/home/dai/robotStudy_ws/install/pkg01_helloWorld_python:/opt/ros/humble /usr/bin/cmake --build /home/dai/ros2_study/ws01_plumbing/build/base_interfaces_demo -- -j4 -l4
[3.359s] Invoked command in '/home/dai/ros2_study/ws01_plumbing/build/base_interfaces_demo' returned '0': CMAKE_PREFIX_PATH=${CMAKE_PREFIX_PATH}:/home/dai/robotStudy_ws/install/pkg01_helloWorld_python:/opt/ros/humble /usr/bin/cmake --build /home/dai/ros2_study/ws01_plumbing/build/base_interfaces_demo -- -j4 -l4
[3.449s] Invoking command in '/home/dai/ros2_study/ws01_plumbing/build/base_interfaces_demo': CMAKE_PREFIX_PATH=${CMAKE_PREFIX_PATH}:/home/dai/robotStudy_ws/install/pkg01_helloWorld_python:/opt/ros/humble /usr/bin/cmake --install /home/dai/ros2_study/ws01_plumbing/build/base_interfaces_demo
[3.466s] -- Install configuration: ""
[3.467s] -- Installing: /home/dai/ros2_study/ws01_plumbing/install/base_interfaces_demo/share/ament_index/resource_index/package_run_dependencies/base_interfaces_demo
[3.467s] -- Installing: /home/dai/ros2_study/ws01_plumbing/install/base_interfaces_demo/share/ament_index/resource_index/parent_prefix_path/base_interfaces_demo
[3.467s] -- Installing: /home/dai/ros2_study/ws01_plumbing/install/base_interfaces_demo/share/base_interfaces_demo/environment/ament_prefix_path.sh
[3.467s] -- Installing: /home/dai/ros2_study/ws01_plumbing/install/base_interfaces_demo/share/base_interfaces_demo/environment/ament_prefix_path.dsv
[3.468s] -- Installing: /home/dai/ros2_study/ws01_plumbing/install/base_interfaces_demo/share/base_interfaces_demo/environment/path.sh
[3.468s] -- Installing: /home/dai/ros2_study/ws01_plumbing/install/base_interfaces_demo/share/base_interfaces_demo/environment/path.dsv
[3.468s] -- Installing: /home/dai/ros2_study/ws01_plumbing/install/base_interfaces_demo/share/base_interfaces_demo/local_setup.bash
[3.470s] -- Installing: /home/dai/ros2_study/ws01_plumbing/install/base_interfaces_demo/share/base_interfaces_demo/local_setup.sh
[3.471s] -- Installing: /home/dai/ros2_study/ws01_plumbing/install/base_interfaces_demo/share/base_interfaces_demo/local_setup.zsh
[3.471s] -- Installing: /home/dai/ros2_study/ws01_plumbing/install/base_interfaces_demo/share/base_interfaces_demo/local_setup.dsv
[3.471s] -- Installing: /home/dai/ros2_study/ws01_plumbing/install/base_interfaces_demo/share/base_interfaces_demo/package.dsv
[3.472s] -- Installing: /home/dai/ros2_study/ws01_plumbing/install/base_interfaces_demo/share/ament_index/resource_index/packages/base_interfaces_demo
[3.473s] -- Installing: /home/dai/ros2_study/ws01_plumbing/install/base_interfaces_demo/share/base_interfaces_demo/cmake/base_interfaces_demoConfig.cmake
[3.473s] -- Installing: /home/dai/ros2_study/ws01_plumbing/install/base_interfaces_demo/share/base_interfaces_demo/cmake/base_interfaces_demoConfig-version.cmake
[3.473s] -- Installing: /home/dai/ros2_study/ws01_plumbing/install/base_interfaces_demo/share/base_interfaces_demo/package.xml
[3.477s] Invoked command in '/home/dai/ros2_study/ws01_plumbing/build/base_interfaces_demo' returned '0': CMAKE_PREFIX_PATH=${CMAKE_PREFIX_PATH}:/home/dai/robotStudy_ws/install/pkg01_helloWorld_python:/opt/ros/humble /usr/bin/cmake --install /home/dai/ros2_study/ws01_plumbing/build/base_interfaces_demo
