[0.032s] Invoking command in '/home/dai/ros2_study/ws01_plumbing/build/cpp05_names': CMAKE_PREFIX_PATH=${CMAKE_PREFIX_PATH}:/home/dai/ros2_study/ws01_plumbing/install/py01_topic:/opt/ros/humble /usr/bin/cmake /home/dai/ros2_study/ws01_plumbing/src/cpp05_names -DCMAKE_INSTALL_PREFIX=/home/dai/ros2_study/ws01_plumbing/install/cpp05_names
[0.407s] -- The C compiler identification is GNU 11.4.0
[0.576s] -- The CXX compiler identification is GNU 11.4.0
[0.621s] -- Detecting C compiler ABI info
[0.850s] -- Detecting C compiler ABI info - done
[0.864s] -- Check for working C compiler: /usr/bin/cc - skipped
[0.865s] -- Detecting C compile features
[0.881s] -- Detecting C compile features - done
[0.889s] -- Detecting CXX compiler ABI info
[1.069s] -- Detecting CXX compiler ABI info - done
[1.082s] -- Check for working CXX compiler: /usr/bin/c++ - skipped
[1.082s] -- Detecting CXX compile features
[1.082s] -- Detecting CXX compile features - done
[1.133s] -- Found ament_cmake: 1.3.9 (/opt/ros/humble/share/ament_cmake/cmake)
[1.480s] -- Found Python3: /usr/bin/python3 (found version "3.10.12") found components: Interpreter 
[1.840s] -- Found rclcpp: 16.0.9 (/opt/ros/humble/share/rclcpp/cmake)
[2.097s] -- Found rosidl_generator_c: 3.1.5 (/opt/ros/humble/share/rosidl_generator_c/cmake)
[2.134s] -- Found rosidl_adapter: 3.1.5 (/opt/ros/humble/share/rosidl_adapter/cmake)
[2.159s] -- Found rosidl_generator_cpp: 3.1.5 (/opt/ros/humble/share/rosidl_generator_cpp/cmake)
[2.221s] -- Using all available rosidl_typesupport_c: rosidl_typesupport_fastrtps_c;rosidl_typesupport_introspection_c
[2.273s] -- Using all available rosidl_typesupport_cpp: rosidl_typesupport_fastrtps_cpp;rosidl_typesupport_introspection_cpp
[2.564s] -- Found rmw_implementation_cmake: 6.1.2 (/opt/ros/humble/share/rmw_implementation_cmake/cmake)
[2.579s] -- Found rmw_fastrtps_cpp: 6.2.6 (/opt/ros/humble/share/rmw_fastrtps_cpp/cmake)
[2.895s] -- Found OpenSSL: /usr/lib/x86_64-linux-gnu/libcrypto.so (found version "3.0.2")  
[2.960s] -- Found FastRTPS: /opt/ros/humble/include  
[3.030s] -- Using RMW implementation 'rmw_fastrtps_cpp' as default
[3.080s] -- Looking for pthread.h
[3.223s] -- Looking for pthread.h - found
[3.224s] -- Performing Test CMAKE_HAVE_LIBC_PTHREAD
[3.365s] -- Performing Test CMAKE_HAVE_LIBC_PTHREAD - Success
[3.365s] -- Found Threads: TRUE  
[3.731s] -- Found ament_lint_auto: 0.12.11 (/opt/ros/humble/share/ament_lint_auto/cmake)
[3.955s] -- Added test 'cppcheck' to perform static code analysis on C / C++ code
[3.955s] -- Configured cppcheck include dirs: $<BUILD_INTERFACE:/home/dai/ros2_study/ws01_plumbing/src/cpp05_names/include>
[3.955s] -- Configured cppcheck exclude dirs and/or files: 
[3.957s] -- Added test 'flake8' to check Python code syntax and style conventions
[3.961s] -- Added test 'lint_cmake' to check CMake code style
[3.962s] -- Added test 'pep257' to check Python code against some of the docstring style conventions in PEP 257
[3.964s] -- Added test 'uncrustify' to check C / C++ code style
[3.964s] -- Configured uncrustify additional arguments: 
[3.968s] -- Added test 'xmllint' to check XML markup files
[3.987s] -- Configuring done
[4.060s] -- Generating done
[4.062s] -- Build files have been written to: /home/dai/ros2_study/ws01_plumbing/build/cpp05_names
[4.088s] Invoked command in '/home/dai/ros2_study/ws01_plumbing/build/cpp05_names' returned '0': CMAKE_PREFIX_PATH=${CMAKE_PREFIX_PATH}:/home/dai/ros2_study/ws01_plumbing/install/py01_topic:/opt/ros/humble /usr/bin/cmake /home/dai/ros2_study/ws01_plumbing/src/cpp05_names -DCMAKE_INSTALL_PREFIX=/home/dai/ros2_study/ws01_plumbing/install/cpp05_names
[4.089s] Invoking command in '/home/dai/ros2_study/ws01_plumbing/build/cpp05_names': CMAKE_PREFIX_PATH=${CMAKE_PREFIX_PATH}:/home/dai/ros2_study/ws01_plumbing/install/py01_topic:/opt/ros/humble /usr/bin/cmake --build /home/dai/ros2_study/ws01_plumbing/build/cpp05_names -- -j4 -l4
[4.185s] [ 50%] [32mBuilding CXX object CMakeFiles/demo01_names.dir/src/demo01_names.cpp.o[0m
[4.314s] [100%] [32m[1mLinking CXX executable demo01_names[0m
[4.438s] [100%] Built target demo01_names
[4.460s] Invoked command in '/home/dai/ros2_study/ws01_plumbing/build/cpp05_names' returned '0': CMAKE_PREFIX_PATH=${CMAKE_PREFIX_PATH}:/home/dai/ros2_study/ws01_plumbing/install/py01_topic:/opt/ros/humble /usr/bin/cmake --build /home/dai/ros2_study/ws01_plumbing/build/cpp05_names -- -j4 -l4
[4.546s] Invoking command in '/home/dai/ros2_study/ws01_plumbing/build/cpp05_names': CMAKE_PREFIX_PATH=${CMAKE_PREFIX_PATH}:/home/dai/ros2_study/ws01_plumbing/install/py01_topic:/opt/ros/humble /usr/bin/cmake --install /home/dai/ros2_study/ws01_plumbing/build/cpp05_names
[4.557s] -- Install configuration: ""
[4.559s] -- Installing: /home/dai/ros2_study/ws01_plumbing/install/cpp05_names/share/cpp05_names/launch
[4.560s] -- Installing: /home/dai/ros2_study/ws01_plumbing/install/cpp05_names/share/cpp05_names/launch/demo01_names_launch.py
[4.560s] -- Installing: /home/dai/ros2_study/ws01_plumbing/install/cpp05_names/lib/cpp05_names/demo01_names
[4.561s] -- Set runtime path of "/home/dai/ros2_study/ws01_plumbing/install/cpp05_names/lib/cpp05_names/demo01_names" to ""
[4.562s] -- Installing: /home/dai/ros2_study/ws01_plumbing/install/cpp05_names/share/ament_index/resource_index/package_run_dependencies/cpp05_names
[4.562s] -- Installing: /home/dai/ros2_study/ws01_plumbing/install/cpp05_names/share/ament_index/resource_index/parent_prefix_path/cpp05_names
[4.562s] -- Installing: /home/dai/ros2_study/ws01_plumbing/install/cpp05_names/share/cpp05_names/environment/ament_prefix_path.sh
[4.562s] -- Installing: /home/dai/ros2_study/ws01_plumbing/install/cpp05_names/share/cpp05_names/environment/ament_prefix_path.dsv
[4.562s] -- Installing: /home/dai/ros2_study/ws01_plumbing/install/cpp05_names/share/cpp05_names/environment/path.sh
[4.562s] -- Installing: /home/dai/ros2_study/ws01_plumbing/install/cpp05_names/share/cpp05_names/environment/path.dsv
[4.562s] -- Installing: /home/dai/ros2_study/ws01_plumbing/install/cpp05_names/share/cpp05_names/local_setup.bash
[4.562s] -- Installing: /home/dai/ros2_study/ws01_plumbing/install/cpp05_names/share/cpp05_names/local_setup.sh
[4.562s] -- Installing: /home/dai/ros2_study/ws01_plumbing/install/cpp05_names/share/cpp05_names/local_setup.zsh
[4.562s] -- Installing: /home/dai/ros2_study/ws01_plumbing/install/cpp05_names/share/cpp05_names/local_setup.dsv
[4.563s] -- Installing: /home/dai/ros2_study/ws01_plumbing/install/cpp05_names/share/cpp05_names/package.dsv
[4.563s] -- Installing: /home/dai/ros2_study/ws01_plumbing/install/cpp05_names/share/ament_index/resource_index/packages/cpp05_names
[4.563s] -- Installing: /home/dai/ros2_study/ws01_plumbing/install/cpp05_names/share/cpp05_names/cmake/cpp05_namesConfig.cmake
[4.563s] -- Installing: /home/dai/ros2_study/ws01_plumbing/install/cpp05_names/share/cpp05_names/cmake/cpp05_namesConfig-version.cmake
[4.563s] -- Installing: /home/dai/ros2_study/ws01_plumbing/install/cpp05_names/share/cpp05_names/package.xml
[4.570s] Invoked command in '/home/dai/ros2_study/ws01_plumbing/build/cpp05_names' returned '0': CMAKE_PREFIX_PATH=${CMAKE_PREFIX_PATH}:/home/dai/ros2_study/ws01_plumbing/install/py01_topic:/opt/ros/humble /usr/bin/cmake --install /home/dai/ros2_study/ws01_plumbing/build/cpp05_names
