[0.298s] DEBUG:colcon:Command line arguments: ['/usr/bin/colcon', 'build']
[0.299s] DEBUG:colcon:Parsed command line arguments: Namespace(log_base=None, log_level=None, verb_name='build', build_base='build', install_base='install', merge_install=False, symlink_install=False, test_result_base=None, continue_on_error=False, executor='parallel', parallel_workers=4, event_handlers=None, ignore_user_meta=False, metas=['./colcon.meta'], base_paths=['.'], packages_ignore=None, packages_ignore_regex=None, paths=None, packages_up_to=None, packages_up_to_regex=None, packages_above=None, packages_above_and_dependencies=None, packages_above_depth=None, packages_select_by_dep=None, packages_skip_by_dep=None, packages_skip_up_to=None, packages_select_build_failed=False, packages_skip_build_finished=False, packages_select_test_failures=False, packages_skip_test_passed=False, packages_select=None, packages_skip=None, packages_select_regex=None, packages_skip_regex=None, packages_start=None, packages_end=None, allow_overriding=[], cmake_args=None, cmake_target=None, cmake_target_skip_unavailable=False, cmake_clean_cache=False, cmake_clean_first=False, cmake_force_configure=False, ament_cmake_args=None, catkin_cmake_args=None, catkin_skip_building_tests=False, verb_parser=<colcon_defaults.argument_parser.defaults.DefaultArgumentsDecorator object at 0x7fbd605fbc10>, verb_extension=<colcon_core.verb.build.BuildVerb object at 0x7fbd605a8100>, main=<bound method BuildVerb.main of <colcon_core.verb.build.BuildVerb object at 0x7fbd605a8100>>)
[0.521s] Level 1:colcon.colcon_core.package_discovery:discover_packages(colcon_meta) check parameters
[0.521s] Level 1:colcon.colcon_core.package_discovery:discover_packages(recursive) check parameters
[0.521s] Level 1:colcon.colcon_core.package_discovery:discover_packages(ignore) check parameters
[0.521s] Level 1:colcon.colcon_core.package_discovery:discover_packages(path) check parameters
[0.522s] Level 1:colcon.colcon_core.package_discovery:discover_packages(colcon_meta) discover
[0.522s] Level 1:colcon.colcon_core.package_discovery:discover_packages(recursive) discover
[0.522s] INFO:colcon.colcon_core.package_discovery:Crawling recursively for packages in '/home/dai/ros2_study/ws01_plumbing'
[0.522s] Level 1:colcon.colcon_core.package_identification:_identify(.) by extensions ['ignore', 'ignore_ament_install']
[0.523s] Level 1:colcon.colcon_core.package_identification:_identify(.) by extension 'ignore'
[0.523s] Level 1:colcon.colcon_core.package_identification:_identify(.) by extension 'ignore_ament_install'
[0.523s] Level 1:colcon.colcon_core.package_identification:_identify(.) by extensions ['colcon_pkg']
[0.523s] Level 1:colcon.colcon_core.package_identification:_identify(.) by extension 'colcon_pkg'
[0.523s] Level 1:colcon.colcon_core.package_identification:_identify(.) by extensions ['colcon_meta']
[0.523s] Level 1:colcon.colcon_core.package_identification:_identify(.) by extension 'colcon_meta'
[0.524s] Level 1:colcon.colcon_core.package_identification:_identify(.) by extensions ['ros']
[0.524s] Level 1:colcon.colcon_core.package_identification:_identify(.) by extension 'ros'
[0.538s] Level 1:colcon.colcon_core.package_identification:_identify(.) by extensions ['cmake', 'python']
[0.538s] Level 1:colcon.colcon_core.package_identification:_identify(.) by extension 'cmake'
[0.538s] Level 1:colcon.colcon_core.package_identification:_identify(.) by extension 'python'
[0.538s] Level 1:colcon.colcon_core.package_identification:_identify(.) by extensions ['python_setup_py']
[0.539s] Level 1:colcon.colcon_core.package_identification:_identify(.) by extension 'python_setup_py'
[0.539s] Level 1:colcon.colcon_core.package_identification:_identify(build) by extensions ['ignore', 'ignore_ament_install']
[0.540s] Level 1:colcon.colcon_core.package_identification:_identify(build) by extension 'ignore'
[0.540s] Level 1:colcon.colcon_core.package_identification:_identify(build) ignored
[0.540s] Level 1:colcon.colcon_core.package_identification:_identify(install) by extensions ['ignore', 'ignore_ament_install']
[0.540s] Level 1:colcon.colcon_core.package_identification:_identify(install) by extension 'ignore'
[0.540s] Level 1:colcon.colcon_core.package_identification:_identify(install) ignored
[0.541s] Level 1:colcon.colcon_core.package_identification:_identify(log) by extensions ['ignore', 'ignore_ament_install']
[0.541s] Level 1:colcon.colcon_core.package_identification:_identify(log) by extension 'ignore'
[0.541s] Level 1:colcon.colcon_core.package_identification:_identify(log) ignored
[0.541s] Level 1:colcon.colcon_core.package_identification:_identify(src) by extensions ['ignore', 'ignore_ament_install']
[0.541s] Level 1:colcon.colcon_core.package_identification:_identify(src) by extension 'ignore'
[0.541s] Level 1:colcon.colcon_core.package_identification:_identify(src) by extension 'ignore_ament_install'
[0.542s] Level 1:colcon.colcon_core.package_identification:_identify(src) by extensions ['colcon_pkg']
[0.542s] Level 1:colcon.colcon_core.package_identification:_identify(src) by extension 'colcon_pkg'
[0.542s] Level 1:colcon.colcon_core.package_identification:_identify(src) by extensions ['colcon_meta']
[0.542s] Level 1:colcon.colcon_core.package_identification:_identify(src) by extension 'colcon_meta'
[0.542s] Level 1:colcon.colcon_core.package_identification:_identify(src) by extensions ['ros']
[0.542s] Level 1:colcon.colcon_core.package_identification:_identify(src) by extension 'ros'
[0.543s] Level 1:colcon.colcon_core.package_identification:_identify(src) by extensions ['cmake', 'python']
[0.543s] Level 1:colcon.colcon_core.package_identification:_identify(src) by extension 'cmake'
[0.543s] Level 1:colcon.colcon_core.package_identification:_identify(src) by extension 'python'
[0.543s] Level 1:colcon.colcon_core.package_identification:_identify(src) by extensions ['python_setup_py']
[0.543s] Level 1:colcon.colcon_core.package_identification:_identify(src) by extension 'python_setup_py'
[0.543s] Level 1:colcon.colcon_core.package_identification:_identify(src/base_interfaces_demo) by extensions ['ignore', 'ignore_ament_install']
[0.544s] Level 1:colcon.colcon_core.package_identification:_identify(src/base_interfaces_demo) by extension 'ignore'
[0.544s] Level 1:colcon.colcon_core.package_identification:_identify(src/base_interfaces_demo) by extension 'ignore_ament_install'
[0.544s] Level 1:colcon.colcon_core.package_identification:_identify(src/base_interfaces_demo) by extensions ['colcon_pkg']
[0.544s] Level 1:colcon.colcon_core.package_identification:_identify(src/base_interfaces_demo) by extension 'colcon_pkg'
[0.544s] Level 1:colcon.colcon_core.package_identification:_identify(src/base_interfaces_demo) by extensions ['colcon_meta']
[0.544s] Level 1:colcon.colcon_core.package_identification:_identify(src/base_interfaces_demo) by extension 'colcon_meta'
[0.544s] Level 1:colcon.colcon_core.package_identification:_identify(src/base_interfaces_demo) by extensions ['ros']
[0.545s] Level 1:colcon.colcon_core.package_identification:_identify(src/base_interfaces_demo) by extension 'ros'
[0.548s] DEBUG:colcon.colcon_core.package_identification:Package 'src/base_interfaces_demo' with type 'ros.ament_cmake' and name 'base_interfaces_demo'
[0.548s] Level 1:colcon.colcon_core.package_identification:_identify(src/cpp01_topic) by extensions ['ignore', 'ignore_ament_install']
[0.548s] Level 1:colcon.colcon_core.package_identification:_identify(src/cpp01_topic) by extension 'ignore'
[0.548s] Level 1:colcon.colcon_core.package_identification:_identify(src/cpp01_topic) by extension 'ignore_ament_install'
[0.549s] Level 1:colcon.colcon_core.package_identification:_identify(src/cpp01_topic) by extensions ['colcon_pkg']
[0.549s] Level 1:colcon.colcon_core.package_identification:_identify(src/cpp01_topic) by extension 'colcon_pkg'
[0.549s] Level 1:colcon.colcon_core.package_identification:_identify(src/cpp01_topic) by extensions ['colcon_meta']
[0.549s] Level 1:colcon.colcon_core.package_identification:_identify(src/cpp01_topic) by extension 'colcon_meta'
[0.549s] Level 1:colcon.colcon_core.package_identification:_identify(src/cpp01_topic) by extensions ['ros']
[0.549s] Level 1:colcon.colcon_core.package_identification:_identify(src/cpp01_topic) by extension 'ros'
[0.550s] DEBUG:colcon.colcon_core.package_identification:Package 'src/cpp01_topic' with type 'ros.ament_cmake' and name 'cpp01_topic'
[0.550s] Level 1:colcon.colcon_core.package_identification:_identify(src/py01_topic) by extensions ['ignore', 'ignore_ament_install']
[0.551s] Level 1:colcon.colcon_core.package_identification:_identify(src/py01_topic) by extension 'ignore'
[0.551s] Level 1:colcon.colcon_core.package_identification:_identify(src/py01_topic) by extension 'ignore_ament_install'
[0.551s] Level 1:colcon.colcon_core.package_identification:_identify(src/py01_topic) by extensions ['colcon_pkg']
[0.551s] Level 1:colcon.colcon_core.package_identification:_identify(src/py01_topic) by extension 'colcon_pkg'
[0.551s] Level 1:colcon.colcon_core.package_identification:_identify(src/py01_topic) by extensions ['colcon_meta']
[0.551s] Level 1:colcon.colcon_core.package_identification:_identify(src/py01_topic) by extension 'colcon_meta'
[0.551s] Level 1:colcon.colcon_core.package_identification:_identify(src/py01_topic) by extensions ['ros']
[0.552s] Level 1:colcon.colcon_core.package_identification:_identify(src/py01_topic) by extension 'ros'
[0.553s] DEBUG:colcon.colcon_core.package_identification:Package 'src/py01_topic' with type 'ros.ament_python' and name 'py01_topic'
[0.553s] Level 1:colcon.colcon_core.package_discovery:discover_packages(recursive) using defaults
[0.553s] Level 1:colcon.colcon_core.package_discovery:discover_packages(ignore) discover
[0.553s] Level 1:colcon.colcon_core.package_discovery:discover_packages(ignore) using defaults
[0.553s] Level 1:colcon.colcon_core.package_discovery:discover_packages(path) discover
[0.553s] Level 1:colcon.colcon_core.package_discovery:discover_packages(path) using defaults
[0.580s] Level 1:colcon.colcon_core.package_discovery:discover_packages(prefix_path) check parameters
[0.581s] Level 1:colcon.colcon_core.package_discovery:discover_packages(prefix_path) discover
[0.584s] DEBUG:colcon.colcon_installed_package_information.package_discovery:Found 3 installed packages in /home/dai/ros2_study/ws01_plumbing/install
[0.585s] DEBUG:colcon.colcon_installed_package_information.package_discovery:Found 2 installed packages in /home/dai/robotStudy_ws/install
[0.586s] DEBUG:colcon.colcon_installed_package_information.package_discovery:Found 270 installed packages in /opt/ros/humble
[0.588s] Level 1:colcon.colcon_core.package_discovery:discover_packages(prefix_path) using defaults
[0.652s] Level 5:colcon.colcon_core.verb:set package 'base_interfaces_demo' build argument 'cmake_args' from command line to 'None'
[0.653s] Level 5:colcon.colcon_core.verb:set package 'base_interfaces_demo' build argument 'cmake_target' from command line to 'None'
[0.653s] Level 5:colcon.colcon_core.verb:set package 'base_interfaces_demo' build argument 'cmake_target_skip_unavailable' from command line to 'False'
[0.653s] Level 5:colcon.colcon_core.verb:set package 'base_interfaces_demo' build argument 'cmake_clean_cache' from command line to 'False'
[0.653s] Level 5:colcon.colcon_core.verb:set package 'base_interfaces_demo' build argument 'cmake_clean_first' from command line to 'False'
[0.653s] Level 5:colcon.colcon_core.verb:set package 'base_interfaces_demo' build argument 'cmake_force_configure' from command line to 'False'
[0.653s] Level 5:colcon.colcon_core.verb:set package 'base_interfaces_demo' build argument 'ament_cmake_args' from command line to 'None'
[0.653s] Level 5:colcon.colcon_core.verb:set package 'base_interfaces_demo' build argument 'catkin_cmake_args' from command line to 'None'
[0.653s] Level 5:colcon.colcon_core.verb:set package 'base_interfaces_demo' build argument 'catkin_skip_building_tests' from command line to 'False'
[0.654s] DEBUG:colcon.colcon_core.verb:Building package 'base_interfaces_demo' with the following arguments: {'ament_cmake_args': None, 'build_base': '/home/dai/ros2_study/ws01_plumbing/build/base_interfaces_demo', 'catkin_cmake_args': None, 'catkin_skip_building_tests': False, 'cmake_args': None, 'cmake_clean_cache': False, 'cmake_clean_first': False, 'cmake_force_configure': False, 'cmake_target': None, 'cmake_target_skip_unavailable': False, 'install_base': '/home/dai/ros2_study/ws01_plumbing/install/base_interfaces_demo', 'merge_install': False, 'path': '/home/dai/ros2_study/ws01_plumbing/src/base_interfaces_demo', 'symlink_install': False, 'test_result_base': None}
[0.654s] Level 5:colcon.colcon_core.verb:set package 'cpp01_topic' build argument 'cmake_args' from command line to 'None'
[0.654s] Level 5:colcon.colcon_core.verb:set package 'cpp01_topic' build argument 'cmake_target' from command line to 'None'
[0.655s] Level 5:colcon.colcon_core.verb:set package 'cpp01_topic' build argument 'cmake_target_skip_unavailable' from command line to 'False'
[0.655s] Level 5:colcon.colcon_core.verb:set package 'cpp01_topic' build argument 'cmake_clean_cache' from command line to 'False'
[0.655s] Level 5:colcon.colcon_core.verb:set package 'cpp01_topic' build argument 'cmake_clean_first' from command line to 'False'
[0.655s] Level 5:colcon.colcon_core.verb:set package 'cpp01_topic' build argument 'cmake_force_configure' from command line to 'False'
[0.655s] Level 5:colcon.colcon_core.verb:set package 'cpp01_topic' build argument 'ament_cmake_args' from command line to 'None'
[0.656s] Level 5:colcon.colcon_core.verb:set package 'cpp01_topic' build argument 'catkin_cmake_args' from command line to 'None'
[0.656s] Level 5:colcon.colcon_core.verb:set package 'cpp01_topic' build argument 'catkin_skip_building_tests' from command line to 'False'
[0.656s] DEBUG:colcon.colcon_core.verb:Building package 'cpp01_topic' with the following arguments: {'ament_cmake_args': None, 'build_base': '/home/dai/ros2_study/ws01_plumbing/build/cpp01_topic', 'catkin_cmake_args': None, 'catkin_skip_building_tests': False, 'cmake_args': None, 'cmake_clean_cache': False, 'cmake_clean_first': False, 'cmake_force_configure': False, 'cmake_target': None, 'cmake_target_skip_unavailable': False, 'install_base': '/home/dai/ros2_study/ws01_plumbing/install/cpp01_topic', 'merge_install': False, 'path': '/home/dai/ros2_study/ws01_plumbing/src/cpp01_topic', 'symlink_install': False, 'test_result_base': None}
[0.657s] Level 5:colcon.colcon_core.verb:set package 'py01_topic' build argument 'cmake_args' from command line to 'None'
[0.657s] Level 5:colcon.colcon_core.verb:set package 'py01_topic' build argument 'cmake_target' from command line to 'None'
[0.657s] Level 5:colcon.colcon_core.verb:set package 'py01_topic' build argument 'cmake_target_skip_unavailable' from command line to 'False'
[0.657s] Level 5:colcon.colcon_core.verb:set package 'py01_topic' build argument 'cmake_clean_cache' from command line to 'False'
[0.657s] Level 5:colcon.colcon_core.verb:set package 'py01_topic' build argument 'cmake_clean_first' from command line to 'False'
[0.657s] Level 5:colcon.colcon_core.verb:set package 'py01_topic' build argument 'cmake_force_configure' from command line to 'False'
[0.657s] Level 5:colcon.colcon_core.verb:set package 'py01_topic' build argument 'ament_cmake_args' from command line to 'None'
[0.658s] Level 5:colcon.colcon_core.verb:set package 'py01_topic' build argument 'catkin_cmake_args' from command line to 'None'
[0.658s] Level 5:colcon.colcon_core.verb:set package 'py01_topic' build argument 'catkin_skip_building_tests' from command line to 'False'
[0.658s] DEBUG:colcon.colcon_core.verb:Building package 'py01_topic' with the following arguments: {'ament_cmake_args': None, 'build_base': '/home/dai/ros2_study/ws01_plumbing/build/py01_topic', 'catkin_cmake_args': None, 'catkin_skip_building_tests': False, 'cmake_args': None, 'cmake_clean_cache': False, 'cmake_clean_first': False, 'cmake_force_configure': False, 'cmake_target': None, 'cmake_target_skip_unavailable': False, 'install_base': '/home/dai/ros2_study/ws01_plumbing/install/py01_topic', 'merge_install': False, 'path': '/home/dai/ros2_study/ws01_plumbing/src/py01_topic', 'symlink_install': False, 'test_result_base': None}
[0.658s] INFO:colcon.colcon_core.executor:Executing jobs using 'parallel' executor
[0.659s] DEBUG:colcon.colcon_parallel_executor.executor.parallel:run_until_complete
[0.660s] INFO:colcon.colcon_ros.task.ament_cmake.build:Building ROS package in '/home/dai/ros2_study/ws01_plumbing/src/base_interfaces_demo' with build type 'ament_cmake'
[0.660s] INFO:colcon.colcon_cmake.task.cmake.build:Building CMake package in '/home/dai/ros2_study/ws01_plumbing/src/base_interfaces_demo'
[0.686s] INFO:colcon.colcon_core.plugin_system:Skipping extension 'colcon_core.shell.bat': Not used on non-Windows systems
[0.686s] INFO:colcon.colcon_core.shell:Skip shell extension 'powershell' for command environment: Not usable outside of PowerShell
[0.686s] DEBUG:colcon.colcon_core.shell:Skip shell extension 'dsv' for command environment
[0.705s] DEBUG:colcon.colcon_core.event_handler.log_command:Invoking command in '/home/dai/ros2_study/ws01_plumbing/build/base_interfaces_demo': CMAKE_PREFIX_PATH=${CMAKE_PREFIX_PATH}:/home/dai/ros2_study/ws01_plumbing/install/py01_topic:/home/dai/robotStudy_ws/install/pkg01_helloWorld_python:/opt/ros/humble /usr/bin/cmake --build /home/dai/ros2_study/ws01_plumbing/build/base_interfaces_demo -- -j4 -l4
[0.788s] DEBUG:colcon.colcon_core.event_handler.log_command:Invoked command in '/home/dai/ros2_study/ws01_plumbing/build/base_interfaces_demo' returned '0': CMAKE_PREFIX_PATH=${CMAKE_PREFIX_PATH}:/home/dai/ros2_study/ws01_plumbing/install/py01_topic:/home/dai/robotStudy_ws/install/pkg01_helloWorld_python:/opt/ros/humble /usr/bin/cmake --build /home/dai/ros2_study/ws01_plumbing/build/base_interfaces_demo -- -j4 -l4
[0.850s] DEBUG:colcon.colcon_core.event_handler.log_command:Invoking command in '/home/dai/ros2_study/ws01_plumbing/build/base_interfaces_demo': CMAKE_PREFIX_PATH=${CMAKE_PREFIX_PATH}:/home/dai/ros2_study/ws01_plumbing/install/py01_topic:/home/dai/robotStudy_ws/install/pkg01_helloWorld_python:/opt/ros/humble /usr/bin/cmake --install /home/dai/ros2_study/ws01_plumbing/build/base_interfaces_demo
[0.875s] Level 1:colcon.colcon_core.environment:create_environment_scripts_only(base_interfaces_demo)
[0.876s] DEBUG:colcon.colcon_core.event_handler.log_command:Invoked command in '/home/dai/ros2_study/ws01_plumbing/build/base_interfaces_demo' returned '0': CMAKE_PREFIX_PATH=${CMAKE_PREFIX_PATH}:/home/dai/ros2_study/ws01_plumbing/install/py01_topic:/home/dai/robotStudy_ws/install/pkg01_helloWorld_python:/opt/ros/humble /usr/bin/cmake --install /home/dai/ros2_study/ws01_plumbing/build/base_interfaces_demo
[0.988s] Level 1:colcon.colcon_core.environment:checking '/home/dai/ros2_study/ws01_plumbing/install/base_interfaces_demo' for CMake module files
[0.990s] Level 1:colcon.colcon_core.environment:checking '/home/dai/ros2_study/ws01_plumbing/install/base_interfaces_demo' for CMake config files
[0.991s] Level 1:colcon.colcon_core.shell:create_environment_hook('base_interfaces_demo', 'cmake_prefix_path')
[0.991s] INFO:colcon.colcon_core.shell:Creating environment hook '/home/dai/ros2_study/ws01_plumbing/install/base_interfaces_demo/share/base_interfaces_demo/hook/cmake_prefix_path.ps1'
[0.994s] INFO:colcon.colcon_core.shell:Creating environment descriptor '/home/dai/ros2_study/ws01_plumbing/install/base_interfaces_demo/share/base_interfaces_demo/hook/cmake_prefix_path.dsv'
[1.004s] INFO:colcon.colcon_core.shell:Creating environment hook '/home/dai/ros2_study/ws01_plumbing/install/base_interfaces_demo/share/base_interfaces_demo/hook/cmake_prefix_path.sh'
[1.025s] Level 1:colcon.colcon_core.environment:checking '/home/dai/ros2_study/ws01_plumbing/install/base_interfaces_demo/bin'
[1.026s] Level 1:colcon.colcon_core.environment:checking '/home/dai/ros2_study/ws01_plumbing/install/base_interfaces_demo/lib/pkgconfig/base_interfaces_demo.pc'
[1.026s] Level 1:colcon.colcon_core.environment:checking '/home/dai/ros2_study/ws01_plumbing/install/base_interfaces_demo/lib/python3.10/site-packages'
[1.027s] Level 1:colcon.colcon_core.environment:checking '/home/dai/ros2_study/ws01_plumbing/install/base_interfaces_demo/bin'
[1.028s] INFO:colcon.colcon_core.shell:Creating package script '/home/dai/ros2_study/ws01_plumbing/install/base_interfaces_demo/share/base_interfaces_demo/package.ps1'
[1.034s] INFO:colcon.colcon_core.shell:Creating package descriptor '/home/dai/ros2_study/ws01_plumbing/install/base_interfaces_demo/share/base_interfaces_demo/package.dsv'
[1.035s] INFO:colcon.colcon_core.shell:Creating package script '/home/dai/ros2_study/ws01_plumbing/install/base_interfaces_demo/share/base_interfaces_demo/package.sh'
[1.039s] INFO:colcon.colcon_core.shell:Creating package script '/home/dai/ros2_study/ws01_plumbing/install/base_interfaces_demo/share/base_interfaces_demo/package.bash'
[1.043s] INFO:colcon.colcon_core.shell:Creating package script '/home/dai/ros2_study/ws01_plumbing/install/base_interfaces_demo/share/base_interfaces_demo/package.zsh'
[1.045s] Level 1:colcon.colcon_core.environment:create_file_with_runtime_dependencies(/home/dai/ros2_study/ws01_plumbing/install/base_interfaces_demo/share/colcon-core/packages/base_interfaces_demo)
[1.111s] Level 1:colcon.colcon_core.environment:create_environment_scripts_only(base_interfaces_demo)
[1.112s] Level 1:colcon.colcon_core.environment:checking '/home/dai/ros2_study/ws01_plumbing/install/base_interfaces_demo' for CMake module files
[1.112s] Level 1:colcon.colcon_core.environment:checking '/home/dai/ros2_study/ws01_plumbing/install/base_interfaces_demo' for CMake config files
[1.113s] Level 1:colcon.colcon_core.shell:create_environment_hook('base_interfaces_demo', 'cmake_prefix_path')
[1.113s] INFO:colcon.colcon_core.shell:Creating environment hook '/home/dai/ros2_study/ws01_plumbing/install/base_interfaces_demo/share/base_interfaces_demo/hook/cmake_prefix_path.ps1'
[1.115s] INFO:colcon.colcon_core.shell:Creating environment descriptor '/home/dai/ros2_study/ws01_plumbing/install/base_interfaces_demo/share/base_interfaces_demo/hook/cmake_prefix_path.dsv'
[1.116s] INFO:colcon.colcon_core.shell:Creating environment hook '/home/dai/ros2_study/ws01_plumbing/install/base_interfaces_demo/share/base_interfaces_demo/hook/cmake_prefix_path.sh'
[1.117s] Level 1:colcon.colcon_core.environment:checking '/home/dai/ros2_study/ws01_plumbing/install/base_interfaces_demo/bin'
[1.117s] Level 1:colcon.colcon_core.environment:checking '/home/dai/ros2_study/ws01_plumbing/install/base_interfaces_demo/lib/pkgconfig/base_interfaces_demo.pc'
[1.118s] Level 1:colcon.colcon_core.environment:checking '/home/dai/ros2_study/ws01_plumbing/install/base_interfaces_demo/lib/python3.10/site-packages'
[1.118s] Level 1:colcon.colcon_core.environment:checking '/home/dai/ros2_study/ws01_plumbing/install/base_interfaces_demo/bin'
[1.118s] INFO:colcon.colcon_core.shell:Creating package script '/home/dai/ros2_study/ws01_plumbing/install/base_interfaces_demo/share/base_interfaces_demo/package.ps1'
[1.119s] INFO:colcon.colcon_core.shell:Creating package descriptor '/home/dai/ros2_study/ws01_plumbing/install/base_interfaces_demo/share/base_interfaces_demo/package.dsv'
[1.120s] INFO:colcon.colcon_core.shell:Creating package script '/home/dai/ros2_study/ws01_plumbing/install/base_interfaces_demo/share/base_interfaces_demo/package.sh'
[1.120s] INFO:colcon.colcon_core.shell:Creating package script '/home/dai/ros2_study/ws01_plumbing/install/base_interfaces_demo/share/base_interfaces_demo/package.bash'
[1.121s] INFO:colcon.colcon_core.shell:Creating package script '/home/dai/ros2_study/ws01_plumbing/install/base_interfaces_demo/share/base_interfaces_demo/package.zsh'
[1.122s] Level 1:colcon.colcon_core.environment:create_file_with_runtime_dependencies(/home/dai/ros2_study/ws01_plumbing/install/base_interfaces_demo/share/colcon-core/packages/base_interfaces_demo)
[1.123s] INFO:colcon.colcon_ros.task.ament_cmake.build:Building ROS package in '/home/dai/ros2_study/ws01_plumbing/src/cpp01_topic' with build type 'ament_cmake'
[1.123s] INFO:colcon.colcon_cmake.task.cmake.build:Building CMake package in '/home/dai/ros2_study/ws01_plumbing/src/cpp01_topic'
[1.125s] INFO:colcon.colcon_core.shell:Skip shell extension 'powershell' for command environment: Not usable outside of PowerShell
[1.125s] DEBUG:colcon.colcon_core.shell:Skip shell extension 'dsv' for command environment
[1.134s] INFO:colcon.colcon_ros.task.ament_python.build:Building ROS package in '/home/dai/ros2_study/ws01_plumbing/src/py01_topic' with build type 'ament_python'
[1.135s] Level 1:colcon.colcon_core.shell:create_environment_hook('py01_topic', 'ament_prefix_path')
[1.135s] INFO:colcon.colcon_core.shell:Creating environment hook '/home/dai/ros2_study/ws01_plumbing/install/py01_topic/share/py01_topic/hook/ament_prefix_path.ps1'
[1.136s] INFO:colcon.colcon_core.shell:Creating environment descriptor '/home/dai/ros2_study/ws01_plumbing/install/py01_topic/share/py01_topic/hook/ament_prefix_path.dsv'
[1.137s] INFO:colcon.colcon_core.shell:Creating environment hook '/home/dai/ros2_study/ws01_plumbing/install/py01_topic/share/py01_topic/hook/ament_prefix_path.sh'
[1.140s] INFO:colcon.colcon_core.shell:Skip shell extension 'powershell' for command environment: Not usable outside of PowerShell
[1.140s] DEBUG:colcon.colcon_core.shell:Skip shell extension 'dsv' for command environment
[1.174s] DEBUG:colcon.colcon_core.event_handler.log_command:Invoking command in '/home/dai/ros2_study/ws01_plumbing/build/cpp01_topic': CMAKE_PREFIX_PATH=/home/dai/ros2_study/ws01_plumbing/install/base_interfaces_demo:/home/dai/ros2_study/ws01_plumbing/install/cpp01_topic:/home/dai/robotStudy_ws/install/pkg01_helloWorld_cpp:/home/dai/ros2_study/ws01_plumbing/install/py01_topic:/home/dai/robotStudy_ws/install/pkg01_helloWorld_python:/opt/ros/humble /usr/bin/cmake --build /home/dai/ros2_study/ws01_plumbing/build/cpp01_topic -- -j4 -l4
[1.583s] INFO:colcon.colcon_core.task.python.build:Building Python package in '/home/dai/ros2_study/ws01_plumbing/src/py01_topic'
[1.583s] INFO:colcon.colcon_core.shell:Skip shell extension 'powershell' for command environment: Not usable outside of PowerShell
[1.583s] DEBUG:colcon.colcon_core.shell:Skip shell extension 'dsv' for command environment
[2.197s] DEBUG:colcon.colcon_core.event_handler.log_command:Invoking command in '/home/dai/ros2_study/ws01_plumbing/src/py01_topic': CMAKE_PREFIX_PATH=/home/dai/ros2_study/ws01_plumbing/install/base_interfaces_demo:/home/dai/ros2_study/ws01_plumbing/install/cpp01_topic:/home/dai/robotStudy_ws/install/pkg01_helloWorld_cpp PYTHONPATH=/home/dai/ros2_study/ws01_plumbing/build/py01_topic/prefix_override:/usr/lib/python3/dist-packages/colcon_core/task/python/colcon_distutils_commands:/home/dai/ros2_study/ws01_plumbing/install/py01_topic/lib/python3.10/site-packages:${PYTHONPATH} /usr/bin/python3 -W ignore:setup.py install is deprecated setup.py egg_info --egg-base ../../build/py01_topic build --build-base /home/dai/ros2_study/ws01_plumbing/build/py01_topic/build install --record /home/dai/ros2_study/ws01_plumbing/build/py01_topic/install.log --single-version-externally-managed install_data
[2.755s] Level 1:colcon.colcon_core.environment:checking '/home/dai/ros2_study/ws01_plumbing/install/py01_topic' for CMake module files
[2.756s] Level 1:colcon.colcon_core.environment:checking '/home/dai/ros2_study/ws01_plumbing/install/py01_topic' for CMake config files
[2.756s] Level 1:colcon.colcon_core.environment:checking '/home/dai/ros2_study/ws01_plumbing/install/py01_topic/lib'
[2.757s] Level 1:colcon.colcon_core.environment:checking '/home/dai/ros2_study/ws01_plumbing/install/py01_topic/bin'
[2.757s] Level 1:colcon.colcon_core.environment:checking '/home/dai/ros2_study/ws01_plumbing/install/py01_topic/lib/pkgconfig/py01_topic.pc'
[2.757s] Level 1:colcon.colcon_core.environment:checking '/home/dai/ros2_study/ws01_plumbing/install/py01_topic/lib/python3.10/site-packages'
[2.757s] Level 1:colcon.colcon_core.shell:create_environment_hook('py01_topic', 'pythonpath')
[2.757s] INFO:colcon.colcon_core.shell:Creating environment hook '/home/dai/ros2_study/ws01_plumbing/install/py01_topic/share/py01_topic/hook/pythonpath.ps1'
[2.758s] INFO:colcon.colcon_core.shell:Creating environment descriptor '/home/dai/ros2_study/ws01_plumbing/install/py01_topic/share/py01_topic/hook/pythonpath.dsv'
[2.759s] INFO:colcon.colcon_core.shell:Creating environment hook '/home/dai/ros2_study/ws01_plumbing/install/py01_topic/share/py01_topic/hook/pythonpath.sh'
[2.760s] Level 1:colcon.colcon_core.environment:checking '/home/dai/ros2_study/ws01_plumbing/install/py01_topic/bin'
[2.760s] Level 1:colcon.colcon_core.environment:create_environment_scripts_only(py01_topic)
[2.760s] INFO:colcon.colcon_core.shell:Creating package script '/home/dai/ros2_study/ws01_plumbing/install/py01_topic/share/py01_topic/package.ps1'
[2.761s] INFO:colcon.colcon_core.shell:Creating package descriptor '/home/dai/ros2_study/ws01_plumbing/install/py01_topic/share/py01_topic/package.dsv'
[2.762s] INFO:colcon.colcon_core.shell:Creating package script '/home/dai/ros2_study/ws01_plumbing/install/py01_topic/share/py01_topic/package.sh'
[2.764s] INFO:colcon.colcon_core.shell:Creating package script '/home/dai/ros2_study/ws01_plumbing/install/py01_topic/share/py01_topic/package.bash'
[2.765s] DEBUG:colcon.colcon_core.event_handler.log_command:Invoked command in '/home/dai/ros2_study/ws01_plumbing/src/py01_topic' returned '0': CMAKE_PREFIX_PATH=/home/dai/ros2_study/ws01_plumbing/install/base_interfaces_demo:/home/dai/ros2_study/ws01_plumbing/install/cpp01_topic:/home/dai/robotStudy_ws/install/pkg01_helloWorld_cpp PYTHONPATH=/home/dai/ros2_study/ws01_plumbing/build/py01_topic/prefix_override:/usr/lib/python3/dist-packages/colcon_core/task/python/colcon_distutils_commands:/home/dai/ros2_study/ws01_plumbing/install/py01_topic/lib/python3.10/site-packages:${PYTHONPATH} /usr/bin/python3 -W ignore:setup.py install is deprecated setup.py egg_info --egg-base ../../build/py01_topic build --build-base /home/dai/ros2_study/ws01_plumbing/build/py01_topic/build install --record /home/dai/ros2_study/ws01_plumbing/build/py01_topic/install.log --single-version-externally-managed install_data
[2.766s] INFO:colcon.colcon_core.shell:Creating package script '/home/dai/ros2_study/ws01_plumbing/install/py01_topic/share/py01_topic/package.zsh'
[2.767s] Level 1:colcon.colcon_core.environment:create_file_with_runtime_dependencies(/home/dai/ros2_study/ws01_plumbing/install/py01_topic/share/colcon-core/packages/py01_topic)
[3.123s] DEBUG:colcon.colcon_core.event_handler.log_command:Invoked command in '/home/dai/ros2_study/ws01_plumbing/build/cpp01_topic' returned '0': CMAKE_PREFIX_PATH=/home/dai/ros2_study/ws01_plumbing/install/base_interfaces_demo:/home/dai/ros2_study/ws01_plumbing/install/cpp01_topic:/home/dai/robotStudy_ws/install/pkg01_helloWorld_cpp:/home/dai/ros2_study/ws01_plumbing/install/py01_topic:/home/dai/robotStudy_ws/install/pkg01_helloWorld_python:/opt/ros/humble /usr/bin/cmake --build /home/dai/ros2_study/ws01_plumbing/build/cpp01_topic -- -j4 -l4
[3.184s] DEBUG:colcon.colcon_core.event_handler.log_command:Invoking command in '/home/dai/ros2_study/ws01_plumbing/build/cpp01_topic': CMAKE_PREFIX_PATH=/home/dai/ros2_study/ws01_plumbing/install/base_interfaces_demo:/home/dai/ros2_study/ws01_plumbing/install/cpp01_topic:/home/dai/robotStudy_ws/install/pkg01_helloWorld_cpp:/home/dai/ros2_study/ws01_plumbing/install/py01_topic:/home/dai/robotStudy_ws/install/pkg01_helloWorld_python:/opt/ros/humble /usr/bin/cmake --install /home/dai/ros2_study/ws01_plumbing/build/cpp01_topic
[3.202s] Level 1:colcon.colcon_core.environment:create_environment_scripts_only(cpp01_topic)
[3.204s] Level 1:colcon.colcon_core.environment:checking '/home/dai/ros2_study/ws01_plumbing/install/cpp01_topic' for CMake module files
[3.206s] Level 1:colcon.colcon_core.environment:checking '/home/dai/ros2_study/ws01_plumbing/install/cpp01_topic' for CMake config files
[3.207s] Level 1:colcon.colcon_core.shell:create_environment_hook('cpp01_topic', 'cmake_prefix_path')
[3.207s] INFO:colcon.colcon_core.shell:Creating environment hook '/home/dai/ros2_study/ws01_plumbing/install/cpp01_topic/share/cpp01_topic/hook/cmake_prefix_path.ps1'
[3.208s] INFO:colcon.colcon_core.shell:Creating environment descriptor '/home/dai/ros2_study/ws01_plumbing/install/cpp01_topic/share/cpp01_topic/hook/cmake_prefix_path.dsv'
[3.209s] INFO:colcon.colcon_core.shell:Creating environment hook '/home/dai/ros2_study/ws01_plumbing/install/cpp01_topic/share/cpp01_topic/hook/cmake_prefix_path.sh'
[3.210s] Level 1:colcon.colcon_core.environment:checking '/home/dai/ros2_study/ws01_plumbing/install/cpp01_topic/lib'
[3.210s] Level 1:colcon.colcon_core.environment:checking '/home/dai/ros2_study/ws01_plumbing/install/cpp01_topic/bin'
[3.211s] Level 1:colcon.colcon_core.environment:checking '/home/dai/ros2_study/ws01_plumbing/install/cpp01_topic/lib/pkgconfig/cpp01_topic.pc'
[3.211s] Level 1:colcon.colcon_core.environment:checking '/home/dai/ros2_study/ws01_plumbing/install/cpp01_topic/lib/python3.10/site-packages'
[3.211s] Level 1:colcon.colcon_core.environment:checking '/home/dai/ros2_study/ws01_plumbing/install/cpp01_topic/bin'
[3.212s] INFO:colcon.colcon_core.shell:Creating package script '/home/dai/ros2_study/ws01_plumbing/install/cpp01_topic/share/cpp01_topic/package.ps1'
[3.213s] INFO:colcon.colcon_core.shell:Creating package descriptor '/home/dai/ros2_study/ws01_plumbing/install/cpp01_topic/share/cpp01_topic/package.dsv'
[3.214s] INFO:colcon.colcon_core.shell:Creating package script '/home/dai/ros2_study/ws01_plumbing/install/cpp01_topic/share/cpp01_topic/package.sh'
[3.215s] INFO:colcon.colcon_core.shell:Creating package script '/home/dai/ros2_study/ws01_plumbing/install/cpp01_topic/share/cpp01_topic/package.bash'
[3.216s] INFO:colcon.colcon_core.shell:Creating package script '/home/dai/ros2_study/ws01_plumbing/install/cpp01_topic/share/cpp01_topic/package.zsh'
[3.217s] Level 1:colcon.colcon_core.environment:create_file_with_runtime_dependencies(/home/dai/ros2_study/ws01_plumbing/install/cpp01_topic/share/colcon-core/packages/cpp01_topic)
[3.221s] DEBUG:colcon.colcon_core.event_handler.log_command:Invoked command in '/home/dai/ros2_study/ws01_plumbing/build/cpp01_topic' returned '0': CMAKE_PREFIX_PATH=/home/dai/ros2_study/ws01_plumbing/install/base_interfaces_demo:/home/dai/ros2_study/ws01_plumbing/install/cpp01_topic:/home/dai/robotStudy_ws/install/pkg01_helloWorld_cpp:/home/dai/ros2_study/ws01_plumbing/install/py01_topic:/home/dai/robotStudy_ws/install/pkg01_helloWorld_python:/opt/ros/humble /usr/bin/cmake --install /home/dai/ros2_study/ws01_plumbing/build/cpp01_topic
[3.290s] Level 1:colcon.colcon_core.environment:create_environment_scripts_only(cpp01_topic)
[3.290s] Level 1:colcon.colcon_core.environment:checking '/home/dai/ros2_study/ws01_plumbing/install/cpp01_topic' for CMake module files
[3.291s] Level 1:colcon.colcon_core.environment:checking '/home/dai/ros2_study/ws01_plumbing/install/cpp01_topic' for CMake config files
[3.291s] Level 1:colcon.colcon_core.shell:create_environment_hook('cpp01_topic', 'cmake_prefix_path')
[3.291s] INFO:colcon.colcon_core.shell:Creating environment hook '/home/dai/ros2_study/ws01_plumbing/install/cpp01_topic/share/cpp01_topic/hook/cmake_prefix_path.ps1'
[3.292s] INFO:colcon.colcon_core.shell:Creating environment descriptor '/home/dai/ros2_study/ws01_plumbing/install/cpp01_topic/share/cpp01_topic/hook/cmake_prefix_path.dsv'
[3.293s] INFO:colcon.colcon_core.shell:Creating environment hook '/home/dai/ros2_study/ws01_plumbing/install/cpp01_topic/share/cpp01_topic/hook/cmake_prefix_path.sh'
[3.294s] Level 1:colcon.colcon_core.environment:checking '/home/dai/ros2_study/ws01_plumbing/install/cpp01_topic/lib'
[3.294s] Level 1:colcon.colcon_core.environment:checking '/home/dai/ros2_study/ws01_plumbing/install/cpp01_topic/bin'
[3.294s] Level 1:colcon.colcon_core.environment:checking '/home/dai/ros2_study/ws01_plumbing/install/cpp01_topic/lib/pkgconfig/cpp01_topic.pc'
[3.295s] Level 1:colcon.colcon_core.environment:checking '/home/dai/ros2_study/ws01_plumbing/install/cpp01_topic/lib/python3.10/site-packages'
[3.296s] Level 1:colcon.colcon_core.environment:checking '/home/dai/ros2_study/ws01_plumbing/install/cpp01_topic/bin'
[3.297s] INFO:colcon.colcon_core.shell:Creating package script '/home/dai/ros2_study/ws01_plumbing/install/cpp01_topic/share/cpp01_topic/package.ps1'
[3.297s] INFO:colcon.colcon_core.shell:Creating package descriptor '/home/dai/ros2_study/ws01_plumbing/install/cpp01_topic/share/cpp01_topic/package.dsv'
[3.298s] INFO:colcon.colcon_core.shell:Creating package script '/home/dai/ros2_study/ws01_plumbing/install/cpp01_topic/share/cpp01_topic/package.sh'
[3.299s] INFO:colcon.colcon_core.shell:Creating package script '/home/dai/ros2_study/ws01_plumbing/install/cpp01_topic/share/cpp01_topic/package.bash'
[3.299s] INFO:colcon.colcon_core.shell:Creating package script '/home/dai/ros2_study/ws01_plumbing/install/cpp01_topic/share/cpp01_topic/package.zsh'
[3.300s] Level 1:colcon.colcon_core.environment:create_file_with_runtime_dependencies(/home/dai/ros2_study/ws01_plumbing/install/cpp01_topic/share/colcon-core/packages/cpp01_topic)
[3.301s] DEBUG:colcon.colcon_parallel_executor.executor.parallel:closing loop
[3.301s] DEBUG:colcon.colcon_parallel_executor.executor.parallel:loop closed
[3.302s] DEBUG:colcon.colcon_parallel_executor.executor.parallel:run_until_complete finished with '0'
[3.302s] DEBUG:colcon.colcon_core.event_reactor:joining thread
[3.317s] INFO:colcon.colcon_core.plugin_system:Skipping extension 'colcon_notification.desktop_notification.terminal_notifier': Not used on non-Darwin systems
[3.317s] INFO:colcon.colcon_core.plugin_system:Skipping extension 'colcon_notification.desktop_notification.win32': Not used on non-Windows systems
[3.317s] INFO:colcon.colcon_notification.desktop_notification:Sending desktop notification using 'notify2'
[3.388s] DEBUG:colcon.colcon_core.event_reactor:joined thread
[3.389s] INFO:colcon.colcon_core.shell:Creating prefix script '/home/dai/ros2_study/ws01_plumbing/install/local_setup.ps1'
[3.390s] INFO:colcon.colcon_core.shell:Creating prefix util module '/home/dai/ros2_study/ws01_plumbing/install/_local_setup_util_ps1.py'
[3.392s] INFO:colcon.colcon_core.shell:Creating prefix chain script '/home/dai/ros2_study/ws01_plumbing/install/setup.ps1'
[3.394s] INFO:colcon.colcon_core.shell:Creating prefix script '/home/dai/ros2_study/ws01_plumbing/install/local_setup.sh'
[3.396s] INFO:colcon.colcon_core.shell:Creating prefix util module '/home/dai/ros2_study/ws01_plumbing/install/_local_setup_util_sh.py'
[3.397s] INFO:colcon.colcon_core.shell:Creating prefix chain script '/home/dai/ros2_study/ws01_plumbing/install/setup.sh'
[3.399s] INFO:colcon.colcon_core.shell:Creating prefix script '/home/dai/ros2_study/ws01_plumbing/install/local_setup.bash'
[3.400s] INFO:colcon.colcon_core.shell:Creating prefix chain script '/home/dai/ros2_study/ws01_plumbing/install/setup.bash'
[3.402s] INFO:colcon.colcon_core.shell:Creating prefix script '/home/dai/ros2_study/ws01_plumbing/install/local_setup.zsh'
[3.405s] INFO:colcon.colcon_core.shell:Creating prefix chain script '/home/dai/ros2_study/ws01_plumbing/install/setup.zsh'
