[0.125s] Invoking command in '/home/dai/ros2_study/ws01_plumbing/build/cpp01_topic': CMAKE_PREFIX_PATH=/home/dai/ros2_study/ws01_plumbing/install/base_interfaces_demo:/home/dai/ros2_study/ws01_plumbing/install/cpp01_topic:/home/dai/robotStudy_ws/install/pkg01_helloWorld_cpp:/home/dai/ros2_study/ws01_plumbing/install/py01_topic:/home/dai/robotStudy_ws/install/pkg01_helloWorld_python:/opt/ros/humble /usr/bin/cmake --build /home/dai/ros2_study/ws01_plumbing/build/cpp01_topic -- -j4 -l4
[0.481s] [ 25%] Built target demo01_talker_str
[0.548s] [35m[1mConsolidate compiler generated dependencies of target demo04_listener_stu[0m
[0.634s] [ 37%] [32mBuilding CXX object CMakeFiles/demo04_listener_stu.dir/src/demo04_listener_stu.cpp.o[0m
[35.325s] [ 50%] [32m[1mLinking CXX executable demo04_listener_stu[0m
[37.242s] [ 50%] Built target demo04_listener_stu
[37.612s] [ 62%] [32mBuilding CXX object CMakeFiles/demo03_talker_stu.dir/src/demo03_talker_stu.cpp.o[0m
[52.348s] [ 75%] [32m[1mLinking CXX executable demo03_talker_stu[0m
[53.079s] [ 75%] Built target demo03_talker_stu
[53.275s] [100%] Built target demo02_listener_str
[53.348s] Invoked command in '/home/dai/ros2_study/ws01_plumbing/build/cpp01_topic' returned '0': CMAKE_PREFIX_PATH=/home/dai/ros2_study/ws01_plumbing/install/base_interfaces_demo:/home/dai/ros2_study/ws01_plumbing/install/cpp01_topic:/home/dai/robotStudy_ws/install/pkg01_helloWorld_cpp:/home/dai/ros2_study/ws01_plumbing/install/py01_topic:/home/dai/robotStudy_ws/install/pkg01_helloWorld_python:/opt/ros/humble /usr/bin/cmake --build /home/dai/ros2_study/ws01_plumbing/build/cpp01_topic -- -j4 -l4
[53.882s] Invoking command in '/home/dai/ros2_study/ws01_plumbing/build/cpp01_topic': CMAKE_PREFIX_PATH=/home/dai/ros2_study/ws01_plumbing/install/base_interfaces_demo:/home/dai/ros2_study/ws01_plumbing/install/cpp01_topic:/home/dai/robotStudy_ws/install/pkg01_helloWorld_cpp:/home/dai/ros2_study/ws01_plumbing/install/py01_topic:/home/dai/robotStudy_ws/install/pkg01_helloWorld_python:/opt/ros/humble /usr/bin/cmake --install /home/dai/ros2_study/ws01_plumbing/build/cpp01_topic
[53.929s] -- Install configuration: ""
[53.930s] -- Up-to-date: /home/dai/ros2_study/ws01_plumbing/install/cpp01_topic/lib/cpp01_topic/demo01_talker_str
[53.930s] -- Up-to-date: /home/dai/ros2_study/ws01_plumbing/install/cpp01_topic/lib/cpp01_topic/demo02_listener_str
[53.930s] -- Installing: /home/dai/ros2_study/ws01_plumbing/install/cpp01_topic/lib/cpp01_topic/demo03_talker_stu
[53.930s] -- Set runtime path of "/home/dai/ros2_study/ws01_plumbing/install/cpp01_topic/lib/cpp01_topic/demo03_talker_stu" to ""
[53.930s] -- Installing: /home/dai/ros2_study/ws01_plumbing/install/cpp01_topic/lib/cpp01_topic/demo04_listener_stu
[53.937s] -- Set runtime path of "/home/dai/ros2_study/ws01_plumbing/install/cpp01_topic/lib/cpp01_topic/demo04_listener_stu" to ""
[53.937s] -- Up-to-date: /home/dai/ros2_study/ws01_plumbing/install/cpp01_topic/share/ament_index/resource_index/package_run_dependencies/cpp01_topic
[53.937s] -- Up-to-date: /home/dai/ros2_study/ws01_plumbing/install/cpp01_topic/share/ament_index/resource_index/parent_prefix_path/cpp01_topic
[53.976s] -- Up-to-date: /home/dai/ros2_study/ws01_plumbing/install/cpp01_topic/share/cpp01_topic/environment/ament_prefix_path.sh
[53.976s] -- Up-to-date: /home/dai/ros2_study/ws01_plumbing/install/cpp01_topic/share/cpp01_topic/environment/ament_prefix_path.dsv
[53.976s] -- Up-to-date: /home/dai/ros2_study/ws01_plumbing/install/cpp01_topic/share/cpp01_topic/environment/path.sh
[53.976s] -- Up-to-date: /home/dai/ros2_study/ws01_plumbing/install/cpp01_topic/share/cpp01_topic/environment/path.dsv
[53.977s] -- Up-to-date: /home/dai/ros2_study/ws01_plumbing/install/cpp01_topic/share/cpp01_topic/local_setup.bash
[53.977s] -- Up-to-date: /home/dai/ros2_study/ws01_plumbing/install/cpp01_topic/share/cpp01_topic/local_setup.sh
[53.977s] -- Up-to-date: /home/dai/ros2_study/ws01_plumbing/install/cpp01_topic/share/cpp01_topic/local_setup.zsh
[53.977s] -- Up-to-date: /home/dai/ros2_study/ws01_plumbing/install/cpp01_topic/share/cpp01_topic/local_setup.dsv
[53.977s] -- Installing: /home/dai/ros2_study/ws01_plumbing/install/cpp01_topic/share/cpp01_topic/package.dsv
[53.977s] -- Up-to-date: /home/dai/ros2_study/ws01_plumbing/install/cpp01_topic/share/ament_index/resource_index/packages/cpp01_topic
[53.977s] -- Up-to-date: /home/dai/ros2_study/ws01_plumbing/install/cpp01_topic/share/cpp01_topic/cmake/cpp01_topicConfig.cmake
[53.977s] -- Up-to-date: /home/dai/ros2_study/ws01_plumbing/install/cpp01_topic/share/cpp01_topic/cmake/cpp01_topicConfig-version.cmake
[53.977s] -- Up-to-date: /home/dai/ros2_study/ws01_plumbing/install/cpp01_topic/share/cpp01_topic/package.xml
[54.043s] Invoked command in '/home/dai/ros2_study/ws01_plumbing/build/cpp01_topic' returned '0': CMAKE_PREFIX_PATH=/home/dai/ros2_study/ws01_plumbing/install/base_interfaces_demo:/home/dai/ros2_study/ws01_plumbing/install/cpp01_topic:/home/dai/robotStudy_ws/install/pkg01_helloWorld_cpp:/home/dai/ros2_study/ws01_plumbing/install/py01_topic:/home/dai/robotStudy_ws/install/pkg01_helloWorld_python:/opt/ros/humble /usr/bin/cmake --install /home/dai/ros2_study/ws01_plumbing/build/cpp01_topic
