[0.133s] Invoking command in '/home/dai/ros2_study/ws01_plumbing/build/cpp02_service': AMENT_PREFIX_PATH=/home/dai/ros2_study/ws01_plumbing/install/base_interfaces_demo:${AMENT_PREFIX_PATH} CMAKE_PREFIX_PATH=/home/dai/ros2_study/ws01_plumbing/install/base_interfaces_demo:/home/dai/robotStudy_ws/install/pkg01_helloWorld_cpp:/home/dai/robotStudy_ws/install/pkg01_helloWorld_python:/opt/ros/humble LD_LIBRARY_PATH=/home/dai/ros2_study/ws01_plumbing/install/base_interfaces_demo/lib:${LD_LIBRARY_PATH} PYTHONPATH=/home/dai/ros2_study/ws01_plumbing/install/base_interfaces_demo/local/lib/python3.10/dist-packages:${PYTHONPATH} /usr/bin/cmake /home/dai/ros2_study/ws01_plumbing/src/cpp02_service -DCMAKE_INSTALL_PREFIX=/home/dai/ros2_study/ws01_plumbing/install/cpp02_service
[2.096s] -- The C compiler identification is GNU 11.4.0
[2.830s] -- The CXX compiler identification is GNU 11.4.0
[2.951s] -- Detecting C compiler ABI info
[3.272s] -- Detecting C compiler ABI info - done
[3.281s] -- Check for working C compiler: /usr/bin/cc - skipped
[3.288s] -- Detecting C compile features
[3.365s] -- Detecting C compile features - done
[3.390s] -- Detecting CXX compiler ABI info
[3.588s] -- Detecting CXX compiler ABI info - done
[3.598s] -- Check for working CXX compiler: /usr/bin/c++ - skipped
[3.599s] -- Detecting CXX compile features
[3.599s] -- Detecting CXX compile features - done
[3.686s] -- Found ament_cmake: 1.3.9 (/opt/ros/humble/share/ament_cmake/cmake)
[4.042s] -- Found Python3: /usr/bin/python3 (found version "3.10.12") found components: Interpreter 
[4.369s] -- Found rclcpp: 16.0.9 (/opt/ros/humble/share/rclcpp/cmake)
[4.683s] -- Found rosidl_generator_c: 3.1.5 (/opt/ros/humble/share/rosidl_generator_c/cmake)
[4.720s] -- Found rosidl_adapter: 3.1.5 (/opt/ros/humble/share/rosidl_adapter/cmake)
[4.754s] -- Found rosidl_generator_cpp: 3.1.5 (/opt/ros/humble/share/rosidl_generator_cpp/cmake)
[4.825s] -- Using all available rosidl_typesupport_c: rosidl_typesupport_fastrtps_c;rosidl_typesupport_introspection_c
[4.878s] -- Using all available rosidl_typesupport_cpp: rosidl_typesupport_fastrtps_cpp;rosidl_typesupport_introspection_cpp
[5.118s] -- Found rmw_implementation_cmake: 6.1.2 (/opt/ros/humble/share/rmw_implementation_cmake/cmake)
[5.127s] -- Found rmw_fastrtps_cpp: 6.2.6 (/opt/ros/humble/share/rmw_fastrtps_cpp/cmake)
[5.559s] -- Found OpenSSL: /usr/lib/x86_64-linux-gnu/libcrypto.so (found version "3.0.2")  
[5.617s] -- Found FastRTPS: /opt/ros/humble/include  
[5.694s] -- Using RMW implementation 'rmw_fastrtps_cpp' as default
[5.764s] -- Looking for pthread.h
[5.966s] -- Looking for pthread.h - found
[5.966s] -- Performing Test CMAKE_HAVE_LIBC_PTHREAD
[6.117s] -- Performing Test CMAKE_HAVE_LIBC_PTHREAD - Success
[6.118s] -- Found Threads: TRUE  
[6.574s] -- Found base_interfaces_demo: 0.0.0 (/home/dai/ros2_study/ws01_plumbing/install/base_interfaces_demo/share/base_interfaces_demo/cmake)
[6.638s] -- Found ament_lint_auto: 0.12.11 (/opt/ros/humble/share/ament_lint_auto/cmake)
[6.842s] -- Added test 'cppcheck' to perform static code analysis on C / C++ code
[6.842s] -- Configured cppcheck include dirs: $<BUILD_INTERFACE:/home/dai/ros2_study/ws01_plumbing/src/cpp02_service/include>
[6.842s] -- Configured cppcheck exclude dirs and/or files: 
[6.844s] -- Added test 'lint_cmake' to check CMake code style
[6.847s] -- Added test 'uncrustify' to check C / C++ code style
[6.847s] -- Configured uncrustify additional arguments: 
[6.848s] -- Added test 'xmllint' to check XML markup files
[6.872s] -- Configuring done
[6.965s] -- Generating done
[6.965s] -- Build files have been written to: /home/dai/ros2_study/ws01_plumbing/build/cpp02_service
[6.968s] Invoked command in '/home/dai/ros2_study/ws01_plumbing/build/cpp02_service' returned '0': AMENT_PREFIX_PATH=/home/dai/ros2_study/ws01_plumbing/install/base_interfaces_demo:${AMENT_PREFIX_PATH} CMAKE_PREFIX_PATH=/home/dai/ros2_study/ws01_plumbing/install/base_interfaces_demo:/home/dai/robotStudy_ws/install/pkg01_helloWorld_cpp:/home/dai/robotStudy_ws/install/pkg01_helloWorld_python:/opt/ros/humble LD_LIBRARY_PATH=/home/dai/ros2_study/ws01_plumbing/install/base_interfaces_demo/lib:${LD_LIBRARY_PATH} PYTHONPATH=/home/dai/ros2_study/ws01_plumbing/install/base_interfaces_demo/local/lib/python3.10/dist-packages:${PYTHONPATH} /usr/bin/cmake /home/dai/ros2_study/ws01_plumbing/src/cpp02_service -DCMAKE_INSTALL_PREFIX=/home/dai/ros2_study/ws01_plumbing/install/cpp02_service
[6.970s] Invoking command in '/home/dai/ros2_study/ws01_plumbing/build/cpp02_service': AMENT_PREFIX_PATH=/home/dai/ros2_study/ws01_plumbing/install/base_interfaces_demo:${AMENT_PREFIX_PATH} CMAKE_PREFIX_PATH=/home/dai/ros2_study/ws01_plumbing/install/base_interfaces_demo:/home/dai/robotStudy_ws/install/pkg01_helloWorld_cpp:/home/dai/robotStudy_ws/install/pkg01_helloWorld_python:/opt/ros/humble LD_LIBRARY_PATH=/home/dai/ros2_study/ws01_plumbing/install/base_interfaces_demo/lib:${LD_LIBRARY_PATH} PYTHONPATH=/home/dai/ros2_study/ws01_plumbing/install/base_interfaces_demo/local/lib/python3.10/dist-packages:${PYTHONPATH} /usr/bin/cmake --build /home/dai/ros2_study/ws01_plumbing/build/cpp02_service -- -j4 -l4
[7.057s] [ 50%] [32mBuilding CXX object CMakeFiles/demo01_server.dir/src/demo01_server.cpp.o[0m
[7.247s] [100%] [32m[1mLinking CXX executable demo01_server[0m
[7.558s] [100%] Built target demo01_server
[7.576s] Invoked command in '/home/dai/ros2_study/ws01_plumbing/build/cpp02_service' returned '0': AMENT_PREFIX_PATH=/home/dai/ros2_study/ws01_plumbing/install/base_interfaces_demo:${AMENT_PREFIX_PATH} CMAKE_PREFIX_PATH=/home/dai/ros2_study/ws01_plumbing/install/base_interfaces_demo:/home/dai/robotStudy_ws/install/pkg01_helloWorld_cpp:/home/dai/robotStudy_ws/install/pkg01_helloWorld_python:/opt/ros/humble LD_LIBRARY_PATH=/home/dai/ros2_study/ws01_plumbing/install/base_interfaces_demo/lib:${LD_LIBRARY_PATH} PYTHONPATH=/home/dai/ros2_study/ws01_plumbing/install/base_interfaces_demo/local/lib/python3.10/dist-packages:${PYTHONPATH} /usr/bin/cmake --build /home/dai/ros2_study/ws01_plumbing/build/cpp02_service -- -j4 -l4
[7.663s] Invoking command in '/home/dai/ros2_study/ws01_plumbing/build/cpp02_service': AMENT_PREFIX_PATH=/home/dai/ros2_study/ws01_plumbing/install/base_interfaces_demo:${AMENT_PREFIX_PATH} CMAKE_PREFIX_PATH=/home/dai/ros2_study/ws01_plumbing/install/base_interfaces_demo:/home/dai/robotStudy_ws/install/pkg01_helloWorld_cpp:/home/dai/robotStudy_ws/install/pkg01_helloWorld_python:/opt/ros/humble LD_LIBRARY_PATH=/home/dai/ros2_study/ws01_plumbing/install/base_interfaces_demo/lib:${LD_LIBRARY_PATH} PYTHONPATH=/home/dai/ros2_study/ws01_plumbing/install/base_interfaces_demo/local/lib/python3.10/dist-packages:${PYTHONPATH} /usr/bin/cmake --install /home/dai/ros2_study/ws01_plumbing/build/cpp02_service
[7.675s] -- Install configuration: ""
[7.676s] -- Installing: /home/dai/ros2_study/ws01_plumbing/install/cpp02_service/lib/cpp02_service/demo01_server
[7.677s] -- Set runtime path of "/home/dai/ros2_study/ws01_plumbing/install/cpp02_service/lib/cpp02_service/demo01_server" to ""
[7.677s] -- Installing: /home/dai/ros2_study/ws01_plumbing/install/cpp02_service/share/ament_index/resource_index/package_run_dependencies/cpp02_service
[7.678s] -- Installing: /home/dai/ros2_study/ws01_plumbing/install/cpp02_service/share/ament_index/resource_index/parent_prefix_path/cpp02_service
[7.679s] -- Installing: /home/dai/ros2_study/ws01_plumbing/install/cpp02_service/share/cpp02_service/environment/ament_prefix_path.sh
[7.680s] -- Installing: /home/dai/ros2_study/ws01_plumbing/install/cpp02_service/share/cpp02_service/environment/ament_prefix_path.dsv
[7.680s] -- Installing: /home/dai/ros2_study/ws01_plumbing/install/cpp02_service/share/cpp02_service/environment/path.sh
[7.680s] -- Installing: /home/dai/ros2_study/ws01_plumbing/install/cpp02_service/share/cpp02_service/environment/path.dsv
[7.681s] -- Installing: /home/dai/ros2_study/ws01_plumbing/install/cpp02_service/share/cpp02_service/local_setup.bash
[7.684s] -- Installing: /home/dai/ros2_study/ws01_plumbing/install/cpp02_service/share/cpp02_service/local_setup.sh
[7.684s] -- Installing: /home/dai/ros2_study/ws01_plumbing/install/cpp02_service/share/cpp02_service/local_setup.zsh
[7.684s] -- Installing: /home/dai/ros2_study/ws01_plumbing/install/cpp02_service/share/cpp02_service/local_setup.dsv
[7.684s] -- Installing: /home/dai/ros2_study/ws01_plumbing/install/cpp02_service/share/cpp02_service/package.dsv
[7.684s] -- Installing: /home/dai/ros2_study/ws01_plumbing/install/cpp02_service/share/ament_index/resource_index/packages/cpp02_service
[7.684s] -- Installing: /home/dai/ros2_study/ws01_plumbing/install/cpp02_service/share/cpp02_service/cmake/cpp02_serviceConfig.cmake
[7.684s] -- Installing: /home/dai/ros2_study/ws01_plumbing/install/cpp02_service/share/cpp02_service/cmake/cpp02_serviceConfig-version.cmake
[7.684s] -- Installing: /home/dai/ros2_study/ws01_plumbing/install/cpp02_service/share/cpp02_service/package.xml
[7.688s] Invoked command in '/home/dai/ros2_study/ws01_plumbing/build/cpp02_service' returned '0': AMENT_PREFIX_PATH=/home/dai/ros2_study/ws01_plumbing/install/base_interfaces_demo:${AMENT_PREFIX_PATH} CMAKE_PREFIX_PATH=/home/dai/ros2_study/ws01_plumbing/install/base_interfaces_demo:/home/dai/robotStudy_ws/install/pkg01_helloWorld_cpp:/home/dai/robotStudy_ws/install/pkg01_helloWorld_python:/opt/ros/humble LD_LIBRARY_PATH=/home/dai/ros2_study/ws01_plumbing/install/base_interfaces_demo/lib:${LD_LIBRARY_PATH} PYTHONPATH=/home/dai/ros2_study/ws01_plumbing/install/base_interfaces_demo/local/lib/python3.10/dist-packages:${PYTHONPATH} /usr/bin/cmake --install /home/dai/ros2_study/ws01_plumbing/build/cpp02_service
